<?xml version="1.0" encoding="UTF-8"?>
<coverage generated="1734433800635" clover="3.2.0">
  <project timestamp="1734433800635" name="All files">
    <metrics statements="1043" coveredstatements="682" conditionals="209" coveredconditionals="48" methods="259" coveredmethods="66" elements="1511" coveredelements="796" complexity="0" loc="1043" ncloc="1043" packages="5" files="41" classes="41"/>
    <package name="src">
      <metrics statements="6" coveredstatements="5" conditionals="1" coveredconditionals="1" methods="3" coveredmethods="2"/>
      <file name="utils.ts" path="/Users/hzyaoqin/node/spark-connect-js/src/utils.ts">
        <metrics statements="6" coveredstatements="5" conditionals="1" coveredconditionals="1" methods="3" coveredmethods="2"/>
        <line num="1" count="1" type="stmt"/>
        <line num="3" count="1" type="stmt"/>
        <line num="7" count="1" type="cond" truecount="1" falsecount="0"/>
        <line num="8" count="1" type="stmt"/>
        <line num="10" count="1" type="stmt"/>
        <line num="14" count="0" type="stmt"/>
      </file>
    </package>
    <package name="src.client">
      <metrics statements="116" coveredstatements="57" conditionals="34" coveredconditionals="12" methods="39" coveredmethods="15"/>
      <file name="Client.ts" path="/Users/hzyaoqin/node/spark-connect-js/src/client/Client.ts">
        <metrics statements="43" coveredstatements="15" conditionals="9" coveredconditionals="0" methods="19" coveredmethods="5"/>
        <line num="1" count="1" type="stmt"/>
        <line num="3" count="1" type="stmt"/>
        <line num="4" count="1" type="stmt"/>
        <line num="6" count="1" type="stmt"/>
        <line num="11" count="1" type="stmt"/>
        <line num="15" count="1" type="stmt"/>
        <line num="16" count="1" type="stmt"/>
        <line num="17" count="1" type="stmt"/>
        <line num="18" count="1" type="stmt"/>
        <line num="19" count="1" type="stmt"/>
        <line num="23" count="0" type="stmt"/>
        <line num="27" count="0" type="stmt"/>
        <line num="28" count="0" type="stmt"/>
        <line num="30" count="0" type="stmt"/>
        <line num="35" count="1" type="stmt"/>
        <line num="39" count="0" type="stmt"/>
        <line num="44" count="0" type="stmt"/>
        <line num="45" count="0" type="stmt"/>
        <line num="46" count="0" type="stmt"/>
        <line num="49" count="0" type="stmt"/>
        <line num="52" count="0" type="stmt"/>
        <line num="57" count="0" type="cond" truecount="0" falsecount="2"/>
        <line num="58" count="0" type="stmt"/>
        <line num="59" count="0" type="cond" truecount="0" falsecount="1"/>
        <line num="60" count="0" type="stmt"/>
        <line num="68" count="1" type="stmt"/>
        <line num="74" count="1" type="stmt"/>
        <line num="75" count="1" type="stmt"/>
        <line num="78" count="1" type="stmt"/>
        <line num="81" count="0" type="stmt"/>
        <line num="86" count="0" type="cond" truecount="0" falsecount="2"/>
        <line num="87" count="0" type="stmt"/>
        <line num="88" count="0" type="cond" truecount="0" falsecount="1"/>
        <line num="89" count="0" type="stmt"/>
        <line num="97" count="0" type="stmt"/>
        <line num="104" count="0" type="stmt"/>
        <line num="105" count="0" type="stmt"/>
        <line num="108" count="0" type="stmt"/>
        <line num="111" count="0" type="stmt"/>
        <line num="116" count="0" type="cond" truecount="0" falsecount="2"/>
        <line num="117" count="0" type="stmt"/>
        <line num="118" count="0" type="cond" truecount="0" falsecount="1"/>
        <line num="119" count="0" type="stmt"/>
      </file>
      <file name="client_builder.ts" path="/Users/hzyaoqin/node/spark-connect-js/src/client/client_builder.ts">
        <metrics statements="73" coveredstatements="42" conditionals="25" coveredconditionals="12" methods="20" coveredmethods="10"/>
        <line num="1" count="1" type="stmt"/>
        <line num="2" count="1" type="stmt"/>
        <line num="3" count="1" type="stmt"/>
        <line num="4" count="1" type="stmt"/>
        <line num="5" count="1" type="stmt"/>
        <line num="6" count="1" type="stmt"/>
        <line num="8" count="1" type="stmt"/>
        <line num="10" count="1" type="stmt"/>
        <line num="13" count="1" type="stmt"/>
        <line num="15" count="1" type="stmt"/>
        <line num="16" count="1" type="cond" truecount="0" falsecount="1"/>
        <line num="17" count="0" type="stmt"/>
        <line num="19" count="1" type="stmt"/>
        <line num="20" count="1" type="cond" truecount="0" falsecount="1"/>
        <line num="21" count="0" type="stmt"/>
        <line num="23" count="1" type="stmt"/>
        <line num="24" count="0" type="stmt"/>
        <line num="25" count="0" type="cond" truecount="0" falsecount="7"/>
        <line num="26" count="0" type="stmt"/>
        <line num="27" count="0" type="stmt"/>
        <line num="28" count="0" type="stmt"/>
        <line num="29" count="0" type="stmt"/>
        <line num="30" count="0" type="stmt"/>
        <line num="31" count="0" type="stmt"/>
        <line num="32" count="0" type="stmt"/>
        <line num="33" count="0" type="stmt"/>
        <line num="35" count="0" type="cond" truecount="0" falsecount="1"/>
        <line num="36" count="0" type="stmt"/>
        <line num="38" count="0" type="stmt"/>
        <line num="39" count="0" type="stmt"/>
        <line num="40" count="0" type="stmt"/>
        <line num="41" count="0" type="stmt"/>
        <line num="42" count="0" type="stmt"/>
        <line num="45" count="1" type="stmt"/>
        <line num="49" count="0" type="stmt"/>
        <line num="53" count="1" type="stmt"/>
        <line num="58" count="1" type="stmt"/>
        <line num="64" count="1" type="stmt"/>
        <line num="85" count="1" type="stmt"/>
        <line num="86" count="1" type="stmt"/>
        <line num="87" count="1" type="stmt"/>
        <line num="88" count="1" type="stmt"/>
        <line num="89" count="1" type="stmt"/>
        <line num="90" count="1" type="stmt"/>
        <line num="91" count="1" type="stmt"/>
        <line num="92" count="1" type="stmt"/>
        <line num="93" count="1" type="stmt"/>
        <line num="94" count="1" type="stmt"/>
        <line num="95" count="1" type="stmt"/>
        <line num="96" count="1" type="stmt"/>
        <line num="100" count="0" type="stmt"/>
        <line num="104" count="0" type="stmt"/>
        <line num="108" count="1" type="stmt"/>
        <line num="112" count="0" type="stmt"/>
        <line num="116" count="0" type="stmt"/>
        <line num="120" count="0" type="stmt"/>
        <line num="124" count="0" type="stmt"/>
        <line num="128" count="1" type="cond" truecount="1" falsecount="0"/>
        <line num="129" count="1" type="stmt"/>
        <line num="131" count="1" type="stmt"/>
        <line num="135" count="0" type="stmt"/>
        <line num="139" count="0" type="stmt"/>
        <line num="143" count="1" type="stmt"/>
        <line num="147" count="1" type="stmt"/>
        <line num="151" count="1" type="stmt"/>
        <line num="155" count="1" type="cond" truecount="1" falsecount="1"/>
        <line num="156" count="0" type="cond" truecount="0" falsecount="2"/>
        <line num="157" count="0" type="stmt"/>
        <line num="159" count="0" type="stmt"/>
        <line num="162" count="1" type="stmt"/>
        <line num="167" count="1" type="stmt"/>
        <line num="168" count="1" type="stmt"/>
        <line num="170" count="1" type="stmt"/>
      </file>
    </package>
    <package name="src.gen.spark.connect">
      <metrics statements="417" coveredstatements="417" conditionals="32" coveredconditionals="32" methods="16" coveredmethods="16"/>
      <file name="base_pb.ts" path="/Users/hzyaoqin/node/spark-connect-js/src/gen/spark/connect/base_pb.ts">
        <metrics statements="107" coveredstatements="107" conditionals="6" coveredconditionals="6" methods="3" coveredmethods="3"/>
        <line num="22" count="1" type="stmt"/>
        <line num="24" count="1" type="stmt"/>
        <line num="26" count="1" type="stmt"/>
        <line num="28" count="1" type="stmt"/>
        <line num="30" count="1" type="stmt"/>
        <line num="32" count="1" type="stmt"/>
        <line num="34" count="1" type="stmt"/>
        <line num="40" count="1" type="stmt"/>
        <line num="74" count="1" type="stmt"/>
        <line num="109" count="1" type="stmt"/>
        <line num="244" count="1" type="stmt"/>
        <line num="263" count="1" type="stmt"/>
        <line num="291" count="1" type="stmt"/>
        <line num="299" count="1" type="cond" truecount="2" falsecount="0"/>
        <line num="303" count="1" type="stmt"/>
        <line num="310" count="1" type="stmt"/>
        <line num="321" count="1" type="stmt"/>
        <line num="328" count="1" type="stmt"/>
        <line num="335" count="1" type="stmt"/>
        <line num="342" count="1" type="stmt"/>
        <line num="348" count="1" type="stmt"/>
        <line num="374" count="1" type="stmt"/>
        <line num="393" count="1" type="stmt"/>
        <line num="412" count="1" type="stmt"/>
        <line num="431" count="1" type="stmt"/>
        <line num="444" count="1" type="stmt"/>
        <line num="463" count="1" type="stmt"/>
        <line num="491" count="1" type="stmt"/>
        <line num="510" count="1" type="stmt"/>
        <line num="536" count="1" type="stmt"/>
        <line num="562" count="1" type="stmt"/>
        <line num="581" count="1" type="stmt"/>
        <line num="693" count="1" type="stmt"/>
        <line num="710" count="1" type="stmt"/>
        <line num="727" count="1" type="stmt"/>
        <line num="744" count="1" type="stmt"/>
        <line num="761" count="1" type="stmt"/>
        <line num="778" count="1" type="stmt"/>
        <line num="797" count="1" type="stmt"/>
        <line num="814" count="1" type="stmt"/>
        <line num="831" count="1" type="stmt"/>
        <line num="848" count="1" type="stmt"/>
        <line num="865" count="1" type="stmt"/>
        <line num="878" count="1" type="stmt"/>
        <line num="891" count="1" type="stmt"/>
        <line num="910" count="1" type="stmt"/>
        <line num="999" count="1" type="stmt"/>
        <line num="1030" count="1" type="stmt"/>
        <line num="1200" count="1" type="stmt"/>
        <line num="1220" count="1" type="stmt"/>
        <line num="1255" count="1" type="stmt"/>
        <line num="1272" count="1" type="stmt"/>
        <line num="1304" count="1" type="stmt"/>
        <line num="1331" count="1" type="stmt"/>
        <line num="1363" count="1" type="stmt"/>
        <line num="1380" count="1" type="stmt"/>
        <line num="1408" count="1" type="stmt"/>
        <line num="1445" count="1" type="stmt"/>
        <line num="1473" count="1" type="stmt"/>
        <line num="1532" count="1" type="stmt"/>
        <line num="1591" count="1" type="stmt"/>
        <line num="1610" count="1" type="stmt"/>
        <line num="1629" count="1" type="stmt"/>
        <line num="1648" count="1" type="stmt"/>
        <line num="1667" count="1" type="stmt"/>
        <line num="1686" count="1" type="stmt"/>
        <line num="1705" count="1" type="stmt"/>
        <line num="1724" count="1" type="stmt"/>
        <line num="1771" count="1" type="stmt"/>
        <line num="1855" count="1" type="stmt"/>
        <line num="1883" count="1" type="stmt"/>
        <line num="1917" count="1" type="stmt"/>
        <line num="1936" count="1" type="stmt"/>
        <line num="1982" count="1" type="stmt"/>
        <line num="2020" count="1" type="stmt"/>
        <line num="2048" count="1" type="stmt"/>
        <line num="2112" count="1" type="stmt"/>
        <line num="2149" count="1" type="stmt"/>
        <line num="2168" count="1" type="stmt"/>
        <line num="2246" count="1" type="stmt"/>
        <line num="2252" count="1" type="cond" truecount="2" falsecount="0"/>
        <line num="2256" count="1" type="stmt"/>
        <line num="2263" count="1" type="stmt"/>
        <line num="2270" count="1" type="stmt"/>
        <line num="2277" count="1" type="stmt"/>
        <line num="2283" count="1" type="stmt"/>
        <line num="2319" count="1" type="stmt"/>
        <line num="2345" count="1" type="stmt"/>
        <line num="2419" count="1" type="stmt"/>
        <line num="2496" count="1" type="stmt"/>
        <line num="2512" count="1" type="stmt"/>
        <line num="2535" count="1" type="stmt"/>
        <line num="2573" count="1" type="stmt"/>
        <line num="2614" count="1" type="stmt"/>
        <line num="2643" count="1" type="stmt"/>
        <line num="2698" count="1" type="stmt"/>
        <line num="2739" count="1" type="stmt"/>
        <line num="2779" count="1" type="stmt"/>
        <line num="2852" count="1" type="stmt"/>
        <line num="2860" count="1" type="cond" truecount="2" falsecount="0"/>
        <line num="2864" count="1" type="stmt"/>
        <line num="2869" count="1" type="stmt"/>
        <line num="2875" count="1" type="stmt"/>
        <line num="2918" count="1" type="stmt"/>
        <line num="2968" count="1" type="stmt"/>
        <line num="2987" count="1" type="stmt"/>
        <line num="2995" count="1" type="stmt"/>
      </file>
      <file name="catalog_pb.ts" path="/Users/hzyaoqin/node/spark-connect-js/src/gen/spark/connect/catalog_pb.ts">
        <metrics statements="31" coveredstatements="31" conditionals="0" coveredconditionals="0" methods="0" coveredmethods="0"/>
        <line num="22" count="1" type="stmt"/>
        <line num="24" count="1" type="stmt"/>
        <line num="26" count="1" type="stmt"/>
        <line num="32" count="1" type="stmt"/>
        <line num="207" count="1" type="stmt"/>
        <line num="222" count="1" type="stmt"/>
        <line num="243" count="1" type="stmt"/>
        <line num="264" count="1" type="stmt"/>
        <line num="292" count="1" type="stmt"/>
        <line num="320" count="1" type="stmt"/>
        <line num="348" count="1" type="stmt"/>
        <line num="369" count="1" type="stmt"/>
        <line num="397" count="1" type="stmt"/>
        <line num="425" count="1" type="stmt"/>
        <line num="446" count="1" type="stmt"/>
        <line num="474" count="1" type="stmt"/>
        <line num="502" count="1" type="stmt"/>
        <line num="552" count="1" type="stmt"/>
        <line num="609" count="1" type="stmt"/>
        <line num="630" count="1" type="stmt"/>
        <line num="651" count="1" type="stmt"/>
        <line num="672" count="1" type="stmt"/>
        <line num="693" count="1" type="stmt"/>
        <line num="721" count="1" type="stmt"/>
        <line num="742" count="1" type="stmt"/>
        <line num="757" count="1" type="stmt"/>
        <line num="778" count="1" type="stmt"/>
        <line num="799" count="1" type="stmt"/>
        <line num="814" count="1" type="stmt"/>
        <line num="835" count="1" type="stmt"/>
        <line num="856" count="1" type="stmt"/>
      </file>
      <file name="commands_pb.ts" path="/Users/hzyaoqin/node/spark-connect-js/src/gen/spark/connect/commands_pb.ts">
        <metrics statements="72" coveredstatements="72" conditionals="8" coveredconditionals="8" methods="4" coveredmethods="4"/>
        <line num="22" count="1" type="stmt"/>
        <line num="24" count="1" type="stmt"/>
        <line num="26" count="1" type="stmt"/>
        <line num="28" count="1" type="stmt"/>
        <line num="30" count="1" type="stmt"/>
        <line num="36" count="1" type="stmt"/>
        <line num="161" count="1" type="stmt"/>
        <line num="229" count="1" type="stmt"/>
        <line num="274" count="1" type="stmt"/>
        <line num="368" count="1" type="stmt"/>
        <line num="394" count="1" type="stmt"/>
        <line num="400" count="1" type="cond" truecount="2" falsecount="0"/>
        <line num="404" count="1" type="stmt"/>
        <line num="409" count="1" type="stmt"/>
        <line num="414" count="1" type="stmt"/>
        <line num="420" count="1" type="stmt"/>
        <line num="442" count="1" type="stmt"/>
        <line num="448" count="1" type="cond" truecount="2" falsecount="0"/>
        <line num="452" count="1" type="stmt"/>
        <line num="457" count="1" type="stmt"/>
        <line num="462" count="1" type="stmt"/>
        <line num="467" count="1" type="stmt"/>
        <line num="472" count="1" type="stmt"/>
        <line num="478" count="1" type="stmt"/>
        <line num="557" count="1" type="stmt"/>
        <line num="563" count="1" type="cond" truecount="2" falsecount="0"/>
        <line num="567" count="1" type="stmt"/>
        <line num="572" count="1" type="stmt"/>
        <line num="577" count="1" type="stmt"/>
        <line num="582" count="1" type="stmt"/>
        <line num="587" count="1" type="stmt"/>
        <line num="592" count="1" type="stmt"/>
        <line num="597" count="1" type="stmt"/>
        <line num="603" count="1" type="stmt"/>
        <line num="715" count="1" type="stmt"/>
        <line num="744" count="1" type="stmt"/>
        <line num="777" count="1" type="stmt"/>
        <line num="811" count="1" type="stmt"/>
        <line num="903" count="1" type="stmt"/>
        <line num="923" count="1" type="stmt"/>
        <line num="940" count="1" type="stmt"/>
        <line num="996" count="1" type="stmt"/>
        <line num="1030" count="1" type="stmt"/>
        <line num="1049" count="1" type="stmt"/>
        <line num="1068" count="1" type="stmt"/>
        <line num="1102" count="1" type="stmt"/>
        <line num="1119" count="1" type="stmt"/>
        <line num="1196" count="1" type="stmt"/>
        <line num="1215" count="1" type="stmt"/>
        <line num="1242" count="1" type="stmt"/>
        <line num="1303" count="1" type="stmt"/>
        <line num="1320" count="1" type="stmt"/>
        <line num="1346" count="1" type="stmt"/>
        <line num="1363" count="1" type="stmt"/>
        <line num="1380" count="1" type="stmt"/>
        <line num="1399" count="1" type="stmt"/>
        <line num="1434" count="1" type="stmt"/>
        <line num="1462" count="1" type="stmt"/>
        <line num="1484" count="1" type="stmt"/>
        <line num="1499" count="1" type="stmt"/>
        <line num="1518" count="1" type="stmt"/>
        <line num="1539" count="1" type="stmt"/>
        <line num="1560" count="1" type="stmt"/>
        <line num="1581" count="1" type="stmt"/>
        <line num="1622" count="1" type="stmt"/>
        <line num="1683" count="1" type="stmt"/>
        <line num="1693" count="1" type="cond" truecount="2" falsecount="0"/>
        <line num="1697" count="1" type="stmt"/>
        <line num="1702" count="1" type="stmt"/>
        <line num="1707" count="1" type="stmt"/>
        <line num="1712" count="1" type="stmt"/>
        <line num="1718" count="1" type="stmt"/>
      </file>
      <file name="common_pb.ts" path="/Users/hzyaoqin/node/spark-connect-js/src/gen/spark/connect/common_pb.ts">
        <metrics statements="9" coveredstatements="9" conditionals="0" coveredconditionals="0" methods="0" coveredmethods="0"/>
        <line num="22" count="1" type="stmt"/>
        <line num="28" count="1" type="stmt"/>
        <line num="77" count="1" type="stmt"/>
        <line num="106" count="1" type="stmt"/>
        <line num="148" count="1" type="stmt"/>
        <line num="177" count="1" type="stmt"/>
        <line num="205" count="1" type="stmt"/>
        <line num="230" count="1" type="stmt"/>
        <line num="256" count="1" type="stmt"/>
      </file>
      <file name="expressions_pb.ts" path="/Users/hzyaoqin/node/spark-connect-js/src/gen/spark/connect/expressions_pb.ts">
        <metrics statements="66" coveredstatements="66" conditionals="10" coveredconditionals="10" methods="5" coveredmethods="5"/>
        <line num="22" count="1" type="stmt"/>
        <line num="24" count="1" type="stmt"/>
        <line num="26" count="1" type="stmt"/>
        <line num="28" count="1" type="stmt"/>
        <line num="34" count="1" type="stmt"/>
        <line num="182" count="1" type="stmt"/>
        <line num="226" count="1" type="stmt"/>
        <line num="261" count="1" type="stmt"/>
        <line num="304" count="1" type="stmt"/>
        <line num="310" count="1" type="cond" truecount="2" falsecount="0"/>
        <line num="314" count="1" type="stmt"/>
        <line num="321" count="1" type="stmt"/>
        <line num="329" count="1" type="stmt"/>
        <line num="335" count="1" type="stmt"/>
        <line num="371" count="1" type="stmt"/>
        <line num="377" count="1" type="cond" truecount="2" falsecount="0"/>
        <line num="381" count="1" type="stmt"/>
        <line num="386" count="1" type="stmt"/>
        <line num="391" count="1" type="stmt"/>
        <line num="397" count="1" type="stmt"/>
        <line num="403" count="1" type="cond" truecount="2" falsecount="0"/>
        <line num="407" count="1" type="stmt"/>
        <line num="412" count="1" type="stmt"/>
        <line num="417" count="1" type="stmt"/>
        <line num="423" count="1" type="stmt"/>
        <line num="470" count="1" type="stmt"/>
        <line num="476" count="1" type="cond" truecount="2" falsecount="0"/>
        <line num="480" count="1" type="stmt"/>
        <line num="485" count="1" type="stmt"/>
        <line num="490" count="1" type="stmt"/>
        <line num="495" count="1" type="stmt"/>
        <line num="501" count="1" type="stmt"/>
        <line num="644" count="1" type="stmt"/>
        <line num="678" count="1" type="stmt"/>
        <line num="705" count="1" type="stmt"/>
        <line num="727" count="1" type="stmt"/>
        <line num="759" count="1" type="stmt"/>
        <line num="781" count="1" type="stmt"/>
        <line num="818" count="1" type="stmt"/>
        <line num="864" count="1" type="stmt"/>
        <line num="885" count="1" type="stmt"/>
        <line num="916" count="1" type="stmt"/>
        <line num="945" count="1" type="stmt"/>
        <line num="975" count="1" type="stmt"/>
        <line num="1012" count="1" type="stmt"/>
        <line num="1047" count="1" type="stmt"/>
        <line num="1076" count="1" type="stmt"/>
        <line num="1095" count="1" type="stmt"/>
        <line num="1114" count="1" type="stmt"/>
        <line num="1172" count="1" type="stmt"/>
        <line num="1219" count="1" type="stmt"/>
        <line num="1266" count="1" type="stmt"/>
        <line num="1299" count="1" type="stmt"/>
        <line num="1318" count="1" type="stmt"/>
        <line num="1344" count="1" type="stmt"/>
        <line num="1370" count="1" type="stmt"/>
        <line num="1403" count="1" type="stmt"/>
        <line num="1429" count="1" type="stmt"/>
        <line num="1435" count="1" type="cond" truecount="2" falsecount="0"/>
        <line num="1439" count="1" type="stmt"/>
        <line num="1444" count="1" type="stmt"/>
        <line num="1449" count="1" type="stmt"/>
        <line num="1454" count="1" type="stmt"/>
        <line num="1459" count="1" type="stmt"/>
        <line num="1464" count="1" type="stmt"/>
        <line num="1470" count="1" type="stmt"/>
      </file>
      <file name="relations_pb.ts" path="/Users/hzyaoqin/node/spark-connect-js/src/gen/spark/connect/relations_pb.ts">
        <metrics statements="103" coveredstatements="103" conditionals="8" coveredconditionals="8" methods="4" coveredmethods="4"/>
        <line num="22" count="1" type="stmt"/>
        <line num="24" count="1" type="stmt"/>
        <line num="26" count="1" type="stmt"/>
        <line num="28" count="1" type="stmt"/>
        <line num="30" count="1" type="stmt"/>
        <line num="32" count="1" type="stmt"/>
        <line num="38" count="1" type="stmt"/>
        <line num="410" count="1" type="stmt"/>
        <line num="425" count="1" type="stmt"/>
        <line num="461" count="1" type="stmt"/>
        <line num="514" count="1" type="stmt"/>
        <line num="550" count="1" type="stmt"/>
        <line num="589" count="1" type="stmt"/>
        <line num="615" count="1" type="stmt"/>
        <line num="670" count="1" type="stmt"/>
        <line num="703" count="1" type="stmt"/>
        <line num="732" count="1" type="stmt"/>
        <line num="796" count="1" type="stmt"/>
        <line num="822" count="1" type="stmt"/>
        <line num="828" count="1" type="cond" truecount="2" falsecount="0"/>
        <line num="832" count="1" type="stmt"/>
        <line num="837" count="1" type="stmt"/>
        <line num="842" count="1" type="stmt"/>
        <line num="847" count="1" type="stmt"/>
        <line num="852" count="1" type="stmt"/>
        <line num="857" count="1" type="stmt"/>
        <line num="862" count="1" type="stmt"/>
        <line num="867" count="1" type="stmt"/>
        <line num="873" count="1" type="stmt"/>
        <line num="936" count="1" type="stmt"/>
        <line num="942" count="1" type="cond" truecount="2" falsecount="0"/>
        <line num="946" count="1" type="stmt"/>
        <line num="951" count="1" type="stmt"/>
        <line num="956" count="1" type="stmt"/>
        <line num="961" count="1" type="stmt"/>
        <line num="967" count="1" type="stmt"/>
        <line num="995" count="1" type="stmt"/>
        <line num="1024" count="1" type="stmt"/>
        <line num="1052" count="1" type="stmt"/>
        <line num="1108" count="1" type="stmt"/>
        <line num="1137" count="1" type="stmt"/>
        <line num="1156" count="1" type="stmt"/>
        <line num="1162" count="1" type="cond" truecount="2" falsecount="0"/>
        <line num="1166" count="1" type="stmt"/>
        <line num="1171" count="1" type="stmt"/>
        <line num="1176" count="1" type="stmt"/>
        <line num="1181" count="1" type="stmt"/>
        <line num="1186" count="1" type="stmt"/>
        <line num="1191" count="1" type="stmt"/>
        <line num="1197" count="1" type="stmt"/>
        <line num="1232" count="1" type="stmt"/>
        <line num="1267" count="1" type="stmt"/>
        <line num="1314" count="1" type="stmt"/>
        <line num="1347" count="1" type="stmt"/>
        <line num="1368" count="1" type="stmt"/>
        <line num="1389" count="1" type="stmt"/>
        <line num="1449" count="1" type="stmt"/>
        <line num="1492" count="1" type="stmt"/>
        <line num="1527" count="1" type="stmt"/>
        <line num="1562" count="1" type="stmt"/>
        <line num="1606" count="1" type="stmt"/>
        <line num="1643" count="1" type="stmt"/>
        <line num="1686" count="1" type="stmt"/>
        <line num="1716" count="1" type="stmt"/>
        <line num="1757" count="1" type="stmt"/>
        <line num="1793" count="1" type="stmt"/>
        <line num="1839" count="1" type="stmt"/>
        <line num="1889" count="1" type="stmt"/>
        <line num="1927" count="1" type="stmt"/>
        <line num="1976" count="1" type="stmt"/>
        <line num="2002" count="1" type="stmt"/>
        <line num="2048" count="1" type="stmt"/>
        <line num="2093" count="1" type="stmt"/>
        <line num="2132" count="1" type="stmt"/>
        <line num="2162" count="1" type="stmt"/>
        <line num="2193" count="1" type="stmt"/>
        <line num="2232" count="1" type="stmt"/>
        <line num="2258" count="1" type="stmt"/>
        <line num="2294" count="1" type="stmt"/>
        <line num="2327" count="1" type="stmt"/>
        <line num="2366" count="1" type="stmt"/>
        <line num="2415" count="1" type="stmt"/>
        <line num="2432" count="1" type="stmt"/>
        <line num="2463" count="1" type="stmt"/>
        <line num="2489" count="1" type="stmt"/>
        <line num="2517" count="1" type="stmt"/>
        <line num="2550" count="1" type="stmt"/>
        <line num="2590" count="1" type="stmt"/>
        <line num="2666" count="1" type="stmt"/>
        <line num="2727" count="1" type="stmt"/>
        <line num="2788" count="1" type="stmt"/>
        <line num="2834" count="1" type="stmt"/>
        <line num="2874" count="1" type="stmt"/>
        <line num="2906" count="1" type="stmt"/>
        <line num="2932" count="1" type="stmt"/>
        <line num="2967" count="1" type="stmt"/>
        <line num="3007" count="1" type="stmt"/>
        <line num="3013" count="1" type="cond" truecount="2" falsecount="0"/>
        <line num="3017" count="1" type="stmt"/>
        <line num="3022" count="1" type="stmt"/>
        <line num="3027" count="1" type="stmt"/>
        <line num="3033" count="1" type="stmt"/>
        <line num="3125" count="1" type="stmt"/>
      </file>
      <file name="types_pb.ts" path="/Users/hzyaoqin/node/spark-connect-js/src/gen/spark/connect/types_pb.ts">
        <metrics statements="29" coveredstatements="29" conditionals="0" coveredconditionals="0" methods="0" coveredmethods="0"/>
        <line num="22" count="1" type="stmt"/>
        <line num="28" count="1" type="stmt"/>
        <line num="212" count="1" type="stmt"/>
        <line num="229" count="1" type="stmt"/>
        <line num="246" count="1" type="stmt"/>
        <line num="263" count="1" type="stmt"/>
        <line num="280" count="1" type="stmt"/>
        <line num="297" count="1" type="stmt"/>
        <line num="314" count="1" type="stmt"/>
        <line num="331" count="1" type="stmt"/>
        <line num="353" count="1" type="stmt"/>
        <line num="370" count="1" type="stmt"/>
        <line num="387" count="1" type="stmt"/>
        <line num="404" count="1" type="stmt"/>
        <line num="421" count="1" type="stmt"/>
        <line num="438" count="1" type="stmt"/>
        <line num="455" count="1" type="stmt"/>
        <line num="482" count="1" type="stmt"/>
        <line num="509" count="1" type="stmt"/>
        <line num="533" count="1" type="stmt"/>
        <line num="555" count="1" type="stmt"/>
        <line num="582" count="1" type="stmt"/>
        <line num="614" count="1" type="stmt"/>
        <line num="636" count="1" type="stmt"/>
        <line num="663" count="1" type="stmt"/>
        <line num="695" count="1" type="stmt"/>
        <line num="712" count="1" type="stmt"/>
        <line num="749" count="1" type="stmt"/>
        <line num="768" count="1" type="stmt"/>
      </file>
    </package>
    <package name="src.org.apache.spark.sql">
      <metrics statements="113" coveredstatements="44" conditionals="21" coveredconditionals="0" methods="45" coveredmethods="14"/>
      <file name="data_frame.ts" path="/Users/hzyaoqin/node/spark-connect-js/src/org/apache/spark/sql/data_frame.ts">
        <metrics statements="12" coveredstatements="4" conditionals="4" coveredconditionals="0" methods="4" coveredmethods="0"/>
        <line num="18" count="1" type="stmt"/>
        <line num="19" count="1" type="stmt"/>
        <line num="22" count="1" type="stmt"/>
        <line num="24" count="1" type="stmt"/>
        <line num="29" count="0" type="stmt"/>
        <line num="30" count="0" type="stmt"/>
        <line num="34" count="0" type="stmt"/>
        <line num="38" count="0" type="stmt"/>
        <line num="39" count="0" type="stmt"/>
        <line num="42" count="0" type="cond" truecount="0" falsecount="4"/>
        <line num="43" count="0" type="stmt"/>
        <line num="45" count="0" type="stmt"/>
      </file>
      <file name="runtime_config.ts" path="/Users/hzyaoqin/node/spark-connect-js/src/org/apache/spark/sql/runtime_config.ts">
        <metrics statements="49" coveredstatements="15" conditionals="5" coveredconditionals="0" methods="22" coveredmethods="5"/>
        <line num="1" count="1" type="stmt"/>
        <line num="3" count="1" type="stmt"/>
        <line num="5" count="1" type="stmt"/>
        <line num="6" count="1" type="stmt"/>
        <line num="7" count="1" type="stmt"/>
        <line num="10" count="1" type="stmt"/>
        <line num="14" count="0" type="stmt"/>
        <line num="17" count="0" type="stmt"/>
        <line num="18" count="0" type="stmt"/>
        <line num="26" count="1" type="stmt"/>
        <line num="27" count="3" type="stmt"/>
        <line num="29" count="1" type="stmt"/>
        <line num="32" count="1" type="stmt"/>
        <line num="33" count="1" type="stmt"/>
        <line num="41" count="0" type="stmt"/>
        <line num="44" count="0" type="stmt"/>
        <line num="45" count="0" type="stmt"/>
        <line num="53" count="0" type="stmt"/>
        <line num="54" count="0" type="stmt"/>
        <line num="56" count="0" type="stmt"/>
        <line num="62" count="0" type="cond" truecount="0" falsecount="2"/>
        <line num="63" count="0" type="stmt"/>
        <line num="66" count="0" type="stmt"/>
        <line num="67" count="0" type="stmt"/>
        <line num="73" count="0" type="stmt"/>
        <line num="76" count="0" type="stmt"/>
        <line num="77" count="0" type="stmt"/>
        <line num="83" count="0" type="stmt"/>
        <line num="85" count="0" type="cond" truecount="0" falsecount="2"/>
        <line num="86" count="0" type="stmt"/>
        <line num="88" count="0" type="stmt"/>
        <line num="94" count="0" type="stmt"/>
        <line num="95" count="0" type="stmt"/>
        <line num="96" count="0" type="stmt"/>
        <line num="101" count="0" type="stmt"/>
        <line num="102" count="0" type="stmt"/>
        <line num="103" count="0" type="stmt"/>
        <line num="105" count="0" type="stmt"/>
        <line num="110" count="0" type="stmt"/>
        <line num="113" count="0" type="stmt"/>
        <line num="114" count="0" type="stmt"/>
        <line num="119" count="0" type="stmt"/>
        <line num="121" count="0" type="cond" truecount="0" falsecount="1"/>
        <line num="122" count="0" type="stmt"/>
        <line num="124" count="0" type="stmt"/>
        <line num="128" count="1" type="stmt"/>
        <line num="129" count="1" type="stmt"/>
        <line num="130" count="1" type="stmt"/>
        <line num="131" count="1" type="stmt"/>
      </file>
      <file name="spark_session.ts" path="/Users/hzyaoqin/node/spark-connect-js/src/org/apache/spark/sql/spark_session.ts">
        <metrics statements="52" coveredstatements="25" conditionals="12" coveredconditionals="0" methods="19" coveredmethods="9"/>
        <line num="1" count="1" type="stmt"/>
        <line num="2" count="1" type="stmt"/>
        <line num="3" count="1" type="stmt"/>
        <line num="4" count="1" type="stmt"/>
        <line num="5" count="1" type="stmt"/>
        <line num="7" count="1" type="stmt"/>
        <line num="8" count="1" type="stmt"/>
        <line num="9" count="1" type="stmt"/>
        <line num="14" count="1" type="stmt"/>
        <line num="16" count="1" type="stmt"/>
        <line num="21" count="1" type="stmt"/>
        <line num="22" count="1" type="stmt"/>
        <line num="25" count="1" type="stmt"/>
        <line num="27" count="0" type="stmt"/>
        <line num="29" count="0" type="stmt"/>
        <line num="32" count="0" type="cond" truecount="0" falsecount="1"/>
        <line num="33" count="0" type="stmt"/>
        <line num="34" count="0" type="stmt"/>
        <line num="39" count="0" type="cond" truecount="0" falsecount="2"/>
        <line num="40" count="0" type="stmt"/>
        <line num="41" count="0" type="stmt"/>
        <line num="43" count="0" type="stmt"/>
        <line num="46" count="0" type="stmt"/>
        <line num="47" count="0" type="stmt"/>
        <line num="50" count="0" type="cond" truecount="0" falsecount="2"/>
        <line num="53" count="1" type="stmt"/>
        <line num="57" count="0" type="stmt"/>
        <line num="58" count="0" type="stmt"/>
        <line num="62" count="0" type="stmt"/>
        <line num="68" count="0" type="stmt"/>
        <line num="69" count="0" type="stmt"/>
        <line num="70" count="0" type="stmt"/>
        <line num="71" count="0" type="stmt"/>
        <line num="75" count="0" type="cond" truecount="0" falsecount="4"/>
        <line num="76" count="0" type="stmt"/>
        <line num="77" count="0" type="stmt"/>
        <line num="78" count="0" type="stmt"/>
        <line num="79" count="0" type="stmt"/>
        <line num="82" count="0" type="stmt"/>
        <line num="89" count="1" type="stmt"/>
        <line num="90" count="1" type="stmt"/>
        <line num="95" count="3" type="stmt"/>
        <line num="96" count="3" type="stmt"/>
        <line num="100" count="1" type="stmt"/>
        <line num="101" count="1" type="stmt"/>
        <line num="106" count="0" type="stmt"/>
        <line num="110" count="1" type="stmt"/>
        <line num="114" count="1" type="stmt"/>
        <line num="115" count="1" type="stmt"/>
        <line num="116" count="1" type="stmt"/>
        <line num="117" count="0" type="stmt"/>
        <line num="122" count="1" type="stmt"/>
      </file>
    </package>
    <package name="src.org.apache.spark.sql.types">
      <metrics statements="391" coveredstatements="159" conditionals="121" coveredconditionals="3" methods="156" coveredmethods="19"/>
      <file name="ArrayType.ts" path="/Users/hzyaoqin/node/spark-connect-js/src/org/apache/spark/sql/types/ArrayType.ts">
        <metrics statements="10" coveredstatements="2" conditionals="0" coveredconditionals="0" methods="6" coveredmethods="0"/>
        <line num="18" count="1" type="stmt"/>
        <line num="20" count="1" type="stmt"/>
        <line num="25" count="0" type="stmt"/>
        <line num="26" count="0" type="stmt"/>
        <line num="27" count="0" type="stmt"/>
        <line num="31" count="0" type="stmt"/>
        <line num="35" count="0" type="stmt"/>
        <line num="39" count="0" type="stmt"/>
        <line num="43" count="0" type="stmt"/>
        <line num="47" count="0" type="stmt"/>
      </file>
      <file name="BinaryType.ts" path="/Users/hzyaoqin/node/spark-connect-js/src/org/apache/spark/sql/types/BinaryType.ts">
        <metrics statements="6" coveredstatements="4" conditionals="0" coveredconditionals="0" methods="3" coveredmethods="1"/>
        <line num="18" count="1" type="stmt"/>
        <line num="20" count="1" type="stmt"/>
        <line num="21" count="1" type="stmt"/>
        <line num="24" count="0" type="stmt"/>
        <line num="28" count="0" type="stmt"/>
        <line num="31" count="1" type="stmt"/>
      </file>
      <file name="BooleanType.ts" path="/Users/hzyaoqin/node/spark-connect-js/src/org/apache/spark/sql/types/BooleanType.ts">
        <metrics statements="5" coveredstatements="4" conditionals="0" coveredconditionals="0" methods="2" coveredmethods="1"/>
        <line num="18" count="1" type="stmt"/>
        <line num="20" count="1" type="stmt"/>
        <line num="21" count="1" type="stmt"/>
        <line num="24" count="0" type="stmt"/>
        <line num="27" count="1" type="stmt"/>
      </file>
      <file name="ByteType.ts" path="/Users/hzyaoqin/node/spark-connect-js/src/org/apache/spark/sql/types/ByteType.ts">
        <metrics statements="6" coveredstatements="4" conditionals="0" coveredconditionals="0" methods="3" coveredmethods="1"/>
        <line num="18" count="1" type="stmt"/>
        <line num="20" count="1" type="stmt"/>
        <line num="21" count="1" type="stmt"/>
        <line num="23" count="0" type="stmt"/>
        <line num="27" count="0" type="stmt"/>
        <line num="30" count="1" type="stmt"/>
      </file>
      <file name="CalendarIntervalType.ts" path="/Users/hzyaoqin/node/spark-connect-js/src/org/apache/spark/sql/types/CalendarIntervalType.ts">
        <metrics statements="6" coveredstatements="4" conditionals="0" coveredconditionals="0" methods="3" coveredmethods="1"/>
        <line num="18" count="1" type="stmt"/>
        <line num="21" count="1" type="stmt"/>
        <line num="22" count="1" type="stmt"/>
        <line num="25" count="0" type="stmt"/>
        <line num="29" count="0" type="stmt"/>
        <line num="32" count="1" type="stmt"/>
      </file>
      <file name="CharType.ts" path="/Users/hzyaoqin/node/spark-connect-js/src/org/apache/spark/sql/types/CharType.ts">
        <metrics statements="10" coveredstatements="3" conditionals="1" coveredconditionals="0" methods="4" coveredmethods="0"/>
        <line num="18" count="1" type="stmt"/>
        <line num="20" count="1" type="stmt"/>
        <line num="24" count="0" type="stmt"/>
        <line num="25" count="0" type="cond" truecount="0" falsecount="1"/>
        <line num="26" count="0" type="stmt"/>
        <line num="28" count="0" type="stmt"/>
        <line num="32" count="0" type="stmt"/>
        <line num="36" count="0" type="stmt"/>
        <line num="40" count="0" type="stmt"/>
        <line num="43" count="1" type="stmt"/>
      </file>
      <file name="DataTypes.ts" path="/Users/hzyaoqin/node/spark-connect-js/src/org/apache/spark/sql/types/DataTypes.ts">
        <metrics statements="94" coveredstatements="42" conditionals="54" coveredconditionals="0" methods="12" coveredmethods="0"/>
        <line num="18" count="1" type="stmt"/>
        <line num="19" count="1" type="stmt"/>
        <line num="20" count="1" type="stmt"/>
        <line num="21" count="1" type="stmt"/>
        <line num="22" count="1" type="stmt"/>
        <line num="23" count="1" type="stmt"/>
        <line num="24" count="1" type="stmt"/>
        <line num="25" count="1" type="stmt"/>
        <line num="26" count="1" type="stmt"/>
        <line num="27" count="1" type="stmt"/>
        <line num="28" count="1" type="stmt"/>
        <line num="29" count="1" type="stmt"/>
        <line num="30" count="1" type="stmt"/>
        <line num="31" count="1" type="stmt"/>
        <line num="32" count="1" type="stmt"/>
        <line num="33" count="1" type="stmt"/>
        <line num="35" count="1" type="stmt"/>
        <line num="36" count="1" type="stmt"/>
        <line num="37" count="1" type="stmt"/>
        <line num="38" count="1" type="stmt"/>
        <line num="39" count="1" type="stmt"/>
        <line num="40" count="1" type="stmt"/>
        <line num="41" count="1" type="stmt"/>
        <line num="42" count="1" type="stmt"/>
        <line num="43" count="1" type="stmt"/>
        <line num="44" count="1" type="stmt"/>
        <line num="55" count="1" type="stmt"/>
        <line num="56" count="1" type="stmt"/>
        <line num="58" count="1" type="stmt"/>
        <line num="60" count="1" type="stmt"/>
        <line num="61" count="1" type="stmt"/>
        <line num="62" count="1" type="stmt"/>
        <line num="63" count="1" type="stmt"/>
        <line num="65" count="1" type="stmt"/>
        <line num="66" count="1" type="stmt"/>
        <line num="68" count="0" type="cond" truecount="0" falsecount="4"/>
        <line num="69" count="0" type="stmt"/>
        <line num="70" count="0" type="cond" truecount="0" falsecount="4"/>
        <line num="71" count="0" type="stmt"/>
        <line num="73" count="0" type="stmt"/>
        <line num="77" count="1" type="stmt"/>
        <line num="78" count="1" type="stmt"/>
        <line num="80" count="0" type="stmt"/>
        <line num="83" count="0" type="stmt"/>
        <line num="85" count="1" type="stmt"/>
        <line num="88" count="1" type="stmt"/>
        <line num="89" count="1" type="stmt"/>
        <line num="90" count="1" type="stmt"/>
        <line num="92" count="1" type="stmt"/>
        <line num="96" count="0" type="cond" truecount="0" falsecount="3"/>
        <line num="97" count="0" type="stmt"/>
        <line num="99" count="0" type="stmt"/>
        <line num="104" count="0" type="cond" truecount="0" falsecount="3"/>
        <line num="105" count="0" type="stmt"/>
        <line num="107" count="0" type="stmt"/>
        <line num="111" count="0" type="stmt"/>
        <line num="115" count="0" type="stmt"/>
        <line num="123" count="0" type="stmt"/>
        <line num="127" count="0" type="stmt"/>
        <line num="131" count="0" type="stmt"/>
        <line num="136" count="0" type="cond" truecount="0" falsecount="27"/>
        <line num="139" count="0" type="stmt"/>
        <line num="141" count="0" type="stmt"/>
        <line num="143" count="0" type="stmt"/>
        <line num="145" count="0" type="stmt"/>
        <line num="147" count="0" type="stmt"/>
        <line num="149" count="0" type="stmt"/>
        <line num="151" count="0" type="stmt"/>
        <line num="153" count="0" type="stmt"/>
        <line num="155" count="0" type="stmt"/>
        <line num="157" count="0" type="stmt"/>
        <line num="159" count="0" type="stmt"/>
        <line num="161" count="0" type="stmt"/>
        <line num="163" count="0" type="stmt"/>
        <line num="165" count="0" type="stmt"/>
        <line num="167" count="0" type="stmt"/>
        <line num="169" count="0" type="stmt"/>
        <line num="171" count="0" type="stmt"/>
        <line num="173" count="0" type="stmt"/>
        <line num="175" count="0" type="stmt"/>
        <line num="177" count="0" type="stmt"/>
        <line num="179" count="0" type="cond" truecount="0" falsecount="2"/>
        <line num="180" count="0" type="stmt"/>
        <line num="182" count="0" type="stmt"/>
        <line num="183" count="0" type="stmt"/>
        <line num="184" count="0" type="stmt"/>
        <line num="187" count="0" type="cond" truecount="0" falsecount="2"/>
        <line num="188" count="0" type="cond" truecount="0" falsecount="2"/>
        <line num="189" count="0" type="stmt"/>
        <line num="190" count="0" type="stmt"/>
        <line num="192" count="0" type="stmt"/>
        <line num="193" count="0" type="stmt"/>
        <line num="195" count="0" type="stmt"/>
        <line num="197" count="0" type="stmt"/>
      </file>
      <file name="DateType.ts" path="/Users/hzyaoqin/node/spark-connect-js/src/org/apache/spark/sql/types/DateType.ts">
        <metrics statements="5" coveredstatements="4" conditionals="0" coveredconditionals="0" methods="2" coveredmethods="1"/>
        <line num="18" count="1" type="stmt"/>
        <line num="20" count="1" type="stmt"/>
        <line num="21" count="1" type="stmt"/>
        <line num="24" count="0" type="stmt"/>
        <line num="27" count="1" type="stmt"/>
      </file>
      <file name="DayTimeIntervalType.ts" path="/Users/hzyaoqin/node/spark-connect-js/src/org/apache/spark/sql/types/DayTimeIntervalType.ts">
        <metrics statements="22" coveredstatements="11" conditionals="10" coveredconditionals="0" methods="4" coveredmethods="1"/>
        <line num="18" count="1" type="stmt"/>
        <line num="20" count="1" type="stmt"/>
        <line num="27" count="1" type="stmt"/>
        <line num="28" count="1" type="cond" truecount="0" falsecount="1"/>
        <line num="29" count="0" type="stmt"/>
        <line num="31" count="1" type="stmt"/>
        <line num="32" count="1" type="stmt"/>
        <line num="36" count="0" type="stmt"/>
        <line num="40" count="0" type="cond" truecount="0" falsecount="2"/>
        <line num="41" count="0" type="stmt"/>
        <line num="43" count="0" type="stmt"/>
        <line num="48" count="0" type="cond" truecount="0" falsecount="5"/>
        <line num="50" count="0" type="stmt"/>
        <line num="52" count="0" type="stmt"/>
        <line num="54" count="0" type="stmt"/>
        <line num="56" count="0" type="stmt"/>
        <line num="58" count="0" type="stmt"/>
        <line num="62" count="1" type="stmt"/>
        <line num="63" count="1" type="stmt"/>
        <line num="64" count="1" type="stmt"/>
        <line num="65" count="1" type="stmt"/>
        <line num="67" count="1" type="stmt"/>
      </file>
      <file name="DecimalType.ts" path="/Users/hzyaoqin/node/spark-connect-js/src/org/apache/spark/sql/types/DecimalType.ts">
        <metrics statements="12" coveredstatements="10" conditionals="4" coveredconditionals="2" methods="3" coveredmethods="1"/>
        <line num="19" count="1" type="stmt"/>
        <line num="21" count="1" type="stmt"/>
        <line num="26" count="2" type="stmt"/>
        <line num="27" count="2" type="stmt"/>
        <line num="28" count="2" type="stmt"/>
        <line num="32" count="0" type="cond" truecount="0" falsecount="2"/>
        <line num="36" count="0" type="stmt"/>
        <line num="39" count="1" type="stmt"/>
        <line num="40" count="1" type="stmt"/>
        <line num="41" count="1" type="stmt"/>
        <line num="42" count="1" type="stmt"/>
        <line num="43" count="1" type="stmt"/>
      </file>
      <file name="DoubleType.ts" path="/Users/hzyaoqin/node/spark-connect-js/src/org/apache/spark/sql/types/DoubleType.ts">
        <metrics statements="5" coveredstatements="4" conditionals="0" coveredconditionals="0" methods="2" coveredmethods="1"/>
        <line num="18" count="1" type="stmt"/>
        <line num="20" count="1" type="stmt"/>
        <line num="21" count="1" type="stmt"/>
        <line num="24" count="0" type="stmt"/>
        <line num="27" count="1" type="stmt"/>
      </file>
      <file name="FloatType.ts" path="/Users/hzyaoqin/node/spark-connect-js/src/org/apache/spark/sql/types/FloatType.ts">
        <metrics statements="5" coveredstatements="4" conditionals="0" coveredconditionals="0" methods="2" coveredmethods="1"/>
        <line num="18" count="1" type="stmt"/>
        <line num="20" count="1" type="stmt"/>
        <line num="21" count="1" type="stmt"/>
        <line num="24" count="0" type="stmt"/>
        <line num="27" count="1" type="stmt"/>
      </file>
      <file name="IntegerType.ts" path="/Users/hzyaoqin/node/spark-connect-js/src/org/apache/spark/sql/types/IntegerType.ts">
        <metrics statements="6" coveredstatements="4" conditionals="0" coveredconditionals="0" methods="3" coveredmethods="1"/>
        <line num="18" count="1" type="stmt"/>
        <line num="20" count="1" type="stmt"/>
        <line num="21" count="1" type="stmt"/>
        <line num="24" count="0" type="stmt"/>
        <line num="28" count="0" type="stmt"/>
        <line num="31" count="1" type="stmt"/>
      </file>
      <file name="LongType.ts" path="/Users/hzyaoqin/node/spark-connect-js/src/org/apache/spark/sql/types/LongType.ts">
        <metrics statements="6" coveredstatements="4" conditionals="0" coveredconditionals="0" methods="3" coveredmethods="1"/>
        <line num="17" count="1" type="stmt"/>
        <line num="19" count="1" type="stmt"/>
        <line num="20" count="1" type="stmt"/>
        <line num="23" count="0" type="stmt"/>
        <line num="27" count="0" type="stmt"/>
        <line num="30" count="1" type="stmt"/>
      </file>
      <file name="MapType.ts" path="/Users/hzyaoqin/node/spark-connect-js/src/org/apache/spark/sql/types/MapType.ts">
        <metrics statements="11" coveredstatements="2" conditionals="0" coveredconditionals="0" methods="6" coveredmethods="0"/>
        <line num="18" count="1" type="stmt"/>
        <line num="20" count="1" type="stmt"/>
        <line num="26" count="0" type="stmt"/>
        <line num="27" count="0" type="stmt"/>
        <line num="28" count="0" type="stmt"/>
        <line num="29" count="0" type="stmt"/>
        <line num="33" count="0" type="stmt"/>
        <line num="37" count="0" type="stmt"/>
        <line num="41" count="0" type="stmt"/>
        <line num="45" count="0" type="stmt"/>
        <line num="49" count="0" type="stmt"/>
      </file>
      <file name="NullType.ts" path="/Users/hzyaoqin/node/spark-connect-js/src/org/apache/spark/sql/types/NullType.ts">
        <metrics statements="6" coveredstatements="4" conditionals="0" coveredconditionals="0" methods="3" coveredmethods="1"/>
        <line num="18" count="1" type="stmt"/>
        <line num="20" count="1" type="stmt"/>
        <line num="21" count="1" type="stmt"/>
        <line num="24" count="0" type="stmt"/>
        <line num="28" count="0" type="stmt"/>
        <line num="31" count="1" type="stmt"/>
      </file>
      <file name="ShortType.ts" path="/Users/hzyaoqin/node/spark-connect-js/src/org/apache/spark/sql/types/ShortType.ts">
        <metrics statements="6" coveredstatements="4" conditionals="0" coveredconditionals="0" methods="3" coveredmethods="1"/>
        <line num="18" count="1" type="stmt"/>
        <line num="20" count="1" type="stmt"/>
        <line num="21" count="1" type="stmt"/>
        <line num="24" count="0" type="stmt"/>
        <line num="28" count="0" type="stmt"/>
        <line num="31" count="1" type="stmt"/>
      </file>
      <file name="StringType.ts" path="/Users/hzyaoqin/node/spark-connect-js/src/org/apache/spark/sql/types/StringType.ts">
        <metrics statements="9" coveredstatements="5" conditionals="5" coveredconditionals="1" methods="5" coveredmethods="1"/>
        <line num="18" count="1" type="stmt"/>
        <line num="20" count="1" type="stmt"/>
        <line num="24" count="2" type="stmt"/>
        <line num="25" count="2" type="stmt"/>
        <line num="29" count="0" type="stmt"/>
        <line num="34" count="0" type="stmt"/>
        <line num="38" count="0" type="cond" truecount="0" falsecount="2"/>
        <line num="42" count="0" type="cond" truecount="0" falsecount="2"/>
        <line num="45" count="1" type="stmt"/>
      </file>
      <file name="StructField.ts" path="/Users/hzyaoqin/node/spark-connect-js/src/org/apache/spark/sql/types/StructField.ts">
        <metrics statements="18" coveredstatements="3" conditionals="12" coveredconditionals="0" methods="7" coveredmethods="0"/>
        <line num="20" count="1" type="stmt"/>
        <line num="21" count="1" type="stmt"/>
        <line num="35" count="1" type="stmt"/>
        <line num="42" count="0" type="stmt"/>
        <line num="43" count="0" type="stmt"/>
        <line num="44" count="0" type="stmt"/>
        <line num="45" count="0" type="stmt"/>
        <line num="49" count="0" type="stmt"/>
        <line num="53" count="0" type="cond" truecount="0" falsecount="2"/>
        <line num="57" count="0" type="stmt"/>
        <line num="58" count="0" type="cond" truecount="0" falsecount="2"/>
        <line num="62" count="0" type="cond" truecount="0" falsecount="2"/>
        <line num="67" count="0" type="stmt"/>
        <line num="71" count="0" type="cond" truecount="0" falsecount="2"/>
        <line num="72" count="0" type="stmt"/>
        <line num="74" count="0" type="stmt"/>
        <line num="75" count="0" type="cond" truecount="0" falsecount="2"/>
        <line num="76" count="0" type="stmt"/>
      </file>
      <file name="StructType.ts" path="/Users/hzyaoqin/node/spark-connect-js/src/org/apache/spark/sql/types/StructType.ts">
        <metrics statements="11" coveredstatements="2" conditionals="0" coveredconditionals="0" methods="15" coveredmethods="0"/>
        <line num="18" count="1" type="stmt"/>
        <line num="21" count="1" type="stmt"/>
        <line num="25" count="0" type="stmt"/>
        <line num="26" count="0" type="stmt"/>
        <line num="30" count="0" type="stmt"/>
        <line num="35" count="0" type="stmt"/>
        <line num="39" count="0" type="stmt"/>
        <line num="43" count="0" type="stmt"/>
        <line num="47" count="0" type="stmt"/>
        <line num="51" count="0" type="stmt"/>
        <line num="55" count="0" type="stmt"/>
      </file>
      <file name="TimestampNTZType.ts" path="/Users/hzyaoqin/node/spark-connect-js/src/org/apache/spark/sql/types/TimestampNTZType.ts">
        <metrics statements="6" coveredstatements="4" conditionals="0" coveredconditionals="0" methods="3" coveredmethods="1"/>
        <line num="18" count="1" type="stmt"/>
        <line num="20" count="1" type="stmt"/>
        <line num="21" count="1" type="stmt"/>
        <line num="23" count="0" type="stmt"/>
        <line num="27" count="0" type="stmt"/>
        <line num="30" count="1" type="stmt"/>
      </file>
      <file name="TimestampType.ts" path="/Users/hzyaoqin/node/spark-connect-js/src/org/apache/spark/sql/types/TimestampType.ts">
        <metrics statements="5" coveredstatements="4" conditionals="0" coveredconditionals="0" methods="2" coveredmethods="1"/>
        <line num="18" count="1" type="stmt"/>
        <line num="20" count="1" type="stmt"/>
        <line num="21" count="1" type="stmt"/>
        <line num="23" count="0" type="stmt"/>
        <line num="25" count="1" type="stmt"/>
      </file>
      <file name="UnparsedDataType.ts" path="/Users/hzyaoqin/node/spark-connect-js/src/org/apache/spark/sql/types/UnparsedDataType.ts">
        <metrics statements="7" coveredstatements="2" conditionals="0" coveredconditionals="0" methods="4" coveredmethods="0"/>
        <line num="18" count="1" type="stmt"/>
        <line num="20" count="1" type="stmt"/>
        <line num="25" count="0" type="stmt"/>
        <line num="26" count="0" type="stmt"/>
        <line num="30" count="0" type="stmt"/>
        <line num="34" count="0" type="stmt"/>
        <line num="38" count="0" type="stmt"/>
      </file>
      <file name="VarcharType.ts" path="/Users/hzyaoqin/node/spark-connect-js/src/org/apache/spark/sql/types/VarcharType.ts">
        <metrics statements="9" coveredstatements="2" conditionals="1" coveredconditionals="0" methods="4" coveredmethods="0"/>
        <line num="18" count="1" type="stmt"/>
        <line num="20" count="1" type="stmt"/>
        <line num="24" count="0" type="stmt"/>
        <line num="25" count="0" type="cond" truecount="0" falsecount="1"/>
        <line num="26" count="0" type="stmt"/>
        <line num="28" count="0" type="stmt"/>
        <line num="32" count="0" type="stmt"/>
        <line num="36" count="0" type="stmt"/>
        <line num="40" count="0" type="stmt"/>
      </file>
      <file name="VariantType.ts" path="/Users/hzyaoqin/node/spark-connect-js/src/org/apache/spark/sql/types/VariantType.ts">
        <metrics statements="5" coveredstatements="4" conditionals="0" coveredconditionals="0" methods="2" coveredmethods="1"/>
        <line num="18" count="1" type="stmt"/>
        <line num="20" count="1" type="stmt"/>
        <line num="21" count="1" type="stmt"/>
        <line num="23" count="0" type="stmt"/>
        <line num="25" count="1" type="stmt"/>
      </file>
      <file name="YearMonthIntervalType.ts" path="/Users/hzyaoqin/node/spark-connect-js/src/org/apache/spark/sql/types/YearMonthIntervalType.ts">
        <metrics statements="18" coveredstatements="9" conditionals="8" coveredconditionals="0" methods="4" coveredmethods="1"/>
        <line num="18" count="1" type="stmt"/>
        <line num="21" count="1" type="stmt"/>
        <line num="28" count="1" type="stmt"/>
        <line num="29" count="1" type="cond" truecount="0" falsecount="1"/>
        <line num="30" count="0" type="stmt"/>
        <line num="32" count="1" type="stmt"/>
        <line num="33" count="1" type="stmt"/>
        <line num="37" count="0" type="stmt"/>
        <line num="41" count="0" type="cond" truecount="0" falsecount="2"/>
        <line num="42" count="0" type="stmt"/>
        <line num="44" count="0" type="stmt"/>
        <line num="49" count="0" type="cond" truecount="0" falsecount="3"/>
        <line num="51" count="0" type="stmt"/>
        <line num="53" count="0" type="stmt"/>
        <line num="55" count="0" type="stmt"/>
        <line num="59" count="1" type="stmt"/>
        <line num="60" count="1" type="stmt"/>
        <line num="61" count="1" type="stmt"/>
      </file>
      <file name="data_types.ts" path="/Users/hzyaoqin/node/spark-connect-js/src/org/apache/spark/sql/types/data_types.ts">
        <metrics statements="12" coveredstatements="6" conditionals="0" coveredconditionals="0" methods="6" coveredmethods="0"/>
        <line num="20" count="1" type="stmt"/>
        <line num="23" count="0" type="stmt"/>
        <line num="28" count="0" type="stmt"/>
        <line num="31" count="0" type="stmt"/>
        <line num="33" count="0" type="stmt"/>
        <line num="36" count="0" type="stmt"/>
        <line num="40" count="0" type="stmt"/>
        <line num="44" count="1" type="stmt"/>
        <line num="48" count="1" type="stmt"/>
        <line num="50" count="1" type="stmt"/>
        <line num="52" count="1" type="stmt"/>
        <line num="54" count="1" type="stmt"/>
      </file>
      <file name="metadata.ts" path="/Users/hzyaoqin/node/spark-connect-js/src/org/apache/spark/sql/types/metadata.ts">
        <metrics statements="70" coveredstatements="4" conditionals="26" coveredconditionals="0" methods="40" coveredmethods="1"/>
        <line num="35" count="1" type="stmt"/>
        <line num="37" count="1" type="stmt"/>
        <line num="40" count="1" type="stmt"/>
        <line num="44" count="0" type="stmt"/>
        <line num="48" count="0" type="stmt"/>
        <line num="52" count="0" type="stmt"/>
        <line num="53" count="0" type="cond" truecount="0" falsecount="2"/>
        <line num="54" count="0" type="stmt"/>
        <line num="56" count="0" type="stmt"/>
        <line num="61" count="0" type="stmt"/>
        <line num="65" count="0" type="stmt"/>
        <line num="66" count="0" type="cond" truecount="0" falsecount="2"/>
        <line num="67" count="0" type="stmt"/>
        <line num="69" count="0" type="stmt"/>
        <line num="74" count="0" type="stmt"/>
        <line num="75" count="0" type="cond" truecount="0" falsecount="2"/>
        <line num="76" count="0" type="stmt"/>
        <line num="78" count="0" type="stmt"/>
        <line num="83" count="0" type="stmt"/>
        <line num="84" count="0" type="cond" truecount="0" falsecount="2"/>
        <line num="85" count="0" type="stmt"/>
        <line num="87" count="0" type="stmt"/>
        <line num="92" count="0" type="stmt"/>
        <line num="93" count="0" type="cond" truecount="0" falsecount="4"/>
        <line num="94" count="0" type="stmt"/>
        <line num="96" count="0" type="stmt"/>
        <line num="101" count="0" type="stmt"/>
        <line num="105" count="0" type="stmt"/>
        <line num="106" count="0" type="cond" truecount="0" falsecount="4"/>
        <line num="107" count="0" type="stmt"/>
        <line num="109" count="0" type="stmt"/>
        <line num="114" count="0" type="stmt"/>
        <line num="115" count="0" type="cond" truecount="0" falsecount="4"/>
        <line num="116" count="0" type="stmt"/>
        <line num="118" count="0" type="stmt"/>
        <line num="123" count="0" type="stmt"/>
        <line num="124" count="0" type="cond" truecount="0" falsecount="4"/>
        <line num="125" count="0" type="stmt"/>
        <line num="127" count="0" type="stmt"/>
        <line num="132" count="0" type="stmt"/>
        <line num="133" count="0" type="cond" truecount="0" falsecount="2"/>
        <line num="134" count="0" type="stmt"/>
        <line num="136" count="0" type="stmt"/>
        <line num="141" count="0" type="stmt"/>
        <line num="145" count="0" type="stmt"/>
        <line num="149" count="0" type="stmt"/>
        <line num="153" count="1" type="stmt"/>
        <line num="157" count="0" type="stmt"/>
        <line num="161" count="0" type="stmt"/>
        <line num="162" count="0" type="stmt"/>
        <line num="164" count="0" type="stmt"/>
        <line num="168" count="0" type="stmt"/>
        <line num="172" count="0" type="stmt"/>
        <line num="176" count="0" type="stmt"/>
        <line num="180" count="0" type="stmt"/>
        <line num="184" count="0" type="stmt"/>
        <line num="188" count="0" type="stmt"/>
        <line num="192" count="0" type="stmt"/>
        <line num="196" count="0" type="stmt"/>
        <line num="200" count="0" type="stmt"/>
        <line num="204" count="0" type="stmt"/>
        <line num="208" count="0" type="stmt"/>
        <line num="212" count="0" type="stmt"/>
        <line num="213" count="0" type="stmt"/>
        <line num="214" count="0" type="stmt"/>
        <line num="217" count="0" type="stmt"/>
        <line num="221" count="0" type="stmt"/>
        <line num="222" count="0" type="stmt"/>
        <line num="226" count="0" type="stmt"/>
        <line num="227" count="0" type="stmt"/>
      </file>
    </package>
  </project>
</coverage>
