{"/Users/hzyaoqin/node/spark-connect-js/src/utils.ts": {"path":"/Users/hzyaoqin/node/spark-connect-js/src/utils.ts","statementMap":{"0":{"start":{"line":3,"column":10},"end":{"line":3,"column":32}},"1":{"start":{"line":7,"column":4},"end":{"line":9,"column":5}},"2":{"start":{"line":8,"column":6},"end":{"line":8,"column":55}},"3":{"start":{"line":10,"column":4},"end":{"line":10,"column":36}},"4":{"start":{"line":14,"column":4},"end":{"line":14,"column":28}},"5":{"start":{"line":1,"column":0},"end":{"line":1,"column":13}}},"fnMap":{"0":{"name":"(anonymous_0)","decl":{"start":{"line":4,"column":2},"end":{"line":4,"column":25}},"loc":{"start":{"line":4,"column":2},"end":{"line":4,"column":26}}},"1":{"name":"(anonymous_1)","decl":{"start":{"line":6,"column":9},"end":{"line":6,"column":15}},"loc":{"start":{"line":6,"column":27},"end":{"line":11,"column":3}}},"2":{"name":"(anonymous_2)","decl":{"start":{"line":13,"column":9},"end":{"line":13,"column":18}},"loc":{"start":{"line":13,"column":18},"end":{"line":15,"column":3}}}},"branchMap":{"0":{"loc":{"start":{"line":7,"column":4},"end":{"line":9,"column":5}},"type":"if","locations":[{"start":{"line":7,"column":4},"end":{"line":9,"column":5}}]}},"s":{"0":1,"1":1,"2":1,"3":1,"4":0,"5":1},"f":{"0":1,"1":1,"2":0},"b":{"0":[1]}}
,"/Users/hzyaoqin/node/spark-connect-js/src/client/Client.ts": {"path":"/Users/hzyaoqin/node/spark-connect-js/src/client/Client.ts","statementMap":{"0":{"start":{"line":1,"column":0},"end":{"line":1,"column":64}},"1":{"start":{"line":3,"column":0},"end":{"line":3,"column":56}},"2":{"start":{"line":4,"column":0},"end":{"line":4,"column":66}},"3":{"start":{"line":11,"column":4},"end":{"line":11,"column":45}},"4":{"start":{"line":15,"column":8},"end":{"line":15,"column":26}},"5":{"start":{"line":16,"column":8},"end":{"line":16,"column":47}},"6":{"start":{"line":17,"column":8},"end":{"line":17,"column":55}},"7":{"start":{"line":18,"column":8},"end":{"line":18,"column":59}},"8":{"start":{"line":19,"column":8},"end":{"line":19,"column":51}},"9":{"start":{"line":23,"column":8},"end":{"line":23,"column":35}},"10":{"start":{"line":27,"column":8},"end":{"line":31,"column":9}},"11":{"start":{"line":28,"column":12},"end":{"line":28,"column":33}},"12":{"start":{"line":30,"column":12},"end":{"line":30,"column":75}},"13":{"start":{"line":35,"column":8},"end":{"line":35,"column":62}},"14":{"start":{"line":39,"column":20},"end":{"line":43,"column":10}},"15":{"start":{"line":44,"column":8},"end":{"line":44,"column":28}},"16":{"start":{"line":45,"column":8},"end":{"line":64,"column":11}},"17":{"start":{"line":46,"column":12},"end":{"line":63,"column":null}},"18":{"start":{"line":49,"column":20},"end":{"line":49,"column":88}},"19":{"start":{"line":52,"column":20},"end":{"line":52,"column":79}},"20":{"start":{"line":57,"column":20},"end":{"line":61,"column":21}},"21":{"start":{"line":58,"column":24},"end":{"line":58,"column":36}},"22":{"start":{"line":59,"column":27},"end":{"line":61,"column":21}},"23":{"start":{"line":60,"column":24},"end":{"line":60,"column":38}},"24":{"start":{"line":68,"column":20},"end":{"line":73,"column":10}},"25":{"start":{"line":74,"column":8},"end":{"line":93,"column":11}},"26":{"start":{"line":75,"column":12},"end":{"line":92,"column":null}},"27":{"start":{"line":78,"column":20},"end":{"line":78,"column":83}},"28":{"start":{"line":81,"column":20},"end":{"line":81,"column":74}},"29":{"start":{"line":86,"column":20},"end":{"line":90,"column":21}},"30":{"start":{"line":87,"column":24},"end":{"line":87,"column":36}},"31":{"start":{"line":88,"column":27},"end":{"line":90,"column":21}},"32":{"start":{"line":89,"column":24},"end":{"line":89,"column":38}},"33":{"start":{"line":97,"column":20},"end":{"line":103,"column":10}},"34":{"start":{"line":104,"column":8},"end":{"line":123,"column":11}},"35":{"start":{"line":105,"column":12},"end":{"line":122,"column":null}},"36":{"start":{"line":108,"column":20},"end":{"line":108,"column":88}},"37":{"start":{"line":111,"column":20},"end":{"line":111,"column":79}},"38":{"start":{"line":116,"column":20},"end":{"line":120,"column":21}},"39":{"start":{"line":117,"column":24},"end":{"line":117,"column":36}},"40":{"start":{"line":118,"column":27},"end":{"line":120,"column":21}},"41":{"start":{"line":119,"column":24},"end":{"line":119,"column":38}},"42":{"start":{"line":6,"column":0},"end":{"line":6,"column":13}}},"fnMap":{"0":{"name":"(anonymous_9)","decl":{"start":{"line":14,"column":4},"end":{"line":14,"column":16}},"loc":{"start":{"line":14,"column":35},"end":{"line":20,"column":5}}},"1":{"name":"(anonymous_10)","decl":{"start":{"line":22,"column":4},"end":{"line":22,"column":10}},"loc":{"start":{"line":22,"column":18},"end":{"line":24,"column":5}}},"2":{"name":"(anonymous_11)","decl":{"start":{"line":26,"column":4},"end":{"line":26,"column":9}},"loc":{"start":{"line":26,"column":9},"end":{"line":32,"column":5}}},"3":{"name":"(anonymous_12)","decl":{"start":{"line":34,"column":12},"end":{"line":34,"column":15}},"loc":{"start":{"line":34,"column":30},"end":{"line":36,"column":5}}},"4":{"name":"(anonymous_13)","decl":{"start":{"line":38,"column":4},"end":{"line":38,"column":10}},"loc":{"start":{"line":38,"column":68},"end":{"line":65,"column":5}}},"5":{"name":"(anonymous_14)","decl":{"start":{"line":45,"column":27},"end":{"line":45,"column":28}},"loc":{"start":{"line":45,"column":47},"end":{"line":64,"column":9}}},"6":{"name":"(anonymous_15)","decl":{"start":{"line":48,"column":16},"end":{"line":48,"column":17}},"loc":{"start":{"line":48,"column":52},"end":{"line":50,"column":17}}},"7":{"name":"(anonymous_16)","decl":{"start":{"line":51,"column":16},"end":{"line":51,"column":17}},"loc":{"start":{"line":51,"column":33},"end":{"line":53,"column":17}}},"8":{"name":"(anonymous_17)","decl":{"start":{"line":56,"column":16},"end":{"line":56,"column":17}},"loc":{"start":{"line":56,"column":86},"end":{"line":62,"column":17}}},"9":{"name":"(anonymous_18)","decl":{"start":{"line":67,"column":4},"end":{"line":67,"column":10}},"loc":{"start":{"line":67,"column":53},"end":{"line":94,"column":5}}},"10":{"name":"(anonymous_19)","decl":{"start":{"line":74,"column":27},"end":{"line":74,"column":28}},"loc":{"start":{"line":74,"column":47},"end":{"line":93,"column":9}}},"11":{"name":"(anonymous_20)","decl":{"start":{"line":77,"column":16},"end":{"line":77,"column":17}},"loc":{"start":{"line":77,"column":47},"end":{"line":79,"column":17}}},"12":{"name":"(anonymous_21)","decl":{"start":{"line":80,"column":16},"end":{"line":80,"column":17}},"loc":{"start":{"line":80,"column":33},"end":{"line":82,"column":17}}},"13":{"name":"(anonymous_22)","decl":{"start":{"line":85,"column":16},"end":{"line":85,"column":17}},"loc":{"start":{"line":85,"column":81},"end":{"line":91,"column":17}}},"14":{"name":"(anonymous_23)","decl":{"start":{"line":96,"column":4},"end":{"line":96,"column":11}},"loc":{"start":{"line":96,"column":30},"end":{"line":124,"column":5}}},"15":{"name":"(anonymous_24)","decl":{"start":{"line":104,"column":27},"end":{"line":104,"column":28}},"loc":{"start":{"line":104,"column":47},"end":{"line":123,"column":9}}},"16":{"name":"(anonymous_25)","decl":{"start":{"line":107,"column":16},"end":{"line":107,"column":17}},"loc":{"start":{"line":107,"column":52},"end":{"line":109,"column":17}}},"17":{"name":"(anonymous_26)","decl":{"start":{"line":110,"column":16},"end":{"line":110,"column":17}},"loc":{"start":{"line":110,"column":33},"end":{"line":112,"column":17}}},"18":{"name":"(anonymous_27)","decl":{"start":{"line":115,"column":16},"end":{"line":115,"column":17}},"loc":{"start":{"line":115,"column":86},"end":{"line":121,"column":17}}}},"branchMap":{"0":{"loc":{"start":{"line":57,"column":20},"end":{"line":61,"column":21}},"type":"if","locations":[{"start":{"line":57,"column":20},"end":{"line":61,"column":21}},{"start":{"line":59,"column":27},"end":{"line":61,"column":21}}]},"1":{"loc":{"start":{"line":59,"column":27},"end":{"line":61,"column":21}},"type":"if","locations":[{"start":{"line":59,"column":27},"end":{"line":61,"column":21}}]},"2":{"loc":{"start":{"line":86,"column":20},"end":{"line":90,"column":21}},"type":"if","locations":[{"start":{"line":86,"column":20},"end":{"line":90,"column":21}},{"start":{"line":88,"column":27},"end":{"line":90,"column":21}}]},"3":{"loc":{"start":{"line":88,"column":27},"end":{"line":90,"column":21}},"type":"if","locations":[{"start":{"line":88,"column":27},"end":{"line":90,"column":21}}]},"4":{"loc":{"start":{"line":116,"column":20},"end":{"line":120,"column":21}},"type":"if","locations":[{"start":{"line":116,"column":20},"end":{"line":120,"column":21}},{"start":{"line":118,"column":27},"end":{"line":120,"column":21}}]},"5":{"loc":{"start":{"line":118,"column":27},"end":{"line":120,"column":21}},"type":"if","locations":[{"start":{"line":118,"column":27},"end":{"line":120,"column":21}}]}},"s":{"0":1,"1":1,"2":1,"3":1,"4":1,"5":1,"6":1,"7":1,"8":1,"9":0,"10":0,"11":0,"12":0,"13":1,"14":0,"15":0,"16":0,"17":0,"18":0,"19":0,"20":0,"21":0,"22":0,"23":0,"24":1,"25":1,"26":1,"27":1,"28":0,"29":0,"30":0,"31":0,"32":0,"33":0,"34":0,"35":0,"36":0,"37":0,"38":0,"39":0,"40":0,"41":0,"42":1},"f":{"0":1,"1":0,"2":0,"3":1,"4":0,"5":0,"6":0,"7":0,"8":0,"9":1,"10":1,"11":1,"12":0,"13":0,"14":0,"15":0,"16":0,"17":0,"18":0},"b":{"0":[0,0],"1":[0],"2":[0,0],"3":[0],"4":[0,0],"5":[0]}}
,"/Users/hzyaoqin/node/spark-connect-js/src/client/client_builder.ts": {"path":"/Users/hzyaoqin/node/spark-connect-js/src/client/client_builder.ts","statementMap":{"0":{"start":{"line":1,"column":0},"end":{"line":1,"column":44}},"1":{"start":{"line":2,"column":0},"end":{"line":2,"column":38}},"2":{"start":{"line":3,"column":0},"end":{"line":3,"column":64}},"3":{"start":{"line":4,"column":0},"end":{"line":4,"column":62}},"4":{"start":{"line":5,"column":0},"end":{"line":5,"column":78}},"5":{"start":{"line":6,"column":0},"end":{"line":6,"column":34}},"6":{"start":{"line":10,"column":12},"end":{"line":10,"column":55}},"7":{"start":{"line":13,"column":37},"end":{"line":13,"column":51}},"8":{"start":{"line":15,"column":20},"end":{"line":15,"column":36}},"9":{"start":{"line":16,"column":8},"end":{"line":18,"column":9}},"10":{"start":{"line":17,"column":12},"end":{"line":17,"column":76}},"11":{"start":{"line":19,"column":8},"end":{"line":19,"column":38}},"12":{"start":{"line":20,"column":8},"end":{"line":22,"column":9}},"13":{"start":{"line":21,"column":12},"end":{"line":21,"column":48}},"14":{"start":{"line":23,"column":8},"end":{"line":44,"column":11}},"15":{"start":{"line":24,"column":33},"end":{"line":24,"column":49}},"16":{"start":{"line":25,"column":12},"end":{"line":43,"column":13}},"17":{"start":{"line":26,"column":32},"end":{"line":26,"column":58}},"18":{"start":{"line":27,"column":20},"end":{"line":27,"column":26}},"19":{"start":{"line":28,"column":34},"end":{"line":28,"column":62}},"20":{"start":{"line":29,"column":20},"end":{"line":29,"column":26}},"21":{"start":{"line":30,"column":30},"end":{"line":30,"column":54}},"22":{"start":{"line":31,"column":20},"end":{"line":31,"column":26}},"23":{"start":{"line":32,"column":32},"end":{"line":32,"column":76}},"24":{"start":{"line":33,"column":20},"end":{"line":33,"column":26}},"25":{"start":{"line":35,"column":20},"end":{"line":37,"column":21}},"26":{"start":{"line":36,"column":24},"end":{"line":36,"column":72}},"27":{"start":{"line":38,"column":20},"end":{"line":38,"column":53}},"28":{"start":{"line":39,"column":20},"end":{"line":39,"column":26}},"29":{"start":{"line":40,"column":46},"end":{"line":40,"column":91}},"30":{"start":{"line":41,"column":20},"end":{"line":41,"column":26}},"31":{"start":{"line":42,"column":25},"end":{"line":42,"column":61}},"32":{"start":{"line":45,"column":8},"end":{"line":45,"column":20}},"33":{"start":{"line":49,"column":8},"end":{"line":49,"column":26}},"34":{"start":{"line":53,"column":8},"end":{"line":53,"column":38}},"35":{"start":{"line":8,"column":0},"end":{"line":8,"column":13}},"36":{"start":{"line":64,"column":12},"end":{"line":64,"column":45}},"37":{"start":{"line":85,"column":8},"end":{"line":85,"column":32}},"38":{"start":{"line":86,"column":8},"end":{"line":86,"column":36}},"39":{"start":{"line":87,"column":8},"end":{"line":87,"column":26}},"40":{"start":{"line":88,"column":8},"end":{"line":88,"column":26}},"41":{"start":{"line":89,"column":8},"end":{"line":89,"column":28}},"42":{"start":{"line":90,"column":8},"end":{"line":90,"column":46}},"43":{"start":{"line":91,"column":8},"end":{"line":91,"column":34}},"44":{"start":{"line":92,"column":8},"end":{"line":92,"column":66}},"45":{"start":{"line":93,"column":8},"end":{"line":93,"column":42}},"46":{"start":{"line":94,"column":8},"end":{"line":94,"column":38}},"47":{"start":{"line":95,"column":8},"end":{"line":95,"column":50}},"48":{"start":{"line":96,"column":8},"end":{"line":96,"column":56}},"49":{"start":{"line":100,"column":8},"end":{"line":100,"column":32}},"50":{"start":{"line":104,"column":8},"end":{"line":104,"column":36}},"51":{"start":{"line":108,"column":8},"end":{"line":108,"column":26}},"52":{"start":{"line":112,"column":8},"end":{"line":112,"column":26}},"53":{"start":{"line":116,"column":8},"end":{"line":116,"column":28}},"54":{"start":{"line":120,"column":8},"end":{"line":120,"column":46}},"55":{"start":{"line":124,"column":8},"end":{"line":124,"column":38}},"56":{"start":{"line":128,"column":8},"end":{"line":130,"column":9}},"57":{"start":{"line":129,"column":12},"end":{"line":129,"column":40}},"58":{"start":{"line":131,"column":8},"end":{"line":131,"column":32}},"59":{"start":{"line":135,"column":8},"end":{"line":135,"column":50}},"60":{"start":{"line":139,"column":8},"end":{"line":139,"column":39}},"61":{"start":{"line":143,"column":8},"end":{"line":143,"column":null}},"62":{"start":{"line":147,"column":17},"end":{"line":150,"column":10}},"63":{"start":{"line":151,"column":8},"end":{"line":151,"column":18}},"64":{"start":{"line":155,"column":8},"end":{"line":163,"column":9}},"65":{"start":{"line":156,"column":12},"end":{"line":160,"column":13}},"66":{"start":{"line":157,"column":16},"end":{"line":157,"column":78}},"67":{"start":{"line":159,"column":16},"end":{"line":159,"column":54}},"68":{"start":{"line":162,"column":12},"end":{"line":162,"column":55}},"69":{"start":{"line":167,"column":24},"end":{"line":167,"column":53}},"70":{"start":{"line":168,"column":23},"end":{"line":168,"column":71}},"71":{"start":{"line":170,"column":8},"end":{"line":170,"column":22}},"72":{"start":{"line":58,"column":0},"end":{"line":58,"column":13}}},"fnMap":{"0":{"name":"(anonymous_9)","decl":{"start":{"line":8,"column":0},"end":{"line":8,"column":13}},"loc":{"start":{"line":8,"column":0},"end":{"line":56,"column":1}}},"1":{"name":"(anonymous_10)","decl":{"start":{"line":12,"column":4},"end":{"line":12,"column":20}},"loc":{"start":{"line":12,"column":32},"end":{"line":46,"column":5}}},"2":{"name":"(anonymous_11)","decl":{"start":{"line":23,"column":23},"end":{"line":23,"column":28}},"loc":{"start":{"line":23,"column":31},"end":{"line":44,"column":9}}},"3":{"name":"(anonymous_12)","decl":{"start":{"line":48,"column":4},"end":{"line":48,"column":8}},"loc":{"start":{"line":48,"column":8},"end":{"line":50,"column":5}}},"4":{"name":"(anonymous_13)","decl":{"start":{"line":52,"column":4},"end":{"line":52,"column":9}},"loc":{"start":{"line":52,"column":9},"end":{"line":54,"column":5}}},"5":{"name":"(anonymous_14)","decl":{"start":{"line":72,"column":4},"end":{"line":72,"column":null}},"loc":{"start":{"line":84,"column":42},"end":{"line":97,"column":5}}},"6":{"name":"(anonymous_15)","decl":{"start":{"line":99,"column":4},"end":{"line":99,"column":11}},"loc":{"start":{"line":99,"column":27},"end":{"line":101,"column":5}}},"7":{"name":"(anonymous_16)","decl":{"start":{"line":103,"column":4},"end":{"line":103,"column":13}},"loc":{"start":{"line":103,"column":31},"end":{"line":105,"column":5}}},"8":{"name":"(anonymous_17)","decl":{"start":{"line":107,"column":4},"end":{"line":107,"column":8}},"loc":{"start":{"line":107,"column":21},"end":{"line":109,"column":5}}},"9":{"name":"(anonymous_18)","decl":{"start":{"line":111,"column":4},"end":{"line":111,"column":8}},"loc":{"start":{"line":111,"column":21},"end":{"line":113,"column":5}}},"10":{"name":"(anonymous_19)","decl":{"start":{"line":115,"column":4},"end":{"line":115,"column":9}},"loc":{"start":{"line":115,"column":23},"end":{"line":117,"column":5}}},"11":{"name":"(anonymous_20)","decl":{"start":{"line":119,"column":4},"end":{"line":119,"column":18}},"loc":{"start":{"line":119,"column":42},"end":{"line":121,"column":5}}},"12":{"name":"(anonymous_21)","decl":{"start":{"line":123,"column":4},"end":{"line":123,"column":18}},"loc":{"start":{"line":123,"column":37},"end":{"line":125,"column":5}}},"13":{"name":"(anonymous_22)","decl":{"start":{"line":127,"column":4},"end":{"line":127,"column":18}},"loc":{"start":{"line":127,"column":18},"end":{"line":132,"column":5}}},"14":{"name":"(anonymous_23)","decl":{"start":{"line":134,"column":4},"end":{"line":134,"column":20}},"loc":{"start":{"line":134,"column":45},"end":{"line":136,"column":5}}},"15":{"name":"(anonymous_24)","decl":{"start":{"line":138,"column":4},"end":{"line":138,"column":16}},"loc":{"start":{"line":138,"column":43},"end":{"line":140,"column":5}}},"16":{"name":"(anonymous_25)","decl":{"start":{"line":142,"column":4},"end":{"line":142,"column":16}},"loc":{"start":{"line":142,"column":16},"end":{"line":144,"column":5}}},"17":{"name":"(anonymous_26)","decl":{"start":{"line":146,"column":4},"end":{"line":146,"column":20}},"loc":{"start":{"line":146,"column":20},"end":{"line":152,"column":5}}},"18":{"name":"(anonymous_27)","decl":{"start":{"line":154,"column":4},"end":{"line":154,"column":15}},"loc":{"start":{"line":154,"column":15},"end":{"line":164,"column":5}}},"19":{"name":"(anonymous_28)","decl":{"start":{"line":166,"column":4},"end":{"line":166,"column":14}},"loc":{"start":{"line":166,"column":14},"end":{"line":171,"column":5}}}},"branchMap":{"0":{"loc":{"start":{"line":16,"column":8},"end":{"line":18,"column":9}},"type":"if","locations":[{"start":{"line":16,"column":8},"end":{"line":18,"column":9}}]},"1":{"loc":{"start":{"line":20,"column":8},"end":{"line":22,"column":9}},"type":"if","locations":[{"start":{"line":20,"column":8},"end":{"line":22,"column":9}}]},"2":{"loc":{"start":{"line":25,"column":12},"end":{"line":43,"column":13}},"type":"switch","locations":[{"start":{"line":26,"column":16},"end":{"line":27,"column":26}},{"start":{"line":28,"column":16},"end":{"line":29,"column":26}},{"start":{"line":30,"column":16},"end":{"line":31,"column":26}},{"start":{"line":32,"column":16},"end":{"line":33,"column":26}},{"start":{"line":34,"column":16},"end":{"line":39,"column":26}},{"start":{"line":40,"column":16},"end":{"line":41,"column":26}},{"start":{"line":42,"column":16},"end":{"line":42,"column":61}}]},"3":{"loc":{"start":{"line":35,"column":20},"end":{"line":37,"column":21}},"type":"if","locations":[{"start":{"line":35,"column":20},"end":{"line":37,"column":21}}]},"4":{"loc":{"start":{"line":75,"column":8},"end":{"line":75,"column":34}},"type":"default-arg","locations":[{"start":{"line":75,"column":23},"end":{"line":75,"column":34}}]},"5":{"loc":{"start":{"line":76,"column":8},"end":{"line":76,"column":28}},"type":"default-arg","locations":[{"start":{"line":76,"column":23},"end":{"line":76,"column":28}}]},"6":{"loc":{"start":{"line":77,"column":8},"end":{"line":77,"column":35}},"type":"default-arg","locations":[{"start":{"line":77,"column":31},"end":{"line":77,"column":35}}]},"7":{"loc":{"start":{"line":78,"column":8},"end":{"line":78,"column":39}},"type":"default-arg","locations":[{"start":{"line":78,"column":34},"end":{"line":78,"column":39}}]},"8":{"loc":{"start":{"line":79,"column":8},"end":{"line":79,"column":53}},"type":"default-arg","locations":[{"start":{"line":79,"column":34},"end":{"line":79,"column":53}}]},"9":{"loc":{"start":{"line":80,"column":8},"end":{"line":80,"column":48}},"type":"default-arg","locations":[{"start":{"line":80,"column":44},"end":{"line":80,"column":48}}]},"10":{"loc":{"start":{"line":81,"column":8},"end":{"line":81,"column":40}},"type":"default-arg","locations":[{"start":{"line":81,"column":38},"end":{"line":81,"column":40}}]},"11":{"loc":{"start":{"line":82,"column":8},"end":{"line":82,"column":40}},"type":"default-arg","locations":[{"start":{"line":82,"column":36},"end":{"line":82,"column":40}}]},"12":{"loc":{"start":{"line":83,"column":8},"end":{"line":83,"column":52}},"type":"default-arg","locations":[{"start":{"line":83,"column":35},"end":{"line":83,"column":52}}]},"13":{"loc":{"start":{"line":84,"column":8},"end":{"line":84,"column":42}},"type":"default-arg","locations":[{"start":{"line":84,"column":38},"end":{"line":84,"column":42}}]},"14":{"loc":{"start":{"line":128,"column":8},"end":{"line":130,"column":9}},"type":"if","locations":[{"start":{"line":128,"column":8},"end":{"line":130,"column":9}}]},"15":{"loc":{"start":{"line":155,"column":8},"end":{"line":163,"column":9}},"type":"if","locations":[{"start":{"line":155,"column":8},"end":{"line":163,"column":9}},{"start":{"line":161,"column":15},"end":{"line":163,"column":9}}]},"16":{"loc":{"start":{"line":156,"column":12},"end":{"line":160,"column":13}},"type":"if","locations":[{"start":{"line":156,"column":12},"end":{"line":160,"column":13}},{"start":{"line":158,"column":19},"end":{"line":160,"column":13}}]}},"s":{"0":1,"1":1,"2":1,"3":1,"4":1,"5":1,"6":1,"7":1,"8":1,"9":1,"10":0,"11":1,"12":1,"13":0,"14":1,"15":0,"16":0,"17":0,"18":0,"19":0,"20":0,"21":0,"22":0,"23":0,"24":0,"25":0,"26":0,"27":0,"28":0,"29":0,"30":0,"31":0,"32":1,"33":0,"34":1,"35":1,"36":1,"37":1,"38":1,"39":1,"40":1,"41":1,"42":1,"43":1,"44":1,"45":1,"46":1,"47":1,"48":1,"49":0,"50":0,"51":1,"52":0,"53":0,"54":0,"55":0,"56":1,"57":1,"58":1,"59":0,"60":0,"61":1,"62":1,"63":1,"64":1,"65":0,"66":0,"67":0,"68":1,"69":1,"70":1,"71":1,"72":1},"f":{"0":1,"1":1,"2":0,"3":0,"4":1,"5":1,"6":0,"7":0,"8":1,"9":0,"10":0,"11":0,"12":0,"13":1,"14":0,"15":0,"16":1,"17":1,"18":1,"19":1},"b":{"0":[0],"1":[0],"2":[0,0,0,0,0,0,0],"3":[0],"4":[1],"5":[1],"6":[1],"7":[1],"8":[1],"9":[1],"10":[1],"11":[1],"12":[1],"13":[1],"14":[1],"15":[0,1],"16":[0,0]}}
,"/Users/hzyaoqin/node/spark-connect-js/src/gen/spark/connect/base_pb.ts": {"path":"/Users/hzyaoqin/node/spark-connect-js/src/gen/spark/connect/base_pb.ts","statementMap":{"0":{"start":{"line":22,"column":0},"end":{"line":22,"column":92}},"1":{"start":{"line":24,"column":0},"end":{"line":24,"column":66}},"2":{"start":{"line":26,"column":0},"end":{"line":26,"column":60}},"3":{"start":{"line":28,"column":0},"end":{"line":28,"column":56}},"4":{"start":{"line":30,"column":0},"end":{"line":30,"column":66}},"5":{"start":{"line":32,"column":0},"end":{"line":32,"column":62}},"6":{"start":{"line":34,"column":0},"end":{"line":34,"column":54}},"7":{"start":{"line":40,"column":13},"end":{"line":41,"column":18523}},"8":{"start":{"line":74,"column":13},"end":{"line":75,"column":42}},"9":{"start":{"line":109,"column":13},"end":{"line":110,"column":42}},"10":{"start":{"line":244,"column":13},"end":{"line":245,"column":42}},"11":{"start":{"line":263,"column":13},"end":{"line":264,"column":45}},"12":{"start":{"line":291,"column":13},"end":{"line":292,"column":45}},"13":{"start":{"line":299,"column":0},"end":{"line":299,"column":null}},"14":{"start":{"line":303,"column":2},"end":{"line":303,"column":null}},"15":{"start":{"line":310,"column":2},"end":{"line":310,"column":null}},"16":{"start":{"line":321,"column":2},"end":{"line":321,"column":null}},"17":{"start":{"line":328,"column":2},"end":{"line":328,"column":null}},"18":{"start":{"line":335,"column":2},"end":{"line":335,"column":null}},"19":{"start":{"line":342,"column":2},"end":{"line":342,"column":null}},"20":{"start":{"line":348,"column":13},"end":{"line":349,"column":45}},"21":{"start":{"line":374,"column":13},"end":{"line":375,"column":45}},"22":{"start":{"line":393,"column":13},"end":{"line":394,"column":45}},"23":{"start":{"line":412,"column":13},"end":{"line":413,"column":45}},"24":{"start":{"line":431,"column":13},"end":{"line":432,"column":45}},"25":{"start":{"line":444,"column":13},"end":{"line":445,"column":45}},"26":{"start":{"line":463,"column":13},"end":{"line":464,"column":45}},"27":{"start":{"line":491,"column":13},"end":{"line":492,"column":45}},"28":{"start":{"line":510,"column":13},"end":{"line":511,"column":45}},"29":{"start":{"line":536,"column":13},"end":{"line":537,"column":46}},"30":{"start":{"line":562,"column":13},"end":{"line":563,"column":46}},"31":{"start":{"line":581,"column":13},"end":{"line":582,"column":46}},"32":{"start":{"line":693,"column":13},"end":{"line":694,"column":42}},"33":{"start":{"line":710,"column":13},"end":{"line":711,"column":45}},"34":{"start":{"line":727,"column":13},"end":{"line":728,"column":45}},"35":{"start":{"line":744,"column":13},"end":{"line":745,"column":45}},"36":{"start":{"line":761,"column":13},"end":{"line":762,"column":45}},"37":{"start":{"line":778,"column":13},"end":{"line":779,"column":45}},"38":{"start":{"line":797,"column":13},"end":{"line":798,"column":45}},"39":{"start":{"line":814,"column":13},"end":{"line":815,"column":45}},"40":{"start":{"line":831,"column":13},"end":{"line":832,"column":45}},"41":{"start":{"line":848,"column":13},"end":{"line":849,"column":45}},"42":{"start":{"line":865,"column":13},"end":{"line":866,"column":45}},"43":{"start":{"line":878,"column":13},"end":{"line":879,"column":46}},"44":{"start":{"line":891,"column":13},"end":{"line":892,"column":46}},"45":{"start":{"line":910,"column":13},"end":{"line":911,"column":46}},"46":{"start":{"line":999,"column":13},"end":{"line":1000,"column":42}},"47":{"start":{"line":1030,"column":13},"end":{"line":1031,"column":45}},"48":{"start":{"line":1200,"column":13},"end":{"line":1201,"column":42}},"49":{"start":{"line":1220,"column":13},"end":{"line":1221,"column":45}},"50":{"start":{"line":1255,"column":13},"end":{"line":1256,"column":45}},"51":{"start":{"line":1272,"column":13},"end":{"line":1273,"column":45}},"52":{"start":{"line":1304,"column":13},"end":{"line":1305,"column":48}},"53":{"start":{"line":1331,"column":13},"end":{"line":1332,"column":48}},"54":{"start":{"line":1363,"column":13},"end":{"line":1364,"column":45}},"55":{"start":{"line":1380,"column":13},"end":{"line":1381,"column":45}},"56":{"start":{"line":1408,"column":13},"end":{"line":1409,"column":45}},"57":{"start":{"line":1445,"column":13},"end":{"line":1446,"column":48}},"58":{"start":{"line":1473,"column":13},"end":{"line":1474,"column":42}},"59":{"start":{"line":1532,"column":13},"end":{"line":1533,"column":42}},"60":{"start":{"line":1591,"column":13},"end":{"line":1592,"column":45}},"61":{"start":{"line":1610,"column":13},"end":{"line":1611,"column":45}},"62":{"start":{"line":1629,"column":13},"end":{"line":1630,"column":45}},"63":{"start":{"line":1648,"column":13},"end":{"line":1649,"column":45}},"64":{"start":{"line":1667,"column":13},"end":{"line":1668,"column":45}},"65":{"start":{"line":1686,"column":13},"end":{"line":1687,"column":45}},"66":{"start":{"line":1705,"column":13},"end":{"line":1706,"column":45}},"67":{"start":{"line":1724,"column":13},"end":{"line":1725,"column":45}},"68":{"start":{"line":1771,"column":13},"end":{"line":1772,"column":42}},"69":{"start":{"line":1855,"column":13},"end":{"line":1856,"column":42}},"70":{"start":{"line":1883,"column":13},"end":{"line":1884,"column":45}},"71":{"start":{"line":1917,"column":13},"end":{"line":1918,"column":45}},"72":{"start":{"line":1936,"column":13},"end":{"line":1937,"column":45}},"73":{"start":{"line":1982,"column":13},"end":{"line":1983,"column":45}},"74":{"start":{"line":2020,"column":13},"end":{"line":2021,"column":43}},"75":{"start":{"line":2048,"column":13},"end":{"line":2049,"column":46}},"76":{"start":{"line":2112,"column":13},"end":{"line":2113,"column":43}},"77":{"start":{"line":2149,"column":13},"end":{"line":2150,"column":43}},"78":{"start":{"line":2168,"column":13},"end":{"line":2169,"column":46}},"79":{"start":{"line":2246,"column":13},"end":{"line":2247,"column":43}},"80":{"start":{"line":2252,"column":0},"end":{"line":2252,"column":null}},"81":{"start":{"line":2256,"column":2},"end":{"line":2256,"column":null}},"82":{"start":{"line":2263,"column":2},"end":{"line":2263,"column":null}},"83":{"start":{"line":2270,"column":2},"end":{"line":2270,"column":null}},"84":{"start":{"line":2277,"column":2},"end":{"line":2277,"column":null}},"85":{"start":{"line":2283,"column":13},"end":{"line":2284,"column":43}},"86":{"start":{"line":2319,"column":13},"end":{"line":2320,"column":43}},"87":{"start":{"line":2345,"column":13},"end":{"line":2346,"column":43}},"88":{"start":{"line":2419,"column":13},"end":{"line":2420,"column":43}},"89":{"start":{"line":2496,"column":13},"end":{"line":2497,"column":43}},"90":{"start":{"line":2512,"column":13},"end":{"line":2513,"column":46}},"91":{"start":{"line":2535,"column":13},"end":{"line":2536,"column":46}},"92":{"start":{"line":2573,"column":13},"end":{"line":2574,"column":43}},"93":{"start":{"line":2614,"column":13},"end":{"line":2615,"column":43}},"94":{"start":{"line":2643,"column":13},"end":{"line":2644,"column":43}},"95":{"start":{"line":2698,"column":13},"end":{"line":2699,"column":43}},"96":{"start":{"line":2739,"column":13},"end":{"line":2740,"column":43}},"97":{"start":{"line":2779,"column":13},"end":{"line":2780,"column":46}},"98":{"start":{"line":2852,"column":13},"end":{"line":2853,"column":46}},"99":{"start":{"line":2860,"column":0},"end":{"line":2860,"column":null}},"100":{"start":{"line":2864,"column":2},"end":{"line":2864,"column":null}},"101":{"start":{"line":2869,"column":2},"end":{"line":2869,"column":null}},"102":{"start":{"line":2875,"column":13},"end":{"line":2876,"column":46}},"103":{"start":{"line":2918,"column":13},"end":{"line":2919,"column":46}},"104":{"start":{"line":2968,"column":13},"end":{"line":2969,"column":46}},"105":{"start":{"line":2987,"column":13},"end":{"line":2988,"column":43}},"106":{"start":{"line":2995,"column":13},"end":{"line":3109,"column":42}}},"fnMap":{"0":{"name":"(anonymous_0)","decl":{"start":{"line":299,"column":0},"end":{"line":299,"column":12}},"loc":{"start":{"line":299,"column":50},"end":{"line":343,"column":1}}},"1":{"name":"(anonymous_1)","decl":{"start":{"line":2252,"column":0},"end":{"line":2252,"column":12}},"loc":{"start":{"line":2252,"column":42},"end":{"line":2278,"column":1}}},"2":{"name":"(anonymous_2)","decl":{"start":{"line":2860,"column":0},"end":{"line":2860,"column":12}},"loc":{"start":{"line":2860,"column":62},"end":{"line":2870,"column":1}}}},"branchMap":{"0":{"loc":{"start":{"line":299,"column":12},"end":{"line":299,"column":null}},"type":"binary-expr","locations":[{"start":{"line":299,"column":12},"end":{"line":299,"column":50}},{"start":{"line":299,"column":50},"end":{"line":299,"column":null}}]},"1":{"loc":{"start":{"line":2252,"column":12},"end":{"line":2252,"column":null}},"type":"binary-expr","locations":[{"start":{"line":2252,"column":12},"end":{"line":2252,"column":42}},{"start":{"line":2252,"column":42},"end":{"line":2252,"column":null}}]},"2":{"loc":{"start":{"line":2860,"column":12},"end":{"line":2860,"column":null}},"type":"binary-expr","locations":[{"start":{"line":2860,"column":12},"end":{"line":2860,"column":62}},{"start":{"line":2860,"column":62},"end":{"line":2860,"column":null}}]}},"s":{"0":1,"1":1,"2":1,"3":1,"4":1,"5":1,"6":1,"7":1,"8":1,"9":1,"10":1,"11":1,"12":1,"13":1,"14":1,"15":1,"16":1,"17":1,"18":1,"19":1,"20":1,"21":1,"22":1,"23":1,"24":1,"25":1,"26":1,"27":1,"28":1,"29":1,"30":1,"31":1,"32":1,"33":1,"34":1,"35":1,"36":1,"37":1,"38":1,"39":1,"40":1,"41":1,"42":1,"43":1,"44":1,"45":1,"46":1,"47":1,"48":1,"49":1,"50":1,"51":1,"52":1,"53":1,"54":1,"55":1,"56":1,"57":1,"58":1,"59":1,"60":1,"61":1,"62":1,"63":1,"64":1,"65":1,"66":1,"67":1,"68":1,"69":1,"70":1,"71":1,"72":1,"73":1,"74":1,"75":1,"76":1,"77":1,"78":1,"79":1,"80":1,"81":1,"82":1,"83":1,"84":1,"85":1,"86":1,"87":1,"88":1,"89":1,"90":1,"91":1,"92":1,"93":1,"94":1,"95":1,"96":1,"97":1,"98":1,"99":1,"100":1,"101":1,"102":1,"103":1,"104":1,"105":1,"106":1},"f":{"0":1,"1":1,"2":1},"b":{"0":[1,1],"1":[1,1],"2":[1,1]}}
,"/Users/hzyaoqin/node/spark-connect-js/src/gen/spark/connect/catalog_pb.ts": {"path":"/Users/hzyaoqin/node/spark-connect-js/src/gen/spark/connect/catalog_pb.ts","statementMap":{"0":{"start":{"line":22,"column":0},"end":{"line":22,"column":69}},"1":{"start":{"line":24,"column":0},"end":{"line":24,"column":56}},"2":{"start":{"line":26,"column":0},"end":{"line":26,"column":54}},"3":{"start":{"line":32,"column":13},"end":{"line":33,"column":4528}},"4":{"start":{"line":207,"column":13},"end":{"line":208,"column":45}},"5":{"start":{"line":222,"column":13},"end":{"line":223,"column":45}},"6":{"start":{"line":243,"column":13},"end":{"line":244,"column":45}},"7":{"start":{"line":264,"column":13},"end":{"line":265,"column":45}},"8":{"start":{"line":292,"column":13},"end":{"line":293,"column":45}},"9":{"start":{"line":320,"column":13},"end":{"line":321,"column":45}},"10":{"start":{"line":348,"column":13},"end":{"line":349,"column":45}},"11":{"start":{"line":369,"column":13},"end":{"line":370,"column":45}},"12":{"start":{"line":397,"column":13},"end":{"line":398,"column":45}},"13":{"start":{"line":425,"column":13},"end":{"line":426,"column":45}},"14":{"start":{"line":446,"column":13},"end":{"line":447,"column":46}},"15":{"start":{"line":474,"column":13},"end":{"line":475,"column":46}},"16":{"start":{"line":502,"column":13},"end":{"line":503,"column":46}},"17":{"start":{"line":552,"column":13},"end":{"line":553,"column":46}},"18":{"start":{"line":609,"column":13},"end":{"line":610,"column":46}},"19":{"start":{"line":630,"column":13},"end":{"line":631,"column":46}},"20":{"start":{"line":651,"column":13},"end":{"line":652,"column":46}},"21":{"start":{"line":672,"column":13},"end":{"line":673,"column":46}},"22":{"start":{"line":693,"column":13},"end":{"line":694,"column":46}},"23":{"start":{"line":721,"column":13},"end":{"line":722,"column":46}},"24":{"start":{"line":742,"column":13},"end":{"line":743,"column":46}},"25":{"start":{"line":757,"column":13},"end":{"line":758,"column":46}},"26":{"start":{"line":778,"column":13},"end":{"line":779,"column":46}},"27":{"start":{"line":799,"column":13},"end":{"line":800,"column":46}},"28":{"start":{"line":814,"column":13},"end":{"line":815,"column":46}},"29":{"start":{"line":835,"column":13},"end":{"line":836,"column":46}},"30":{"start":{"line":856,"column":13},"end":{"line":857,"column":46}}},"fnMap":{},"branchMap":{},"s":{"0":1,"1":1,"2":1,"3":1,"4":1,"5":1,"6":1,"7":1,"8":1,"9":1,"10":1,"11":1,"12":1,"13":1,"14":1,"15":1,"16":1,"17":1,"18":1,"19":1,"20":1,"21":1,"22":1,"23":1,"24":1,"25":1,"26":1,"27":1,"28":1,"29":1,"30":1},"f":{},"b":{}}
,"/Users/hzyaoqin/node/spark-connect-js/src/gen/spark/connect/commands_pb.ts": {"path":"/Users/hzyaoqin/node/spark-connect-js/src/gen/spark/connect/commands_pb.ts","statementMap":{"0":{"start":{"line":22,"column":0},"end":{"line":22,"column":79}},"1":{"start":{"line":24,"column":0},"end":{"line":24,"column":66}},"2":{"start":{"line":26,"column":0},"end":{"line":26,"column":56}},"3":{"start":{"line":28,"column":0},"end":{"line":28,"column":66}},"4":{"start":{"line":30,"column":0},"end":{"line":30,"column":62}},"5":{"start":{"line":36,"column":13},"end":{"line":37,"column":12411}},"6":{"start":{"line":161,"column":13},"end":{"line":162,"column":46}},"7":{"start":{"line":229,"column":13},"end":{"line":230,"column":46}},"8":{"start":{"line":274,"column":13},"end":{"line":275,"column":46}},"9":{"start":{"line":368,"column":13},"end":{"line":369,"column":46}},"10":{"start":{"line":394,"column":13},"end":{"line":395,"column":49}},"11":{"start":{"line":400,"column":0},"end":{"line":400,"column":null}},"12":{"start":{"line":404,"column":2},"end":{"line":404,"column":null}},"13":{"start":{"line":409,"column":2},"end":{"line":409,"column":null}},"14":{"start":{"line":414,"column":2},"end":{"line":414,"column":null}},"15":{"start":{"line":420,"column":13},"end":{"line":421,"column":49}},"16":{"start":{"line":442,"column":13},"end":{"line":443,"column":49}},"17":{"start":{"line":448,"column":0},"end":{"line":448,"column":null}},"18":{"start":{"line":452,"column":2},"end":{"line":452,"column":null}},"19":{"start":{"line":457,"column":2},"end":{"line":457,"column":null}},"20":{"start":{"line":462,"column":2},"end":{"line":462,"column":null}},"21":{"start":{"line":467,"column":2},"end":{"line":467,"column":null}},"22":{"start":{"line":472,"column":2},"end":{"line":472,"column":null}},"23":{"start":{"line":478,"column":13},"end":{"line":479,"column":46}},"24":{"start":{"line":557,"column":13},"end":{"line":558,"column":46}},"25":{"start":{"line":563,"column":0},"end":{"line":563,"column":null}},"26":{"start":{"line":567,"column":2},"end":{"line":567,"column":null}},"27":{"start":{"line":572,"column":2},"end":{"line":572,"column":null}},"28":{"start":{"line":577,"column":2},"end":{"line":577,"column":null}},"29":{"start":{"line":582,"column":2},"end":{"line":582,"column":null}},"30":{"start":{"line":587,"column":2},"end":{"line":587,"column":null}},"31":{"start":{"line":592,"column":2},"end":{"line":592,"column":null}},"32":{"start":{"line":597,"column":2},"end":{"line":597,"column":null}},"33":{"start":{"line":603,"column":13},"end":{"line":604,"column":46}},"34":{"start":{"line":715,"column":13},"end":{"line":716,"column":46}},"35":{"start":{"line":744,"column":13},"end":{"line":745,"column":46}},"36":{"start":{"line":777,"column":13},"end":{"line":778,"column":46}},"37":{"start":{"line":811,"column":13},"end":{"line":812,"column":46}},"38":{"start":{"line":903,"column":13},"end":{"line":904,"column":46}},"39":{"start":{"line":923,"column":13},"end":{"line":924,"column":49}},"40":{"start":{"line":940,"column":13},"end":{"line":941,"column":49}},"41":{"start":{"line":996,"column":13},"end":{"line":997,"column":47}},"42":{"start":{"line":1030,"column":13},"end":{"line":1031,"column":50}},"43":{"start":{"line":1049,"column":13},"end":{"line":1050,"column":50}},"44":{"start":{"line":1068,"column":13},"end":{"line":1069,"column":50}},"45":{"start":{"line":1102,"column":13},"end":{"line":1103,"column":50}},"46":{"start":{"line":1119,"column":13},"end":{"line":1120,"column":50}},"47":{"start":{"line":1196,"column":13},"end":{"line":1197,"column":47}},"48":{"start":{"line":1215,"column":13},"end":{"line":1216,"column":50}},"49":{"start":{"line":1242,"column":13},"end":{"line":1243,"column":50}},"50":{"start":{"line":1303,"column":13},"end":{"line":1304,"column":47}},"51":{"start":{"line":1320,"column":13},"end":{"line":1321,"column":50}},"52":{"start":{"line":1346,"column":13},"end":{"line":1347,"column":50}},"53":{"start":{"line":1363,"column":13},"end":{"line":1364,"column":50}},"54":{"start":{"line":1380,"column":13},"end":{"line":1381,"column":50}},"55":{"start":{"line":1399,"column":13},"end":{"line":1400,"column":50}},"56":{"start":{"line":1434,"column":13},"end":{"line":1435,"column":47}},"57":{"start":{"line":1462,"column":13},"end":{"line":1463,"column":47}},"58":{"start":{"line":1484,"column":13},"end":{"line":1485,"column":47}},"59":{"start":{"line":1499,"column":13},"end":{"line":1500,"column":47}},"60":{"start":{"line":1518,"column":13},"end":{"line":1519,"column":47}},"61":{"start":{"line":1539,"column":13},"end":{"line":1540,"column":47}},"62":{"start":{"line":1560,"column":13},"end":{"line":1561,"column":47}},"63":{"start":{"line":1581,"column":13},"end":{"line":1582,"column":47}},"64":{"start":{"line":1622,"column":13},"end":{"line":1623,"column":47}},"65":{"start":{"line":1683,"column":13},"end":{"line":1684,"column":47}},"66":{"start":{"line":1693,"column":0},"end":{"line":1693,"column":null}},"67":{"start":{"line":1697,"column":2},"end":{"line":1697,"column":null}},"68":{"start":{"line":1702,"column":2},"end":{"line":1702,"column":null}},"69":{"start":{"line":1707,"column":2},"end":{"line":1707,"column":null}},"70":{"start":{"line":1712,"column":2},"end":{"line":1712,"column":null}},"71":{"start":{"line":1718,"column":13},"end":{"line":1719,"column":43}}},"fnMap":{"0":{"name":"(anonymous_0)","decl":{"start":{"line":400,"column":0},"end":{"line":400,"column":12}},"loc":{"start":{"line":400,"column":52},"end":{"line":415,"column":1}}},"1":{"name":"(anonymous_1)","decl":{"start":{"line":448,"column":0},"end":{"line":448,"column":12}},"loc":{"start":{"line":448,"column":35},"end":{"line":473,"column":1}}},"2":{"name":"(anonymous_2)","decl":{"start":{"line":563,"column":0},"end":{"line":563,"column":12}},"loc":{"start":{"line":563,"column":33},"end":{"line":598,"column":1}}},"3":{"name":"(anonymous_3)","decl":{"start":{"line":1693,"column":0},"end":{"line":1693,"column":12}},"loc":{"start":{"line":1693,"column":35},"end":{"line":1713,"column":1}}}},"branchMap":{"0":{"loc":{"start":{"line":400,"column":12},"end":{"line":400,"column":null}},"type":"binary-expr","locations":[{"start":{"line":400,"column":12},"end":{"line":400,"column":52}},{"start":{"line":400,"column":52},"end":{"line":400,"column":null}}]},"1":{"loc":{"start":{"line":448,"column":12},"end":{"line":448,"column":null}},"type":"binary-expr","locations":[{"start":{"line":448,"column":12},"end":{"line":448,"column":35}},{"start":{"line":448,"column":35},"end":{"line":448,"column":null}}]},"2":{"loc":{"start":{"line":563,"column":12},"end":{"line":563,"column":null}},"type":"binary-expr","locations":[{"start":{"line":563,"column":12},"end":{"line":563,"column":33}},{"start":{"line":563,"column":33},"end":{"line":563,"column":null}}]},"3":{"loc":{"start":{"line":1693,"column":12},"end":{"line":1693,"column":null}},"type":"binary-expr","locations":[{"start":{"line":1693,"column":12},"end":{"line":1693,"column":35}},{"start":{"line":1693,"column":35},"end":{"line":1693,"column":null}}]}},"s":{"0":1,"1":1,"2":1,"3":1,"4":1,"5":1,"6":1,"7":1,"8":1,"9":1,"10":1,"11":1,"12":1,"13":1,"14":1,"15":1,"16":1,"17":1,"18":1,"19":1,"20":1,"21":1,"22":1,"23":1,"24":1,"25":1,"26":1,"27":1,"28":1,"29":1,"30":1,"31":1,"32":1,"33":1,"34":1,"35":1,"36":1,"37":1,"38":1,"39":1,"40":1,"41":1,"42":1,"43":1,"44":1,"45":1,"46":1,"47":1,"48":1,"49":1,"50":1,"51":1,"52":1,"53":1,"54":1,"55":1,"56":1,"57":1,"58":1,"59":1,"60":1,"61":1,"62":1,"63":1,"64":1,"65":1,"66":1,"67":1,"68":1,"69":1,"70":1,"71":1},"f":{"0":1,"1":1,"2":1,"3":1},"b":{"0":[1,1],"1":[1,1],"2":[1,1],"3":[1,1]}}
,"/Users/hzyaoqin/node/spark-connect-js/src/gen/spark/connect/common_pb.ts": {"path":"/Users/hzyaoqin/node/spark-connect-js/src/gen/spark/connect/common_pb.ts","statementMap":{"0":{"start":{"line":22,"column":0},"end":{"line":22,"column":69}},"1":{"start":{"line":28,"column":13},"end":{"line":29,"column":1335}},"2":{"start":{"line":77,"column":13},"end":{"line":78,"column":44}},"3":{"start":{"line":106,"column":13},"end":{"line":107,"column":44}},"4":{"start":{"line":148,"column":13},"end":{"line":149,"column":44}},"5":{"start":{"line":177,"column":13},"end":{"line":178,"column":44}},"6":{"start":{"line":205,"column":13},"end":{"line":206,"column":44}},"7":{"start":{"line":230,"column":13},"end":{"line":231,"column":44}},"8":{"start":{"line":256,"column":13},"end":{"line":257,"column":44}}},"fnMap":{},"branchMap":{},"s":{"0":1,"1":1,"2":1,"3":1,"4":1,"5":1,"6":1,"7":1,"8":1},"f":{},"b":{}}
,"/Users/hzyaoqin/node/spark-connect-js/src/gen/spark/connect/expressions_pb.ts": {"path":"/Users/hzyaoqin/node/spark-connect-js/src/gen/spark/connect/expressions_pb.ts","statementMap":{"0":{"start":{"line":22,"column":0},"end":{"line":22,"column":79}},"1":{"start":{"line":24,"column":0},"end":{"line":24,"column":66}},"2":{"start":{"line":26,"column":0},"end":{"line":26,"column":54}},"3":{"start":{"line":28,"column":0},"end":{"line":28,"column":56}},"4":{"start":{"line":34,"column":13},"end":{"line":35,"column":9024}},"5":{"start":{"line":182,"column":13},"end":{"line":183,"column":49}},"6":{"start":{"line":226,"column":13},"end":{"line":227,"column":52}},"7":{"start":{"line":261,"column":13},"end":{"line":262,"column":55}},"8":{"start":{"line":304,"column":13},"end":{"line":305,"column":58}},"9":{"start":{"line":310,"column":0},"end":{"line":310,"column":null}},"10":{"start":{"line":314,"column":2},"end":{"line":314,"column":null}},"11":{"start":{"line":321,"column":2},"end":{"line":321,"column":null}},"12":{"start":{"line":329,"column":2},"end":{"line":329,"column":null}},"13":{"start":{"line":335,"column":13},"end":{"line":336,"column":55}},"14":{"start":{"line":371,"column":13},"end":{"line":372,"column":52}},"15":{"start":{"line":377,"column":0},"end":{"line":377,"column":null}},"16":{"start":{"line":381,"column":2},"end":{"line":381,"column":null}},"17":{"start":{"line":386,"column":2},"end":{"line":386,"column":null}},"18":{"start":{"line":391,"column":2},"end":{"line":391,"column":null}},"19":{"start":{"line":397,"column":13},"end":{"line":398,"column":52}},"20":{"start":{"line":403,"column":0},"end":{"line":403,"column":null}},"21":{"start":{"line":407,"column":2},"end":{"line":407,"column":null}},"22":{"start":{"line":412,"column":2},"end":{"line":412,"column":null}},"23":{"start":{"line":417,"column":2},"end":{"line":417,"column":null}},"24":{"start":{"line":423,"column":13},"end":{"line":424,"column":52}},"25":{"start":{"line":470,"column":13},"end":{"line":471,"column":52}},"26":{"start":{"line":476,"column":0},"end":{"line":476,"column":null}},"27":{"start":{"line":480,"column":2},"end":{"line":480,"column":null}},"28":{"start":{"line":485,"column":2},"end":{"line":485,"column":null}},"29":{"start":{"line":490,"column":2},"end":{"line":490,"column":null}},"30":{"start":{"line":495,"column":2},"end":{"line":495,"column":null}},"31":{"start":{"line":501,"column":13},"end":{"line":502,"column":52}},"32":{"start":{"line":644,"column":13},"end":{"line":645,"column":52}},"33":{"start":{"line":678,"column":13},"end":{"line":679,"column":55}},"34":{"start":{"line":705,"column":13},"end":{"line":706,"column":55}},"35":{"start":{"line":727,"column":13},"end":{"line":728,"column":55}},"36":{"start":{"line":759,"column":13},"end":{"line":760,"column":55}},"37":{"start":{"line":781,"column":13},"end":{"line":782,"column":55}},"38":{"start":{"line":818,"column":13},"end":{"line":819,"column":52}},"39":{"start":{"line":864,"column":13},"end":{"line":865,"column":52}},"40":{"start":{"line":885,"column":13},"end":{"line":886,"column":52}},"41":{"start":{"line":916,"column":13},"end":{"line":917,"column":52}},"42":{"start":{"line":945,"column":13},"end":{"line":946,"column":52}},"43":{"start":{"line":975,"column":13},"end":{"line":976,"column":52}},"44":{"start":{"line":1012,"column":13},"end":{"line":1013,"column":53}},"45":{"start":{"line":1047,"column":13},"end":{"line":1048,"column":53}},"46":{"start":{"line":1076,"column":13},"end":{"line":1077,"column":53}},"47":{"start":{"line":1095,"column":13},"end":{"line":1096,"column":53}},"48":{"start":{"line":1114,"column":13},"end":{"line":1115,"column":49}},"49":{"start":{"line":1172,"column":13},"end":{"line":1173,"column":49}},"50":{"start":{"line":1219,"column":13},"end":{"line":1220,"column":49}},"51":{"start":{"line":1266,"column":13},"end":{"line":1267,"column":49}},"52":{"start":{"line":1299,"column":13},"end":{"line":1300,"column":49}},"53":{"start":{"line":1318,"column":13},"end":{"line":1319,"column":49}},"54":{"start":{"line":1344,"column":13},"end":{"line":1345,"column":49}},"55":{"start":{"line":1370,"column":13},"end":{"line":1371,"column":49}},"56":{"start":{"line":1403,"column":13},"end":{"line":1404,"column":49}},"57":{"start":{"line":1429,"column":13},"end":{"line":1430,"column":52}},"58":{"start":{"line":1435,"column":0},"end":{"line":1435,"column":null}},"59":{"start":{"line":1439,"column":2},"end":{"line":1439,"column":null}},"60":{"start":{"line":1444,"column":2},"end":{"line":1444,"column":null}},"61":{"start":{"line":1449,"column":2},"end":{"line":1449,"column":null}},"62":{"start":{"line":1454,"column":2},"end":{"line":1454,"column":null}},"63":{"start":{"line":1459,"column":2},"end":{"line":1459,"column":null}},"64":{"start":{"line":1464,"column":2},"end":{"line":1464,"column":null}},"65":{"start":{"line":1470,"column":13},"end":{"line":1471,"column":49}}},"fnMap":{"0":{"name":"(anonymous_0)","decl":{"start":{"line":310,"column":0},"end":{"line":310,"column":12}},"loc":{"start":{"line":310,"column":51},"end":{"line":330,"column":1}}},"1":{"name":"(anonymous_1)","decl":{"start":{"line":377,"column":0},"end":{"line":377,"column":12}},"loc":{"start":{"line":377,"column":46},"end":{"line":392,"column":1}}},"2":{"name":"(anonymous_2)","decl":{"start":{"line":403,"column":0},"end":{"line":403,"column":12}},"loc":{"start":{"line":403,"column":45},"end":{"line":418,"column":1}}},"3":{"name":"(anonymous_3)","decl":{"start":{"line":476,"column":0},"end":{"line":476,"column":12}},"loc":{"start":{"line":476,"column":36},"end":{"line":496,"column":1}}},"4":{"name":"(anonymous_4)","decl":{"start":{"line":1435,"column":0},"end":{"line":1435,"column":12}},"loc":{"start":{"line":1435,"column":34},"end":{"line":1465,"column":1}}}},"branchMap":{"0":{"loc":{"start":{"line":310,"column":12},"end":{"line":310,"column":null}},"type":"binary-expr","locations":[{"start":{"line":310,"column":12},"end":{"line":310,"column":51}},{"start":{"line":310,"column":51},"end":{"line":310,"column":null}}]},"1":{"loc":{"start":{"line":377,"column":12},"end":{"line":377,"column":null}},"type":"binary-expr","locations":[{"start":{"line":377,"column":12},"end":{"line":377,"column":46}},{"start":{"line":377,"column":46},"end":{"line":377,"column":null}}]},"2":{"loc":{"start":{"line":403,"column":12},"end":{"line":403,"column":null}},"type":"binary-expr","locations":[{"start":{"line":403,"column":12},"end":{"line":403,"column":45}},{"start":{"line":403,"column":45},"end":{"line":403,"column":null}}]},"3":{"loc":{"start":{"line":476,"column":12},"end":{"line":476,"column":null}},"type":"binary-expr","locations":[{"start":{"line":476,"column":12},"end":{"line":476,"column":36}},{"start":{"line":476,"column":36},"end":{"line":476,"column":null}}]},"4":{"loc":{"start":{"line":1435,"column":12},"end":{"line":1435,"column":null}},"type":"binary-expr","locations":[{"start":{"line":1435,"column":12},"end":{"line":1435,"column":34}},{"start":{"line":1435,"column":34},"end":{"line":1435,"column":null}}]}},"s":{"0":1,"1":1,"2":1,"3":1,"4":1,"5":1,"6":1,"7":1,"8":1,"9":1,"10":1,"11":1,"12":1,"13":1,"14":1,"15":1,"16":1,"17":1,"18":1,"19":1,"20":1,"21":1,"22":1,"23":1,"24":1,"25":1,"26":1,"27":1,"28":1,"29":1,"30":1,"31":1,"32":1,"33":1,"34":1,"35":1,"36":1,"37":1,"38":1,"39":1,"40":1,"41":1,"42":1,"43":1,"44":1,"45":1,"46":1,"47":1,"48":1,"49":1,"50":1,"51":1,"52":1,"53":1,"54":1,"55":1,"56":1,"57":1,"58":1,"59":1,"60":1,"61":1,"62":1,"63":1,"64":1,"65":1},"f":{"0":1,"1":1,"2":1,"3":1,"4":1},"b":{"0":[1,1],"1":[1,1],"2":[1,1],"3":[1,1],"4":[1,1]}}
,"/Users/hzyaoqin/node/spark-connect-js/src/gen/spark/connect/relations_pb.ts": {"path":"/Users/hzyaoqin/node/spark-connect-js/src/gen/spark/connect/relations_pb.ts","statementMap":{"0":{"start":{"line":22,"column":0},"end":{"line":22,"column":79}},"1":{"start":{"line":24,"column":0},"end":{"line":24,"column":66}},"2":{"start":{"line":26,"column":0},"end":{"line":26,"column":66}},"3":{"start":{"line":28,"column":0},"end":{"line":28,"column":54}},"4":{"start":{"line":30,"column":0},"end":{"line":30,"column":58}},"5":{"start":{"line":32,"column":0},"end":{"line":32,"column":56}},"6":{"start":{"line":38,"column":13},"end":{"line":39,"column":17659}},"7":{"start":{"line":410,"column":13},"end":{"line":411,"column":47}},"8":{"start":{"line":425,"column":13},"end":{"line":426,"column":47}},"9":{"start":{"line":461,"column":13},"end":{"line":462,"column":47}},"10":{"start":{"line":514,"column":13},"end":{"line":515,"column":47}},"11":{"start":{"line":550,"column":13},"end":{"line":551,"column":47}},"12":{"start":{"line":589,"column":13},"end":{"line":590,"column":47}},"13":{"start":{"line":615,"column":13},"end":{"line":616,"column":50}},"14":{"start":{"line":670,"column":13},"end":{"line":671,"column":50}},"15":{"start":{"line":703,"column":13},"end":{"line":704,"column":47}},"16":{"start":{"line":732,"column":13},"end":{"line":733,"column":47}},"17":{"start":{"line":796,"column":13},"end":{"line":797,"column":47}},"18":{"start":{"line":822,"column":13},"end":{"line":823,"column":50}},"19":{"start":{"line":828,"column":0},"end":{"line":828,"column":null}},"20":{"start":{"line":832,"column":2},"end":{"line":832,"column":null}},"21":{"start":{"line":837,"column":2},"end":{"line":837,"column":null}},"22":{"start":{"line":842,"column":2},"end":{"line":842,"column":null}},"23":{"start":{"line":847,"column":2},"end":{"line":847,"column":null}},"24":{"start":{"line":852,"column":2},"end":{"line":852,"column":null}},"25":{"start":{"line":857,"column":2},"end":{"line":857,"column":null}},"26":{"start":{"line":862,"column":2},"end":{"line":862,"column":null}},"27":{"start":{"line":867,"column":2},"end":{"line":867,"column":null}},"28":{"start":{"line":873,"column":13},"end":{"line":874,"column":47}},"29":{"start":{"line":936,"column":13},"end":{"line":937,"column":47}},"30":{"start":{"line":942,"column":0},"end":{"line":942,"column":null}},"31":{"start":{"line":946,"column":2},"end":{"line":946,"column":null}},"32":{"start":{"line":951,"column":2},"end":{"line":951,"column":null}},"33":{"start":{"line":956,"column":2},"end":{"line":956,"column":null}},"34":{"start":{"line":961,"column":2},"end":{"line":961,"column":null}},"35":{"start":{"line":967,"column":13},"end":{"line":968,"column":47}},"36":{"start":{"line":995,"column":13},"end":{"line":996,"column":48}},"37":{"start":{"line":1024,"column":13},"end":{"line":1025,"column":48}},"38":{"start":{"line":1052,"column":13},"end":{"line":1053,"column":48}},"39":{"start":{"line":1108,"column":13},"end":{"line":1109,"column":48}},"40":{"start":{"line":1137,"column":13},"end":{"line":1138,"column":51}},"41":{"start":{"line":1156,"column":13},"end":{"line":1157,"column":51}},"42":{"start":{"line":1162,"column":0},"end":{"line":1162,"column":null}},"43":{"start":{"line":1166,"column":2},"end":{"line":1166,"column":null}},"44":{"start":{"line":1171,"column":2},"end":{"line":1171,"column":null}},"45":{"start":{"line":1176,"column":2},"end":{"line":1176,"column":null}},"46":{"start":{"line":1181,"column":2},"end":{"line":1181,"column":null}},"47":{"start":{"line":1186,"column":2},"end":{"line":1186,"column":null}},"48":{"start":{"line":1191,"column":2},"end":{"line":1191,"column":null}},"49":{"start":{"line":1197,"column":13},"end":{"line":1198,"column":48}},"50":{"start":{"line":1232,"column":13},"end":{"line":1233,"column":48}},"51":{"start":{"line":1267,"column":13},"end":{"line":1268,"column":48}},"52":{"start":{"line":1314,"column":13},"end":{"line":1315,"column":48}},"53":{"start":{"line":1347,"column":13},"end":{"line":1348,"column":48}},"54":{"start":{"line":1368,"column":13},"end":{"line":1369,"column":48}},"55":{"start":{"line":1389,"column":13},"end":{"line":1390,"column":48}},"56":{"start":{"line":1449,"column":13},"end":{"line":1450,"column":48}},"57":{"start":{"line":1492,"column":13},"end":{"line":1493,"column":48}},"58":{"start":{"line":1527,"column":13},"end":{"line":1528,"column":48}},"59":{"start":{"line":1562,"column":13},"end":{"line":1563,"column":48}},"60":{"start":{"line":1606,"column":13},"end":{"line":1607,"column":48}},"61":{"start":{"line":1643,"column":13},"end":{"line":1644,"column":48}},"62":{"start":{"line":1686,"column":13},"end":{"line":1687,"column":48}},"63":{"start":{"line":1716,"column":13},"end":{"line":1717,"column":48}},"64":{"start":{"line":1757,"column":13},"end":{"line":1758,"column":48}},"65":{"start":{"line":1793,"column":13},"end":{"line":1794,"column":48}},"66":{"start":{"line":1839,"column":13},"end":{"line":1840,"column":48}},"67":{"start":{"line":1889,"column":13},"end":{"line":1890,"column":48}},"68":{"start":{"line":1927,"column":13},"end":{"line":1928,"column":48}},"69":{"start":{"line":1976,"column":13},"end":{"line":1977,"column":48}},"70":{"start":{"line":2002,"column":13},"end":{"line":2003,"column":51}},"71":{"start":{"line":2048,"column":13},"end":{"line":2049,"column":48}},"72":{"start":{"line":2093,"column":13},"end":{"line":2094,"column":48}},"73":{"start":{"line":2132,"column":13},"end":{"line":2133,"column":48}},"74":{"start":{"line":2162,"column":13},"end":{"line":2163,"column":51}},"75":{"start":{"line":2193,"column":13},"end":{"line":2194,"column":48}},"76":{"start":{"line":2232,"column":13},"end":{"line":2233,"column":48}},"77":{"start":{"line":2258,"column":13},"end":{"line":2259,"column":51}},"78":{"start":{"line":2294,"column":13},"end":{"line":2295,"column":48}},"79":{"start":{"line":2327,"column":13},"end":{"line":2328,"column":48}},"80":{"start":{"line":2366,"column":13},"end":{"line":2367,"column":48}},"81":{"start":{"line":2415,"column":13},"end":{"line":2416,"column":48}},"82":{"start":{"line":2432,"column":13},"end":{"line":2433,"column":51}},"83":{"start":{"line":2463,"column":13},"end":{"line":2464,"column":48}},"84":{"start":{"line":2489,"column":13},"end":{"line":2490,"column":48}},"85":{"start":{"line":2517,"column":13},"end":{"line":2518,"column":48}},"86":{"start":{"line":2550,"column":13},"end":{"line":2551,"column":48}},"87":{"start":{"line":2590,"column":13},"end":{"line":2591,"column":48}},"88":{"start":{"line":2666,"column":13},"end":{"line":2667,"column":48}},"89":{"start":{"line":2727,"column":13},"end":{"line":2728,"column":48}},"90":{"start":{"line":2788,"column":13},"end":{"line":2789,"column":48}},"91":{"start":{"line":2834,"column":13},"end":{"line":2835,"column":48}},"92":{"start":{"line":2874,"column":13},"end":{"line":2875,"column":48}},"93":{"start":{"line":2906,"column":13},"end":{"line":2907,"column":48}},"94":{"start":{"line":2932,"column":13},"end":{"line":2933,"column":48}},"95":{"start":{"line":2967,"column":13},"end":{"line":2968,"column":48}},"96":{"start":{"line":3007,"column":13},"end":{"line":3008,"column":48}},"97":{"start":{"line":3013,"column":0},"end":{"line":3013,"column":null}},"98":{"start":{"line":3017,"column":2},"end":{"line":3017,"column":null}},"99":{"start":{"line":3022,"column":2},"end":{"line":3022,"column":null}},"100":{"start":{"line":3027,"column":2},"end":{"line":3027,"column":null}},"101":{"start":{"line":3033,"column":13},"end":{"line":3034,"column":48}},"102":{"start":{"line":3125,"column":13},"end":{"line":3126,"column":48}}},"fnMap":{"0":{"name":"(anonymous_0)","decl":{"start":{"line":828,"column":0},"end":{"line":828,"column":12}},"loc":{"start":{"line":828,"column":25},"end":{"line":868,"column":1}}},"1":{"name":"(anonymous_1)","decl":{"start":{"line":942,"column":0},"end":{"line":942,"column":12}},"loc":{"start":{"line":942,"column":34},"end":{"line":962,"column":1}}},"2":{"name":"(anonymous_2)","decl":{"start":{"line":1162,"column":0},"end":{"line":1162,"column":12}},"loc":{"start":{"line":1162,"column":31},"end":{"line":1192,"column":1}}},"3":{"name":"(anonymous_3)","decl":{"start":{"line":3013,"column":0},"end":{"line":3013,"column":12}},"loc":{"start":{"line":3013,"column":29},"end":{"line":3028,"column":1}}}},"branchMap":{"0":{"loc":{"start":{"line":828,"column":12},"end":{"line":828,"column":null}},"type":"binary-expr","locations":[{"start":{"line":828,"column":12},"end":{"line":828,"column":25}},{"start":{"line":828,"column":25},"end":{"line":828,"column":null}}]},"1":{"loc":{"start":{"line":942,"column":12},"end":{"line":942,"column":null}},"type":"binary-expr","locations":[{"start":{"line":942,"column":12},"end":{"line":942,"column":34}},{"start":{"line":942,"column":34},"end":{"line":942,"column":null}}]},"2":{"loc":{"start":{"line":1162,"column":12},"end":{"line":1162,"column":null}},"type":"binary-expr","locations":[{"start":{"line":1162,"column":12},"end":{"line":1162,"column":31}},{"start":{"line":1162,"column":31},"end":{"line":1162,"column":null}}]},"3":{"loc":{"start":{"line":3013,"column":12},"end":{"line":3013,"column":null}},"type":"binary-expr","locations":[{"start":{"line":3013,"column":12},"end":{"line":3013,"column":29}},{"start":{"line":3013,"column":29},"end":{"line":3013,"column":null}}]}},"s":{"0":1,"1":1,"2":1,"3":1,"4":1,"5":1,"6":1,"7":1,"8":1,"9":1,"10":1,"11":1,"12":1,"13":1,"14":1,"15":1,"16":1,"17":1,"18":1,"19":1,"20":1,"21":1,"22":1,"23":1,"24":1,"25":1,"26":1,"27":1,"28":1,"29":1,"30":1,"31":1,"32":1,"33":1,"34":1,"35":1,"36":1,"37":1,"38":1,"39":1,"40":1,"41":1,"42":1,"43":1,"44":1,"45":1,"46":1,"47":1,"48":1,"49":1,"50":1,"51":1,"52":1,"53":1,"54":1,"55":1,"56":1,"57":1,"58":1,"59":1,"60":1,"61":1,"62":1,"63":1,"64":1,"65":1,"66":1,"67":1,"68":1,"69":1,"70":1,"71":1,"72":1,"73":1,"74":1,"75":1,"76":1,"77":1,"78":1,"79":1,"80":1,"81":1,"82":1,"83":1,"84":1,"85":1,"86":1,"87":1,"88":1,"89":1,"90":1,"91":1,"92":1,"93":1,"94":1,"95":1,"96":1,"97":1,"98":1,"99":1,"100":1,"101":1,"102":1},"f":{"0":1,"1":1,"2":1,"3":1},"b":{"0":[1,1],"1":[1,1],"2":[1,1],"3":[1,1]}}
,"/Users/hzyaoqin/node/spark-connect-js/src/gen/spark/connect/types_pb.ts": {"path":"/Users/hzyaoqin/node/spark-connect-js/src/gen/spark/connect/types_pb.ts","statementMap":{"0":{"start":{"line":22,"column":0},"end":{"line":22,"column":69}},"1":{"start":{"line":28,"column":13},"end":{"line":29,"column":4519}},"2":{"start":{"line":212,"column":13},"end":{"line":213,"column":43}},"3":{"start":{"line":229,"column":13},"end":{"line":230,"column":46}},"4":{"start":{"line":246,"column":13},"end":{"line":247,"column":46}},"5":{"start":{"line":263,"column":13},"end":{"line":264,"column":46}},"6":{"start":{"line":280,"column":13},"end":{"line":281,"column":46}},"7":{"start":{"line":297,"column":13},"end":{"line":298,"column":46}},"8":{"start":{"line":314,"column":13},"end":{"line":315,"column":46}},"9":{"start":{"line":331,"column":13},"end":{"line":332,"column":46}},"10":{"start":{"line":353,"column":13},"end":{"line":354,"column":46}},"11":{"start":{"line":370,"column":13},"end":{"line":371,"column":46}},"12":{"start":{"line":387,"column":13},"end":{"line":388,"column":46}},"13":{"start":{"line":404,"column":13},"end":{"line":405,"column":47}},"14":{"start":{"line":421,"column":13},"end":{"line":422,"column":47}},"15":{"start":{"line":438,"column":13},"end":{"line":439,"column":47}},"16":{"start":{"line":455,"column":13},"end":{"line":456,"column":47}},"17":{"start":{"line":482,"column":13},"end":{"line":483,"column":47}},"18":{"start":{"line":509,"column":13},"end":{"line":510,"column":47}},"19":{"start":{"line":533,"column":13},"end":{"line":534,"column":47}},"20":{"start":{"line":555,"column":13},"end":{"line":556,"column":47}},"21":{"start":{"line":582,"column":13},"end":{"line":583,"column":47}},"22":{"start":{"line":614,"column":13},"end":{"line":615,"column":47}},"23":{"start":{"line":636,"column":13},"end":{"line":637,"column":47}},"24":{"start":{"line":663,"column":13},"end":{"line":664,"column":47}},"25":{"start":{"line":695,"column":13},"end":{"line":696,"column":47}},"26":{"start":{"line":712,"column":13},"end":{"line":713,"column":47}},"27":{"start":{"line":749,"column":13},"end":{"line":750,"column":47}},"28":{"start":{"line":768,"column":13},"end":{"line":769,"column":47}}},"fnMap":{},"branchMap":{},"s":{"0":1,"1":1,"2":1,"3":1,"4":1,"5":1,"6":1,"7":1,"8":1,"9":1,"10":1,"11":1,"12":1,"13":1,"14":1,"15":1,"16":1,"17":1,"18":1,"19":1,"20":1,"21":1,"22":1,"23":1,"24":1,"25":1,"26":1,"27":1,"28":1},"f":{},"b":{}}
,"/Users/hzyaoqin/node/spark-connect-js/src/org/apache/spark/sql/data_frame.ts": {"path":"/Users/hzyaoqin/node/spark-connect-js/src/org/apache/spark/sql/data_frame.ts","statementMap":{"0":{"start":{"line":18,"column":0},"end":{"line":18,"column":44}},"1":{"start":{"line":19,"column":0},"end":{"line":19,"column":59}},"2":{"start":{"line":22,"column":0},"end":{"line":22,"column":46}},"3":{"start":{"line":29,"column":8},"end":{"line":29,"column":28}},"4":{"start":{"line":30,"column":8},"end":{"line":30,"column":26}},"5":{"start":{"line":34,"column":30},"end":{"line":36,"column":10}},"6":{"start":{"line":38,"column":8},"end":{"line":47,"column":11}},"7":{"start":{"line":39,"column":12},"end":{"line":39,"column":66}},"8":{"start":{"line":42,"column":12},"end":{"line":46,"column":13}},"9":{"start":{"line":43,"column":16},"end":{"line":43,"column":69}},"10":{"start":{"line":45,"column":16},"end":{"line":45,"column":56}},"11":{"start":{"line":24,"column":0},"end":{"line":24,"column":13}}},"fnMap":{"0":{"name":"(anonymous_16)","decl":{"start":{"line":28,"column":4},"end":{"line":28,"column":16}},"loc":{"start":{"line":28,"column":49},"end":{"line":31,"column":5}}},"1":{"name":"(anonymous_17)","decl":{"start":{"line":33,"column":10},"end":{"line":33,"column":16}},"loc":{"start":{"line":33,"column":16},"end":{"line":48,"column":null}}},"2":{"name":"(anonymous_19)","decl":{"start":{"line":38,"column":41},"end":{"line":38,"column":44}},"loc":{"start":{"line":38,"column":47},"end":{"line":40,"column":9}}},"3":{"name":"(anonymous_20)","decl":{"start":{"line":40,"column":16},"end":{"line":40,"column":20}},"loc":{"start":{"line":40,"column":23},"end":{"line":47,"column":9}}}},"branchMap":{"0":{"loc":{"start":{"line":42,"column":12},"end":{"line":46,"column":13}},"type":"if","locations":[{"start":{"line":42,"column":12},"end":{"line":46,"column":13}},{"start":{"line":44,"column":19},"end":{"line":46,"column":13}}]},"1":{"loc":{"start":{"line":42,"column":16},"end":{"line":42,"column":73}},"type":"binary-expr","locations":[{"start":{"line":42,"column":16},"end":{"line":42,"column":45}},{"start":{"line":42,"column":49},"end":{"line":42,"column":73}}]}},"s":{"0":1,"1":1,"2":1,"3":0,"4":0,"5":0,"6":0,"7":0,"8":0,"9":0,"10":0,"11":1},"f":{"0":0,"1":0,"2":0,"3":0},"b":{"0":[0,0],"1":[0,0]}}
,"/Users/hzyaoqin/node/spark-connect-js/src/org/apache/spark/sql/runtime_config.ts": {"path":"/Users/hzyaoqin/node/spark-connect-js/src/org/apache/spark/sql/runtime_config.ts","statementMap":{"0":{"start":{"line":1,"column":0},"end":{"line":1,"column":44}},"1":{"start":{"line":3,"column":0},"end":{"line":3,"column":65}},"2":{"start":{"line":10,"column":8},"end":{"line":10,"column":30}},"3":{"start":{"line":14,"column":24},"end":{"line":16,"column":10}},"4":{"start":{"line":17,"column":8},"end":{"line":22,"column":11}},"5":{"start":{"line":18,"column":12},"end":{"line":21,"column":null}},"6":{"start":{"line":26,"column":22},"end":{"line":28,"column":10}},"7":{"start":{"line":27,"column":12},"end":{"line":27,"column":70}},"8":{"start":{"line":29,"column":27},"end":{"line":31,"column":10}},"9":{"start":{"line":32,"column":8},"end":{"line":37,"column":11}},"10":{"start":{"line":33,"column":12},"end":{"line":36,"column":null}},"11":{"start":{"line":41,"column":26},"end":{"line":43,"column":10}},"12":{"start":{"line":44,"column":8},"end":{"line":49,"column":11}},"13":{"start":{"line":45,"column":12},"end":{"line":48,"column":null}},"14":{"start":{"line":53,"column":8},"end":{"line":57,"column":11}},"15":{"start":{"line":54,"column":12},"end":{"line":54,"column":21}},"16":{"start":{"line":56,"column":12},"end":{"line":56,"column":29}},"17":{"start":{"line":62,"column":8},"end":{"line":82,"column":9}},"18":{"start":{"line":63,"column":28},"end":{"line":65,"column":14}},"19":{"start":{"line":66,"column":12},"end":{"line":71,"column":15}},"20":{"start":{"line":67,"column":16},"end":{"line":70,"column":null}},"21":{"start":{"line":73,"column":28},"end":{"line":75,"column":14}},"22":{"start":{"line":76,"column":12},"end":{"line":81,"column":15}},"23":{"start":{"line":77,"column":16},"end":{"line":80,"column":null}},"24":{"start":{"line":83,"column":8},"end":{"line":90,"column":11}},"25":{"start":{"line":85,"column":12},"end":{"line":89,"column":13}},"26":{"start":{"line":86,"column":16},"end":{"line":86,"column":40}},"27":{"start":{"line":88,"column":16},"end":{"line":88,"column":58}},"28":{"start":{"line":94,"column":23},"end":{"line":94,"column":69}},"29":{"start":{"line":95,"column":8},"end":{"line":106,"column":11}},"30":{"start":{"line":96,"column":12},"end":{"line":99,"column":null}},"31":{"start":{"line":101,"column":22},"end":{"line":101,"column":59}},"32":{"start":{"line":102,"column":12},"end":{"line":104,"column":15}},"33":{"start":{"line":103,"column":16},"end":{"line":103,"column":38}},"34":{"start":{"line":105,"column":12},"end":{"line":105,"column":21}},"35":{"start":{"line":110,"column":29},"end":{"line":112,"column":10}},"36":{"start":{"line":113,"column":21},"end":{"line":118,"column":10}},"37":{"start":{"line":114,"column":12},"end":{"line":117,"column":null}},"38":{"start":{"line":119,"column":18},"end":{"line":119,"column":28}},"39":{"start":{"line":121,"column":8},"end":{"line":123,"column":9}},"40":{"start":{"line":122,"column":12},"end":{"line":122,"column":61}},"41":{"start":{"line":124,"column":8},"end":{"line":124,"column":21}},"42":{"start":{"line":128,"column":20},"end":{"line":128,"column":69}},"43":{"start":{"line":129,"column":8},"end":{"line":129,"column":18}},"44":{"start":{"line":130,"column":21},"end":{"line":130,"column":45}},"45":{"start":{"line":131,"column":8},"end":{"line":131,"column":20}},"46":{"start":{"line":5,"column":0},"end":{"line":5,"column":13}},"47":{"start":{"line":6,"column":11},"end":{"line":6,"column":78}},"48":{"start":{"line":7,"column":11},"end":{"line":7,"column":48}}},"fnMap":{"0":{"name":"(anonymous_16)","decl":{"start":{"line":9,"column":4},"end":{"line":9,"column":16}},"loc":{"start":{"line":9,"column":30},"end":{"line":11,"column":5}}},"1":{"name":"(anonymous_17)","decl":{"start":{"line":13,"column":10},"end":{"line":13,"column":13}},"loc":{"start":{"line":13,"column":34},"end":{"line":23,"column":6}}},"2":{"name":"(anonymous_19)","decl":{"start":{"line":17,"column":28},"end":{"line":17,"column":30}},"loc":{"start":{"line":17,"column":33},"end":{"line":22,"column":9}}},"3":{"name":"(anonymous_20)","decl":{"start":{"line":25,"column":10},"end":{"line":25,"column":16}},"loc":{"start":{"line":25,"column":39},"end":{"line":38,"column":null}}},"4":{"name":"(anonymous_22)","decl":{"start":{"line":26,"column":50},"end":{"line":26,"column":51}},"loc":{"start":{"line":26,"column":61},"end":{"line":28,"column":9}}},"5":{"name":"(anonymous_23)","decl":{"start":{"line":32,"column":28},"end":{"line":32,"column":30}},"loc":{"start":{"line":32,"column":33},"end":{"line":37,"column":9}}},"6":{"name":"(anonymous_24)","decl":{"start":{"line":40,"column":10},"end":{"line":40,"column":15}},"loc":{"start":{"line":40,"column":25},"end":{"line":50,"column":null}}},"7":{"name":"(anonymous_26)","decl":{"start":{"line":44,"column":28},"end":{"line":44,"column":30}},"loc":{"start":{"line":44,"column":33},"end":{"line":49,"column":9}}},"8":{"name":"(anonymous_27)","decl":{"start":{"line":52,"column":10},"end":{"line":52,"column":19}},"loc":{"start":{"line":52,"column":29},"end":{"line":58,"column":null}}},"9":{"name":"(anonymous_29)","decl":{"start":{"line":53,"column":32},"end":{"line":53,"column":33}},"loc":{"start":{"line":53,"column":36},"end":{"line":55,"column":9}}},"10":{"name":"(anonymous_30)","decl":{"start":{"line":55,"column":17},"end":{"line":55,"column":20}},"loc":{"start":{"line":55,"column":22},"end":{"line":57,"column":9}}},"11":{"name":"(anonymous_31)","decl":{"start":{"line":60,"column":10},"end":{"line":60,"column":13}},"loc":{"start":{"line":60,"column":44},"end":{"line":91,"column":null}}},"12":{"name":"(anonymous_33)","decl":{"start":{"line":66,"column":32},"end":{"line":66,"column":34}},"loc":{"start":{"line":66,"column":37},"end":{"line":71,"column":13}}},"13":{"name":"(anonymous_34)","decl":{"start":{"line":76,"column":32},"end":{"line":76,"column":34}},"loc":{"start":{"line":76,"column":37},"end":{"line":81,"column":13}}},"14":{"name":"(anonymous_35)","decl":{"start":{"line":83,"column":25},"end":{"line":83,"column":26}},"loc":{"start":{"line":83,"column":29},"end":{"line":90,"column":9}}},"15":{"name":"(anonymous_36)","decl":{"start":{"line":93,"column":10},"end":{"line":93,"column":16}},"loc":{"start":{"line":93,"column":16},"end":{"line":107,"column":null}}},"16":{"name":"(anonymous_38)","decl":{"start":{"line":95,"column":28},"end":{"line":95,"column":30}},"loc":{"start":{"line":95,"column":33},"end":{"line":100,"column":9}}},"17":{"name":"(anonymous_39)","decl":{"start":{"line":100,"column":16},"end":{"line":100,"column":17}},"loc":{"start":{"line":100,"column":20},"end":{"line":106,"column":9}}},"18":{"name":"(anonymous_40)","decl":{"start":{"line":102,"column":28},"end":{"line":102,"column":29}},"loc":{"start":{"line":102,"column":32},"end":{"line":104,"column":13}}},"19":{"name":"(anonymous_41)","decl":{"start":{"line":109,"column":10},"end":{"line":109,"column":22}},"loc":{"start":{"line":109,"column":32},"end":{"line":125,"column":null}}},"20":{"name":"(anonymous_43)","decl":{"start":{"line":113,"column":34},"end":{"line":113,"column":36}},"loc":{"start":{"line":113,"column":39},"end":{"line":118,"column":9}}},"21":{"name":"(anonymous_44)","decl":{"start":{"line":127,"column":12},"end":{"line":127,"column":19}},"loc":{"start":{"line":127,"column":71},"end":{"line":132,"column":5}}}},"branchMap":{"0":{"loc":{"start":{"line":62,"column":8},"end":{"line":82,"column":9}},"type":"if","locations":[{"start":{"line":62,"column":8},"end":{"line":82,"column":9}},{"start":{"line":72,"column":15},"end":{"line":82,"column":9}}]},"1":{"loc":{"start":{"line":85,"column":12},"end":{"line":89,"column":13}},"type":"if","locations":[{"start":{"line":85,"column":12},"end":{"line":89,"column":13}},{"start":{"line":87,"column":19},"end":{"line":89,"column":13}}]},"2":{"loc":{"start":{"line":121,"column":8},"end":{"line":123,"column":9}},"type":"if","locations":[{"start":{"line":121,"column":8},"end":{"line":123,"column":9}}]}},"s":{"0":1,"1":1,"2":1,"3":0,"4":0,"5":0,"6":1,"7":3,"8":1,"9":1,"10":1,"11":0,"12":0,"13":0,"14":0,"15":0,"16":0,"17":0,"18":0,"19":0,"20":0,"21":0,"22":0,"23":0,"24":0,"25":0,"26":0,"27":0,"28":0,"29":0,"30":0,"31":0,"32":0,"33":0,"34":0,"35":0,"36":0,"37":0,"38":0,"39":0,"40":0,"41":0,"42":1,"43":1,"44":1,"45":1,"46":1,"47":1,"48":1},"f":{"0":1,"1":0,"2":0,"3":1,"4":3,"5":1,"6":0,"7":0,"8":0,"9":0,"10":0,"11":0,"12":0,"13":0,"14":0,"15":0,"16":0,"17":0,"18":0,"19":0,"20":0,"21":1},"b":{"0":[0,0],"1":[0,0],"2":[0]}}
,"/Users/hzyaoqin/node/spark-connect-js/src/org/apache/spark/sql/spark_session.ts": {"path":"/Users/hzyaoqin/node/spark-connect-js/src/org/apache/spark/sql/spark_session.ts","statementMap":{"0":{"start":{"line":1,"column":0},"end":{"line":1,"column":44}},"1":{"start":{"line":2,"column":0},"end":{"line":2,"column":41}},"2":{"start":{"line":3,"column":0},"end":{"line":3,"column":59}},"3":{"start":{"line":4,"column":0},"end":{"line":4,"column":65}},"4":{"start":{"line":5,"column":0},"end":{"line":5,"column":64}},"5":{"start":{"line":7,"column":0},"end":{"line":7,"column":49}},"6":{"start":{"line":8,"column":0},"end":{"line":8,"column":66}},"7":{"start":{"line":9,"column":0},"end":{"line":9,"column":52}},"8":{"start":{"line":16,"column":12},"end":{"line":16,"column":78}},"9":{"start":{"line":21,"column":8},"end":{"line":21,"column":30}},"10":{"start":{"line":22,"column":8},"end":{"line":22,"column":47}},"11":{"start":{"line":25,"column":51},"end":{"line":25,"column":84}},"12":{"start":{"line":27,"column":27},"end":{"line":27,"column":47}},"13":{"start":{"line":29,"column":27},"end":{"line":29,"column":59}},"14":{"start":{"line":32,"column":6},"end":{"line":49,"column":7}},"15":{"start":{"line":33,"column":8},"end":{"line":48,"column":11}},"16":{"start":{"line":34,"column":10},"end":{"line":37,"column":12}},"17":{"start":{"line":39,"column":10},"end":{"line":44,"column":11}},"18":{"start":{"line":40,"column":12},"end":{"line":40,"column":54}},"19":{"start":{"line":41,"column":12},"end":{"line":41,"column":33}},"20":{"start":{"line":43,"column":12},"end":{"line":43,"column":59}},"21":{"start":{"line":46,"column":10},"end":{"line":46,"column":61}},"22":{"start":{"line":47,"column":10},"end":{"line":47,"column":18}},"23":{"start":{"line":50,"column":6},"end":{"line":50,"column":40}},"24":{"start":{"line":53,"column":28},"end":{"line":53,"column":46}},"25":{"start":{"line":57,"column":21},"end":{"line":57,"column":65}},"26":{"start":{"line":58,"column":6},"end":{"line":58,"column":38}},"27":{"start":{"line":62,"column":22},"end":{"line":67,"column":8}},"28":{"start":{"line":68,"column":19},"end":{"line":68,"column":87}},"29":{"start":{"line":69,"column":6},"end":{"line":84,"column":9}},"30":{"start":{"line":70,"column":29},"end":{"line":70,"column":46}},"31":{"start":{"line":71,"column":31},"end":{"line":74,"column":10}},"32":{"start":{"line":75,"column":8},"end":{"line":83,"column":9}},"33":{"start":{"line":76,"column":27},"end":{"line":76,"column":54}},"34":{"start":{"line":77,"column":12},"end":{"line":77,"column":null}},"35":{"start":{"line":78,"column":26},"end":{"line":78,"column":93}},"36":{"start":{"line":79,"column":10},"end":{"line":79,"column":44}},"37":{"start":{"line":82,"column":10},"end":{"line":82,"column":43}},"38":{"start":{"line":14,"column":0},"end":{"line":14,"column":13}},"39":{"start":{"line":89,"column":12},"end":{"line":89,"column":57}},"40":{"start":{"line":90,"column":12},"end":{"line":90,"column":54}},"41":{"start":{"line":95,"column":6},"end":{"line":95,"column":36}},"42":{"start":{"line":96,"column":6},"end":{"line":96,"column":18}},"43":{"start":{"line":100,"column":6},"end":{"line":100,"column":54}},"44":{"start":{"line":101,"column":6},"end":{"line":101,"column":18}},"45":{"start":{"line":106,"column":6},"end":{"line":106,"column":null}},"46":{"start":{"line":110,"column":6},"end":{"line":110,"column":49}},"47":{"start":{"line":114,"column":21},"end":{"line":114,"column":41}},"48":{"start":{"line":115,"column":20},"end":{"line":115,"column":44}},"49":{"start":{"line":116,"column":6},"end":{"line":116,"column":47}},"50":{"start":{"line":117,"column":6},"end":{"line":117,"column":19}},"51":{"start":{"line":122,"column":6},"end":{"line":122,"column":27}}},"fnMap":{"0":{"name":"(anonymous_16)","decl":{"start":{"line":20,"column":4},"end":{"line":20,"column":16}},"loc":{"start":{"line":20,"column":30},"end":{"line":23,"column":5}}},"1":{"name":"(anonymous_17)","decl":{"start":{"line":25,"column":11},"end":{"line":25,"column":17}},"loc":{"start":{"line":25,"column":25},"end":{"line":25,"column":86}}},"2":{"name":"(anonymous_18)","decl":{"start":{"line":27,"column":4},"end":{"line":27,"column":8}},"loc":{"start":{"line":27,"column":14},"end":{"line":27,"column":49}}},"3":{"name":"(anonymous_19)","decl":{"start":{"line":29,"column":4},"end":{"line":29,"column":14}},"loc":{"start":{"line":29,"column":14},"end":{"line":29,"column":61}}},"4":{"name":"(anonymous_20)","decl":{"start":{"line":31,"column":10},"end":{"line":31,"column":17}},"loc":{"start":{"line":31,"column":17},"end":{"line":51,"column":null}}},"5":{"name":"(anonymous_22)","decl":{"start":{"line":33,"column":34},"end":{"line":33,"column":37}},"loc":{"start":{"line":33,"column":40},"end":{"line":38,"column":9}}},"6":{"name":"(anonymous_23)","decl":{"start":{"line":38,"column":16},"end":{"line":38,"column":20}},"loc":{"start":{"line":38,"column":23},"end":{"line":45,"column":9}}},"7":{"name":"(anonymous_24)","decl":{"start":{"line":45,"column":17},"end":{"line":45,"column":18}},"loc":{"start":{"line":45,"column":21},"end":{"line":48,"column":9}}},"8":{"name":"(anonymous_25)","decl":{"start":{"line":53,"column":4},"end":{"line":53,"column":8}},"loc":{"start":{"line":53,"column":8},"end":{"line":53,"column":48}}},"9":{"name":"(anonymous_26)","decl":{"start":{"line":56,"column":4},"end":{"line":56,"column":7}},"loc":{"start":{"line":56,"column":22},"end":{"line":59,"column":5}}},"10":{"name":"(anonymous_27)","decl":{"start":{"line":61,"column":12},"end":{"line
[...]
,"/Users/hzyaoqin/node/spark-connect-js/src/org/apache/spark/sql/types/data_types.ts": {"path":"/Users/hzyaoqin/node/spark-connect-js/src/org/apache/spark/sql/types/data_types.ts","statementMap":{"0":{"start":{"line":23,"column":4},"end":{"line":23,"column":39}},"1":{"start":{"line":28,"column":4},"end":{"line":28,"column":88}},"2":{"start":{"line":31,"column":27},"end":{"line":31,"column":50}},"3":{"start":{"line":33,"column":28},"end":{"line":33,"column":55}},"4":{"start":{"line":36,"column":4},"end":{"line":36,"column":45}},"5":{"start":{"line":40,"column":4},"end":{"line":40,"column":33}},"6":{"start":{"line":20,"column":0},"end":{"line":20,"column":22}},"7":{"start":{"line":44,"column":0},"end":{"line":44,"column":22}},"8":{"start":{"line":48,"column":0},"end":{"line":48,"column":22}},"9":{"start":{"line":50,"column":0},"end":{"line":50,"column":22}},"10":{"start":{"line":52,"column":0},"end":{"line":52,"column":22}},"11":{"start":{"line":54,"column":0},"end":{"line":54,"column":22}}},"fnMap":{"0":{"name":"(anonymous_0)","decl":{"start":{"line":22,"column":2},"end":{"line":22,"column":13}},"loc":{"start":{"line":22,"column":13},"end":{"line":24,"column":3}}},"1":{"name":"(anonymous_1)","decl":{"start":{"line":26,"column":2},"end":{"line":26,"column":10}},"loc":{"start":{"line":26,"column":10},"end":{"line":29,"column":3}}},"2":{"name":"(anonymous_2)","decl":{"start":{"line":31,"column":2},"end":{"line":31,"column":14}},"loc":{"start":{"line":31,"column":14},"end":{"line":31,"column":52}}},"3":{"name":"(anonymous_3)","decl":{"start":{"line":33,"column":2},"end":{"line":33,"column":15}},"loc":{"start":{"line":33,"column":15},"end":{"line":33,"column":57}}},"4":{"name":"(anonymous_4)","decl":{"start":{"line":35,"column":2},"end":{"line":35,"column":5}},"loc":{"start":{"line":35,"column":5},"end":{"line":37,"column":3}}},"5":{"name":"(anonymous_5)","decl":{"start":{"line":39,"column":2},"end":{"line":39,"column":10}},"loc":{"start":{"line":39,"column":10},"end":{"line":41,"column":3}}}},"branchMap":{},"s":{"0":0,"1":0,"2":0,"3":0,"4":0,"5":0,"6":1,"7":1,"8":1,"9":1,"10":1,"11":1},"f":{"0":0,"1":0,"2":0,"3":0,"4":0,"5":0},"b":{}}
,"/Users/hzyaoqin/node/spark-connect-js/src/org/apache/spark/sql/types/metadata.ts": {"path":"/Users/hzyaoqin/node/spark-connect-js/src/org/apache/spark/sql/types/metadata.ts","statementMap":{"0":{"start":{"line":40,"column":4},"end":{"line":40,"column":29}},"1":{"start":{"line":44,"column":4},"end":{"line":44,"column":32}},"2":{"start":{"line":48,"column":4},"end":{"line":48,"column":55}},"3":{"start":{"line":52,"column":18},"end":{"line":52,"column":31}},"4":{"start":{"line":53,"column":4},"end":{"line":57,"column":5}},"5":{"start":{"line":54,"column":6},"end":{"line":54,"column":19}},"6":{"start":{"line":56,"column":6},"end":{"line":56,"column":71}},"7":{"start":{"line":61,"column":4},"end":{"line":61,"column":29}},"8":{"start":{"line":65,"column":18},"end":{"line":65,"column":31}},"9":{"start":{"line":66,"column":4},"end":{"line":70,"column":5}},"10":{"start":{"line":67,"column":6},"end":{"line":67,"column":19}},"11":{"start":{"line":69,"column":6},"end":{"line":69,"column":72}},"12":{"start":{"line":74,"column":18},"end":{"line":74,"column":31}},"13":{"start":{"line":75,"column":4},"end":{"line":79,"column":5}},"14":{"start":{"line":76,"column":6},"end":{"line":76,"column":19}},"15":{"start":{"line":78,"column":6},"end":{"line":78,"column":71}},"16":{"start":{"line":83,"column":18},"end":{"line":83,"column":31}},"17":{"start":{"line":84,"column":4},"end":{"line":88,"column":5}},"18":{"start":{"line":85,"column":6},"end":{"line":85,"column":33}},"19":{"start":{"line":87,"column":6},"end":{"line":87,"column":73}},"20":{"start":{"line":92,"column":18},"end":{"line":92,"column":31}},"21":{"start":{"line":93,"column":4},"end":{"line":97,"column":5}},"22":{"start":{"line":93,"column":51},"end":{"line":93,"column":72}},"23":{"start":{"line":94,"column":6},"end":{"line":94,"column":19}},"24":{"start":{"line":96,"column":6},"end":{"line":96,"column":77}},"25":{"start":{"line":101,"column":4},"end":{"line":101,"column":34}},"26":{"start":{"line":105,"column":18},"end":{"line":105,"column":31}},"27":{"start":{"line":106,"column":4},"end":{"line":110,"column":5}},"28":{"start":{"line":106,"column":51},"end":{"line":106,"column":73}},"29":{"start":{"line":107,"column":6},"end":{"line":107,"column":19}},"30":{"start":{"line":109,"column":6},"end":{"line":109,"column":78}},"31":{"start":{"line":114,"column":18},"end":{"line":114,"column":31}},"32":{"start":{"line":115,"column":4},"end":{"line":119,"column":5}},"33":{"start":{"line":115,"column":51},"end":{"line":115,"column":72}},"34":{"start":{"line":116,"column":6},"end":{"line":116,"column":19}},"35":{"start":{"line":118,"column":6},"end":{"line":118,"column":77}},"36":{"start":{"line":123,"column":18},"end":{"line":123,"column":31}},"37":{"start":{"line":124,"column":4},"end":{"line":128,"column":5}},"38":{"start":{"line":124,"column":51},"end":{"line":124,"column":72}},"39":{"start":{"line":125,"column":6},"end":{"line":125,"column":47}},"40":{"start":{"line":125,"column":30},"end":{"line":125,"column":45}},"41":{"start":{"line":127,"column":6},"end":{"line":127,"column":79}},"42":{"start":{"line":132,"column":18},"end":{"line":132,"column":36}},"43":{"start":{"line":133,"column":4},"end":{"line":137,"column":5}},"44":{"start":{"line":134,"column":6},"end":{"line":134,"column":48}},"45":{"start":{"line":136,"column":6},"end":{"line":136,"column":19}},"46":{"start":{"line":141,"column":4},"end":{"line":141,"column":41}},"47":{"start":{"line":145,"column":4},"end":{"line":145,"column":45}},"48":{"start":{"line":149,"column":4},"end":{"line":149,"column":26}},"49":{"start":{"line":35,"column":0},"end":{"line":35,"column":13}},"50":{"start":{"line":37,"column":17},"end":{"line":37,"column":42}},"51":{"start":{"line":157,"column":4},"end":{"line":157,"column":43}},"52":{"start":{"line":161,"column":4},"end":{"line":163,"column":5}},"53":{"start":{"line":162,"column":6},"end":{"line":162,"column":53}},"54":{"start":{"line":164,"column":4},"end":{"line":164,"column":16}},"55":{"start":{"line":168,"column":4},"end":{"line":168,"column":31}},"56":{"start":{"line":172,"column":4},"end":{"line":172,"column":32}},"57":{"start":{"line":176,"column":4},"end":{"line":176,"column":32}},"58":{"start":{"line":180,"column":4},"end":{"line":180,"column":32}},"59":{"start":{"line":184,"column":4},"end":{"line":184,"column":32}},"60":{"start":{"line":188,"column":4},"end":{"line":188,"column":41}},"61":{"start":{"line":192,"column":4},"end":{"line":192,"column":32}},"62":{"start":{"line":196,"column":4},"end":{"line":196,"column":32}},"63":{"start":{"line":200,"column":4},"end":{"line":200,"column":32}},"64":{"start":{"line":204,"column":4},"end":{"line":204,"column":32}},"65":{"start":{"line":208,"column":4},"end":{"line":208,"column":55}},"66":{"start":{"line":208,"column":42},"end":{"line":208,"column":52}},"67":{"start":{"line":212,"column":39},"end":{"line":212,"column":41}},"68":{"start":{"line":213,"column":4},"end":{"line":215,"column":7}},"69":{"start":{"line":214,"column":6},"end":{"line":214,"column":24}},"70":{"start":{"line":217,"column":4},"end":{"line":217,"column":30}},"71":{"start":{"line":221,"column":4},"end":{"line":221,"column":null}},"72":{"start":{"line":222,"column":4},"end":{"line":222,"column":null}},"73":{"start":{"line":226,"column":4},"end":{"line":226,"column":30}},"74":{"start":{"line":227,"column":4},"end":{"line":227,"column":null}},"75":{"start":{"line":153,"column":0},"end":{"line":153,"column":13}}},"fnMap":{"0":{"name":"(anonymous_0)","decl":{"start":{"line":39,"column":2},"end":{"line":39,"column":14}},"loc":{"start":{"line":39,"column":36},"end":{"line":41,"column":3}}},"1":{"name":"(anonymous_1)","decl":{"start":{"line":43,"column":2},"end":{"line":43,"column":10}},"loc":{"start":{"line":43,"column":22},"end":{"line":45,"column":3}}},"2":{"name":"(anonymous_2)","decl":{"start":{"line":47,"column":2},"end":{"line":47,"column":9}},"loc":{"start":{"line":47,"column":9},"end":{"line":49,"column":3}}},"3":{"name":"(anonymous_3)","decl":{"start":{"line":51,"column":2},"end":{"line":51,"column":9}},"loc":{"start":{"line":51,"column":21},"end":{"line":58,"column":3}}},"4":{"name":"(anonymous_4)","decl":{"start":{"line":60,"column":2},"end":{"line":60,"column":11}},"loc":{"start":{"line":60,"column":23},"end":{"line":62,"column":3}}},"5":{"name":"(anonymous_5)","decl":{"start":{"line":64,"column":2},"end":{"line":64,"column":12}},"loc":{"start":{"line":64,"column":24},"end":{"line":71,"column":3}}},"6":{"name":"(anonymous_6)","decl":{"start":{"line":73,"column":2},"end":{"line":73,"column":11}},"loc":{"start":{"line":73,"column":23},"end":{"line":80,"column":3}}},"7":{"name":"(anonymous_7)","decl":{"start":{"line":82,"column":2},"end":{"line":82,"column":13}},"loc":{"start":{"line":82,"column":25},"end":{"line":89,"column":3}}},"8":{"name":"(anonymous_8)","decl":{"start":{"line":91,"column":2},"end":{"line":91,"column":14}},"loc":{"start":{"line":91,"column":26},"end":{"line":98,"column":3}}},"9":{"name":"(anonymous_9)","decl":{"start":{"line":93,"column":44},"end":{"line":93,"column":45}},"loc":{"start":{"line":93,"column":51},"end":{"line":93,"column":72}}},"10":{"name":"(anonymous_10)","decl":{"start":{"line":100,"column":2},"end":{"line":100,"column":16}},"loc":{"start":{"line":100,"column":28},"end":{"line":102,"column":3}}},"11":{"name":"(anonymous_11)","decl":{"start":{"line":104,"column":2},"end":{"line":104,"column":17}},"loc":{"start":{"line":104,"column":29},"end":{"line":111,"column":3}}},"12":{"name":"(anonymous_12)","decl":{"start":{"line":106,"column":44},"end":{"line":106,"column":45}},"loc":{"start":{"line":106,"column":51},"end":{"line":106,"column":73}}},"13":{"name":"(anonymous_13)","decl":{"start":{"line":113,"column":2},"end":{"line":113,"column":16}},"loc":{"start":{"line":113,"column":28},"end":{"line":120,"column":3}}},"14":{"name":"(anonymous_14)","decl":{"start":{"line":115,"column":44},"end":{"line":115,"column":45}},"loc":{"start":{"line":115,"column":51},"end":{"line":115,"column":72}}},"15":{"name":"(anonymous_15)","decl":{"start":{"line":122,"column":2},"end":{"line":122,"column":18}},"loc":{"start":{"line":122,"column":30},"end":{"line":129,"column":3}}},"16":{"name":"(anonymous_16)","decl":{"start":{"line":124,"column":44},"end":{"line":124,"column":45}},"loc":{"start":{"line":124,"column":51},"end":{"line":124,"column":72}}},"17":{"name":"(anonymous_17)","decl":{"start":{"line":125,"column":23},"end":{"line":125,"column":24}},"loc":{"start":{"line":125,"column":30},"end":{"line":125,"column":45}}},"18":{"name":"(anonymous_18)","decl":{"start":{"line":131,"column":2},"end":{"line":131,"column":5}},"loc":{"start":{"line":131,"column":17},"end":{"line":138,"column":3}}},"19":{"name":"(anonymous_19)","decl":{"start":{"line":140,"column":2},"end":{"line":140,"column":6}},"loc":{"start":{"line":140,"column":6},"end":{"line":142,"column":3}}},"20":{"name":"(anonymous_20)","decl":{"start":{"line":144,"column":2},"end":{"line":144,"column":8}},"loc":{"start":{"line":144,"column":33},"end":{"line":146,"column":3}}},"21":{"name":"(anonymous_21)","decl":{"start":{"line":148,"column":2},"end":{"line":148,"column":8}},"loc":{"start":{"line":148,"column":14},"end":{"line":150,"column":3}}},"22":{"name":"(anonymous_22)","decl":{"start":{"line":156,"column":2},"end":{"line":156,"column":null}},"loc":{"start":{"line":156,"column":2},"end":{"line":158,"column":3}}},"23":{"name":"(anonymous_23)","decl":{"start":{"line":160,"column":2},"end":{"line":160,"column":14}},"loc":{"start":{"line":160,"column":33},"end":{"line":165,"column":3}}},"24":{"name":"(anonymous_24)","decl":{"start":{"line":167,"column":2},"end":{"line":167,"column":9}},"loc":{"start":{"line":167,"column":21},"end":{"line":169,"column":3}}},"25":{"name":"(anonymous_25)","decl":{"start":{"line":171,"column":2},"end":{"line":171,"column":9}},"loc":{"start":{"line":171,"column":36},"end":{"line":173,"column":3}}},"26":{"name":"(anonymous_26)","decl":{"start":{"line":175,"column":2},"end":{"line":175,"column":11}},"loc":{"start":{"line":175,"column":38},"end":{"line":177,"column":3}}},"27":{"name":"(anonymous_27)","decl":{"start":{"line":179,"column":2},"end":{"line":179,"column":12}},"loc":{"start":{"line":179,"column":40},"end":{"line":181,"column":3}}},"28":{"name":"(anonymous_28)","decl":{"start":{"line":183,"column":2},"end":{"line":183,"column":11}},"loc":{"start":{"line":183,"column":38},"end":{"line":185,"column":3}}},"29":{"name":"(anonymous_29)","decl":{"start":{"line":187,"column":2},"end":{"line":187,"column":13}},"loc":{"start":{"line":187,"column":42},"end":{"line":189,"column":3}}},"30":{"name":"(anonymous_30)","decl":{"start":{"line":191,"column":2},"end":{"line":191,"column":14}},"loc":{"start":{"line":191,"column":43},"end":{"line":193,"column":3}}},"31":{"name":"(anonymous_31)","decl":{"start":{"line":195,"column":2},"end":{"line":195,"column":16}},"loc":{"start":{"line":195,"column":45},"end":{"line":197,"column":3}}},"32":{"name":"(anonymous_32)","decl":{"start":{"line":199,"column":2},"end":{"line":199,"column":17}},"loc":{"start":{"line":199,"column":47},"end":{"line":201,"column":3}}},"33":{"name":"(anonymous_33)","decl":{"start":{"line":203,"column":2},"end":{"line":203,"column":16}},"loc":{"start":{"line":203,"column":45},"end":{"line":205,"column":3}}},"34":{"name":"(anonymous_34)","decl":{"start":{"line":207,"column":2},"end":{"line":207,"column":18}},"loc":{"start":{"line":207,"column":49},"end":{"line":209,"column":3}}},"35":{"name":"(anonymous_35)","decl":{"start":{"line":208,"column":35},"end":{"line":208,"column":36}},"loc":{"start":{"line":208,"column":42},"end":{"line":208,"column":52}}},"36":{"name":"(anonymous_36)","decl":{"start":{"line":211,"column":2},"end":{"line":211,"column":7}},"loc":{"start":{"line":211,"column":7},"end":{"line":218,"column":3}}},"37":{"name":"(anonymous_37)","decl":{"start":{"line":213,"column":26},"end":{"line":213,"column":27}},"loc":{"start":{"line":213,"column":54},"end":{"line":215,"column":5}}},"38":{"name":"(anonymous_38)","decl":{"start":{"line":220,"column":10},"end":{"line":220,"column":13}},"loc":{"start":{"line":220,"column":37},"end":{"line":223,"column":3}}},"39":{"name":"(anonymous_39)","decl":{"start":{"line":225,"column":2},"end":{"line":225,"column":8}},"loc":{"start":{"line":225,"column":20},"end":{"line":228,"column":3}}}},"branchMap":{"0":{"loc":{"start":{"line":53,"column":4},"end":{"line":57,"column":5}},"type":"if","locations":[{"start":{"line":53,"column":4},"end":{"line":57,"column":5}},{"start":{"line":55,"column":11},"end":{"line":57,"column":5}}]},"1":{"loc":{"start":{"line":66,"column":4},"end":{"line":70,"column":5}},"type":"if","locations":[{"start":{"line":66,"column":4},"end":{"line":70,"column":5}},{"start":{"line":68,"column":11},"end":{"line":70,"column":5}}]},"2":{"loc":{"start":{"line":75,"column":4},"end":{"line":79,"column":5}},"type":"if","locations":[{"start":{"line":75,"column":4},"end":{"line":79,"column":5}},{"start":{"line":77,"column":11},"end":{"line":79,"column":5}}]},"3":{"loc":{"start":{"line":84,"column":4},"end":{"line":88,"column":5}},"type":"if","locations":[{"start":{"line":84,"column":4},"end":{"line":88,"column":5}},{"start":{"line":86,"column":11},"end":{"line":88,"column":5}}]},"4":{"loc":{"start":{"line":93,"column":4},"end":{"line":97,"column":5}},"type":"if","locations":[{"start":{"line":93,"column":4},"end":{"line":97,"column":5}},{"start":{"line":95,"column":11},"end":{"line":97,"column":5}}]},"5":{"loc":{"start":{"line":93,"column":8},"end":{"line":93,"column":73}},"type":"binary-expr","locations":[{"start":{"line":93,"column":8},"end":{"line":93,"column":28}},{"start":{"line":93,"column":32},"end":{"line":93,"column":73}}]},"6":{"loc":{"start":{"line":106,"column":4},"end":{"line":110,"column":5}},"type":"if","locations":[{"start":{"line":106,"column":4},"end":{"line":110,"column":5}},{"start":{"line":108,"column":11},"end":{"line":110,"column":5}}]},"7":{"loc":{"start":{"line":106,"column":8},"end":{"line":106,"column":74}},"type":"binary-expr","locations":[{"start":{"line":106,"column":8},"end":{"line":106,"column":28}},{"start":{"line":106,"column":32},"end":{"line":106,"column":74}}]},"8":{"loc":{"start":{"line":115,"column":4},"end":{"line":119,"column":5}},"type":"if","locations":[{"start":{"line":115,"column":4},"end":{"line":119,"column":5}},{"start":{"line":117,"column":11},"end":{"line":119,"column":5}}]},"9":{"loc":{"start":{"line":115,"column":8},"end":{"line":115,"column":73}},"type":"binary-expr","locations":[{"start":{"line":115,"column":8},"end":{"line":115,"column":28}},{"start":{"line":115,"column":32},"end":{"line":115,"column":73}}]},"10":{"loc":{"start":{"line":124,"column":4},"end":{"line":128,"column":5}},"type":"if","locations":[{"start":{"line":124,"column":4},"end":{"line":128,"column":5}},{"start":{"line":126,"column":11},"end":{"line":128,"column":5}}]},"11":{"loc":{"start":{"line":124,"column":8},"end":{"line":124,"column":73}},"type":"binary-expr","locations":[{"start":{"line":124,"column":8},"end":{"line":124,"column":28}},{"start":{"line":124,"column":32},"end":{"line":124,"column":73}}]},"12":{"loc":{"start":{"line":133,"column":4},"end":{"line":137,"column":5}},"type":"if","locations":[{"start":{"line":133,"column":4},"end":{"line":137,"column":5}},{"start":{"line":135,"column":11},"end":{"line":137,"column":5}}]}},"s":{"0":1,"1":0,"2":0,"3":0,"4":0,"5":0,"6":0,"7":0,"8":0,"9":0,"10":0,"11":0,"12":0,"13":0,"14":0,"15":0,"16":0,"17":0,"18":0,"19":0,"20":0,"21":0,"22":0,"23":0,"24":0,"25":0,"26":0,"27":0,"28":0,"29":0,"30":0,"31":0,"32":0,"33":0,"34":0,"35":0,"36":0,"37":0,"38":0,"39":0,"40":0,"41":0,"42":0,"43":0,"44":0,"45":0,"46":0,"47":0,"48":0,"49":1,"50":1,"51":0,"52":0,"53":0,"54":0,"55":0,"56":0,"57":0,"58":0,"59":0,"60":0,"61":0,"62":0,"63":0,"64":0,"65":0,"66":0,"67":0,"68":0,"69":0,"70":0,"71":0,"72":0,"73":0,"74":0,"75":1},"f":{"0":1,"1":0,"2":0,"3":0,"4":0,"5":0,"6":0,"7":0,"8":0,"9":0,"10":0,"11":0,"12":0,"13":0,"14":0,"15":0,"16":0,"17":0,"18":0,"19":0,"20":0,"21":0,"22":0,"23":0,"24":0,"25":0,"26":0,"27":0,"28":0,"29":0,"30":0,"31":0,"32":0,"33":0,"34":0,"35":0,"36":0,"37":0,"38":0,"39":0},"b":{"0":[0,0],"1":[0,0],"2":[0,0],"3":[0,0],"4":[0,0],"5":[0,0],"6":[0,0],"7":[0,0],"8":[0,0],"9":[0,0],"10":[0,0],"11":[0,0],"12":[0,0]}}
}
