TN:
SF:src/utils.ts
FN:4,(anonymous_0)
FN:6,(anonymous_1)
FN:13,(anonymous_2)
FNF:3
FNH:2
FNDA:1,(anonymous_0)
FNDA:1,(anonymous_1)
FNDA:0,(anonymous_2)
DA:1,1
DA:3,1
DA:7,1
DA:8,1
DA:10,1
DA:14,0
LF:6
LH:5
BRDA:7,0,0,1
BRF:1
BRH:1
end_of_record
TN:
SF:src/client/Client.ts
FN:14,(anonymous_9)
FN:22,(anonymous_10)
FN:26,(anonymous_11)
FN:34,(anonymous_12)
FN:38,(anonymous_13)
FN:45,(anonymous_14)
FN:48,(anonymous_15)
FN:51,(anonymous_16)
FN:56,(anonymous_17)
FN:67,(anonymous_18)
FN:74,(anonymous_19)
FN:77,(anonymous_20)
FN:80,(anonymous_21)
FN:85,(anonymous_22)
FN:96,(anonymous_23)
FN:104,(anonymous_24)
FN:107,(anonymous_25)
FN:110,(anonymous_26)
FN:115,(anonymous_27)
FNF:19
FNH:5
FNDA:1,(anonymous_9)
FNDA:0,(anonymous_10)
FNDA:0,(anonymous_11)
FNDA:1,(anonymous_12)
FNDA:0,(anonymous_13)
FNDA:0,(anonymous_14)
FNDA:0,(anonymous_15)
FNDA:0,(anonymous_16)
FNDA:0,(anonymous_17)
FNDA:1,(anonymous_18)
FNDA:1,(anonymous_19)
FNDA:1,(anonymous_20)
FNDA:0,(anonymous_21)
FNDA:0,(anonymous_22)
FNDA:0,(anonymous_23)
FNDA:0,(anonymous_24)
FNDA:0,(anonymous_25)
FNDA:0,(anonymous_26)
FNDA:0,(anonymous_27)
DA:1,1
DA:3,1
DA:4,1
DA:6,1
DA:11,1
DA:15,1
DA:16,1
DA:17,1
DA:18,1
DA:19,1
DA:23,0
DA:27,0
DA:28,0
DA:30,0
DA:35,1
DA:39,0
DA:44,0
DA:45,0
DA:46,0
DA:49,0
DA:52,0
DA:57,0
DA:58,0
DA:59,0
DA:60,0
DA:68,1
DA:74,1
DA:75,1
DA:78,1
DA:81,0
DA:86,0
DA:87,0
DA:88,0
DA:89,0
DA:97,0
DA:104,0
DA:105,0
DA:108,0
DA:111,0
DA:116,0
DA:117,0
DA:118,0
DA:119,0
LF:43
LH:15
BRDA:57,0,0,0
BRDA:57,0,1,0
BRDA:59,1,0,0
BRDA:86,2,0,0
BRDA:86,2,1,0
BRDA:88,3,0,0
BRDA:116,4,0,0
BRDA:116,4,1,0
BRDA:118,5,0,0
BRF:9
BRH:0
end_of_record
TN:
SF:src/client/client_builder.ts
FN:8,(anonymous_9)
FN:12,(anonymous_10)
FN:23,(anonymous_11)
FN:48,(anonymous_12)
FN:52,(anonymous_13)
FN:72,(anonymous_14)
FN:99,(anonymous_15)
FN:103,(anonymous_16)
FN:107,(anonymous_17)
FN:111,(anonymous_18)
FN:115,(anonymous_19)
FN:119,(anonymous_20)
FN:123,(anonymous_21)
FN:127,(anonymous_22)
FN:134,(anonymous_23)
FN:138,(anonymous_24)
FN:142,(anonymous_25)
FN:146,(anonymous_26)
FN:154,(anonymous_27)
FN:166,(anonymous_28)
FNF:20
FNH:10
FNDA:1,(anonymous_9)
FNDA:1,(anonymous_10)
FNDA:0,(anonymous_11)
FNDA:0,(anonymous_12)
FNDA:1,(anonymous_13)
FNDA:1,(anonymous_14)
FNDA:0,(anonymous_15)
FNDA:0,(anonymous_16)
FNDA:1,(anonymous_17)
FNDA:0,(anonymous_18)
FNDA:0,(anonymous_19)
FNDA:0,(anonymous_20)
FNDA:0,(anonymous_21)
FNDA:1,(anonymous_22)
FNDA:0,(anonymous_23)
FNDA:0,(anonymous_24)
FNDA:1,(anonymous_25)
FNDA:1,(anonymous_26)
FNDA:1,(anonymous_27)
FNDA:1,(anonymous_28)
DA:1,1
DA:2,1
DA:3,1
DA:4,1
DA:5,1
DA:6,1
DA:8,1
DA:10,1
DA:13,1
DA:15,1
DA:16,1
DA:17,0
DA:19,1
DA:20,1
DA:21,0
DA:23,1
DA:24,0
DA:25,0
DA:26,0
DA:27,0
DA:28,0
DA:29,0
DA:30,0
DA:31,0
DA:32,0
DA:33,0
DA:35,0
DA:36,0
DA:38,0
DA:39,0
DA:40,0
DA:41,0
DA:42,0
DA:45,1
DA:49,0
DA:53,1
DA:58,1
DA:64,1
DA:85,1
DA:86,1
DA:87,1
DA:88,1
DA:89,1
DA:90,1
DA:91,1
DA:92,1
DA:93,1
DA:94,1
DA:95,1
DA:96,1
DA:100,0
DA:104,0
DA:108,1
DA:112,0
DA:116,0
DA:120,0
DA:124,0
DA:128,1
DA:129,1
DA:131,1
DA:135,0
DA:139,0
DA:143,1
DA:147,1
DA:151,1
DA:155,1
DA:156,0
DA:157,0
DA:159,0
DA:162,1
DA:167,1
DA:168,1
DA:170,1
LF:73
LH:42
BRDA:16,0,0,0
BRDA:20,1,0,0
BRDA:25,2,0,0
BRDA:25,2,1,0
BRDA:25,2,2,0
BRDA:25,2,3,0
BRDA:25,2,4,0
BRDA:25,2,5,0
BRDA:25,2,6,0
BRDA:35,3,0,0
BRDA:75,4,0,1
BRDA:76,5,0,1
BRDA:77,6,0,1
BRDA:78,7,0,1
BRDA:79,8,0,1
BRDA:80,9,0,1
BRDA:81,10,0,1
BRDA:82,11,0,1
BRDA:83,12,0,1
BRDA:84,13,0,1
BRDA:128,14,0,1
BRDA:155,15,0,0
BRDA:155,15,1,1
BRDA:156,16,0,0
BRDA:156,16,1,0
BRF:25
BRH:12
end_of_record
TN:
SF:src/gen/spark/connect/base_pb.ts
FN:299,(anonymous_0)
FN:2252,(anonymous_1)
FN:2860,(anonymous_2)
FNF:3
FNH:3
FNDA:1,(anonymous_0)
FNDA:1,(anonymous_1)
FNDA:1,(anonymous_2)
DA:22,1
DA:24,1
DA:26,1
DA:28,1
DA:30,1
DA:32,1
DA:34,1
DA:40,1
DA:74,1
DA:109,1
DA:244,1
DA:263,1
DA:291,1
DA:299,1
DA:303,1
DA:310,1
DA:321,1
DA:328,1
DA:335,1
DA:342,1
DA:348,1
DA:374,1
DA:393,1
DA:412,1
DA:431,1
DA:444,1
DA:463,1
DA:491,1
DA:510,1
DA:536,1
DA:562,1
DA:581,1
DA:693,1
DA:710,1
DA:727,1
DA:744,1
DA:761,1
DA:778,1
DA:797,1
DA:814,1
DA:831,1
DA:848,1
DA:865,1
DA:878,1
DA:891,1
DA:910,1
DA:999,1
DA:1030,1
DA:1200,1
DA:1220,1
DA:1255,1
DA:1272,1
DA:1304,1
DA:1331,1
DA:1363,1
DA:1380,1
DA:1408,1
DA:1445,1
DA:1473,1
DA:1532,1
DA:1591,1
DA:1610,1
DA:1629,1
DA:1648,1
DA:1667,1
DA:1686,1
DA:1705,1
DA:1724,1
DA:1771,1
DA:1855,1
DA:1883,1
DA:1917,1
DA:1936,1
DA:1982,1
DA:2020,1
DA:2048,1
DA:2112,1
DA:2149,1
DA:2168,1
DA:2246,1
DA:2252,1
DA:2256,1
DA:2263,1
DA:2270,1
DA:2277,1
DA:2283,1
DA:2319,1
DA:2345,1
DA:2419,1
DA:2496,1
DA:2512,1
DA:2535,1
DA:2573,1
DA:2614,1
DA:2643,1
DA:2698,1
DA:2739,1
DA:2779,1
DA:2852,1
DA:2860,1
DA:2864,1
DA:2869,1
DA:2875,1
DA:2918,1
DA:2968,1
DA:2987,1
DA:2995,1
LF:107
LH:107
BRDA:299,0,0,1
BRDA:299,0,1,1
BRDA:2252,1,0,1
BRDA:2252,1,1,1
BRDA:2860,2,0,1
BRDA:2860,2,1,1
BRF:6
BRH:6
end_of_record
TN:
SF:src/gen/spark/connect/catalog_pb.ts
FNF:0
FNH:0
DA:22,1
DA:24,1
DA:26,1
DA:32,1
DA:207,1
DA:222,1
DA:243,1
DA:264,1
DA:292,1
DA:320,1
DA:348,1
DA:369,1
DA:397,1
DA:425,1
DA:446,1
DA:474,1
DA:502,1
DA:552,1
DA:609,1
DA:630,1
DA:651,1
DA:672,1
DA:693,1
DA:721,1
DA:742,1
DA:757,1
DA:778,1
DA:799,1
DA:814,1
DA:835,1
DA:856,1
LF:31
LH:31
BRF:0
BRH:0
end_of_record
TN:
SF:src/gen/spark/connect/commands_pb.ts
FN:400,(anonymous_0)
FN:448,(anonymous_1)
FN:563,(anonymous_2)
FN:1693,(anonymous_3)
FNF:4
FNH:4
FNDA:1,(anonymous_0)
FNDA:1,(anonymous_1)
FNDA:1,(anonymous_2)
FNDA:1,(anonymous_3)
DA:22,1
DA:24,1
DA:26,1
DA:28,1
DA:30,1
DA:36,1
DA:161,1
DA:229,1
DA:274,1
DA:368,1
DA:394,1
DA:400,1
DA:404,1
DA:409,1
DA:414,1
DA:420,1
DA:442,1
DA:448,1
DA:452,1
DA:457,1
DA:462,1
DA:467,1
DA:472,1
DA:478,1
DA:557,1
DA:563,1
DA:567,1
DA:572,1
DA:577,1
DA:582,1
DA:587,1
DA:592,1
DA:597,1
DA:603,1
DA:715,1
DA:744,1
DA:777,1
DA:811,1
DA:903,1
DA:923,1
DA:940,1
DA:996,1
DA:1030,1
DA:1049,1
DA:1068,1
DA:1102,1
DA:1119,1
DA:1196,1
DA:1215,1
DA:1242,1
DA:1303,1
DA:1320,1
DA:1346,1
DA:1363,1
DA:1380,1
DA:1399,1
DA:1434,1
DA:1462,1
DA:1484,1
DA:1499,1
DA:1518,1
DA:1539,1
DA:1560,1
DA:1581,1
DA:1622,1
DA:1683,1
DA:1693,1
DA:1697,1
DA:1702,1
DA:1707,1
DA:1712,1
DA:1718,1
LF:72
LH:72
BRDA:400,0,0,1
BRDA:400,0,1,1
BRDA:448,1,0,1
BRDA:448,1,1,1
BRDA:563,2,0,1
BRDA:563,2,1,1
BRDA:1693,3,0,1
BRDA:1693,3,1,1
BRF:8
BRH:8
end_of_record
TN:
SF:src/gen/spark/connect/common_pb.ts
FNF:0
FNH:0
DA:22,1
DA:28,1
DA:77,1
DA:106,1
DA:148,1
DA:177,1
DA:205,1
DA:230,1
DA:256,1
LF:9
LH:9
BRF:0
BRH:0
end_of_record
TN:
SF:src/gen/spark/connect/expressions_pb.ts
FN:310,(anonymous_0)
FN:377,(anonymous_1)
FN:403,(anonymous_2)
FN:476,(anonymous_3)
FN:1435,(anonymous_4)
FNF:5
FNH:5
FNDA:1,(anonymous_0)
FNDA:1,(anonymous_1)
FNDA:1,(anonymous_2)
FNDA:1,(anonymous_3)
FNDA:1,(anonymous_4)
DA:22,1
DA:24,1
DA:26,1
DA:28,1
DA:34,1
DA:182,1
DA:226,1
DA:261,1
DA:304,1
DA:310,1
DA:314,1
DA:321,1
DA:329,1
DA:335,1
DA:371,1
DA:377,1
DA:381,1
DA:386,1
DA:391,1
DA:397,1
DA:403,1
DA:407,1
DA:412,1
DA:417,1
DA:423,1
DA:470,1
DA:476,1
DA:480,1
DA:485,1
DA:490,1
DA:495,1
DA:501,1
DA:644,1
DA:678,1
DA:705,1
DA:727,1
DA:759,1
DA:781,1
DA:818,1
DA:864,1
DA:885,1
DA:916,1
DA:945,1
DA:975,1
DA:1012,1
DA:1047,1
DA:1076,1
DA:1095,1
DA:1114,1
DA:1172,1
DA:1219,1
DA:1266,1
DA:1299,1
DA:1318,1
DA:1344,1
DA:1370,1
DA:1403,1
DA:1429,1
DA:1435,1
DA:1439,1
DA:1444,1
DA:1449,1
DA:1454,1
DA:1459,1
DA:1464,1
DA:1470,1
LF:66
LH:66
BRDA:310,0,0,1
BRDA:310,0,1,1
BRDA:377,1,0,1
BRDA:377,1,1,1
BRDA:403,2,0,1
BRDA:403,2,1,1
BRDA:476,3,0,1
BRDA:476,3,1,1
BRDA:1435,4,0,1
BRDA:1435,4,1,1
BRF:10
BRH:10
end_of_record
TN:
SF:src/gen/spark/connect/relations_pb.ts
FN:828,(anonymous_0)
FN:942,(anonymous_1)
FN:1162,(anonymous_2)
FN:3013,(anonymous_3)
FNF:4
FNH:4
FNDA:1,(anonymous_0)
FNDA:1,(anonymous_1)
FNDA:1,(anonymous_2)
FNDA:1,(anonymous_3)
DA:22,1
DA:24,1
DA:26,1
DA:28,1
DA:30,1
DA:32,1
DA:38,1
DA:410,1
DA:425,1
DA:461,1
DA:514,1
DA:550,1
DA:589,1
DA:615,1
DA:670,1
DA:703,1
DA:732,1
DA:796,1
DA:822,1
DA:828,1
DA:832,1
DA:837,1
DA:842,1
DA:847,1
DA:852,1
DA:857,1
DA:862,1
DA:867,1
DA:873,1
DA:936,1
DA:942,1
DA:946,1
DA:951,1
DA:956,1
DA:961,1
DA:967,1
DA:995,1
DA:1024,1
DA:1052,1
DA:1108,1
DA:1137,1
DA:1156,1
DA:1162,1
DA:1166,1
DA:1171,1
DA:1176,1
DA:1181,1
DA:1186,1
DA:1191,1
DA:1197,1
DA:1232,1
DA:1267,1
DA:1314,1
DA:1347,1
DA:1368,1
DA:1389,1
DA:1449,1
DA:1492,1
DA:1527,1
DA:1562,1
DA:1606,1
DA:1643,1
DA:1686,1
DA:1716,1
DA:1757,1
DA:1793,1
DA:1839,1
DA:1889,1
DA:1927,1
DA:1976,1
DA:2002,1
DA:2048,1
DA:2093,1
DA:2132,1
DA:2162,1
DA:2193,1
DA:2232,1
DA:2258,1
DA:2294,1
DA:2327,1
DA:2366,1
DA:2415,1
DA:2432,1
DA:2463,1
DA:2489,1
DA:2517,1
DA:2550,1
DA:2590,1
DA:2666,1
DA:2727,1
DA:2788,1
DA:2834,1
DA:2874,1
DA:2906,1
DA:2932,1
DA:2967,1
DA:3007,1
DA:3013,1
DA:3017,1
DA:3022,1
DA:3027,1
DA:3033,1
DA:3125,1
LF:103
LH:103
BRDA:828,0,0,1
BRDA:828,0,1,1
BRDA:942,1,0,1
BRDA:942,1,1,1
BRDA:1162,2,0,1
BRDA:1162,2,1,1
BRDA:3013,3,0,1
BRDA:3013,3,1,1
BRF:8
BRH:8
end_of_record
TN:
SF:src/gen/spark/connect/types_pb.ts
FNF:0
FNH:0
DA:22,1
DA:28,1
DA:212,1
DA:229,1
DA:246,1
DA:263,1
DA:280,1
DA:297,1
DA:314,1
DA:331,1
DA:353,1
DA:370,1
DA:387,1
DA:404,1
DA:421,1
DA:438,1
DA:455,1
DA:482,1
DA:509,1
DA:533,1
DA:555,1
DA:582,1
DA:614,1
DA:636,1
DA:663,1
DA:695,1
DA:712,1
DA:749,1
DA:768,1
LF:29
LH:29
BRF:0
BRH:0
end_of_record
TN:
SF:src/org/apache/spark/sql/data_frame.ts
FN:28,(anonymous_16)
FN:33,(anonymous_17)
FN:38,(anonymous_19)
FN:40,(anonymous_20)
FNF:4
FNH:0
FNDA:0,(anonymous_16)
FNDA:0,(anonymous_17)
FNDA:0,(anonymous_19)
FNDA:0,(anonymous_20)
DA:18,1
DA:19,1
DA:22,1
DA:24,1
DA:29,0
DA:30,0
DA:34,0
DA:38,0
DA:39,0
DA:42,0
DA:43,0
DA:45,0
LF:12
LH:4
BRDA:42,0,0,0
BRDA:42,0,1,0
BRDA:42,1,0,0
BRDA:42,1,1,0
BRF:4
BRH:0
end_of_record
TN:
SF:src/org/apache/spark/sql/runtime_config.ts
FN:9,(anonymous_16)
FN:13,(anonymous_17)
FN:17,(anonymous_19)
FN:25,(anonymous_20)
FN:26,(anonymous_22)
FN:32,(anonymous_23)
FN:40,(anonymous_24)
FN:44,(anonymous_26)
FN:52,(anonymous_27)
FN:53,(anonymous_29)
FN:55,(anonymous_30)
FN:60,(anonymous_31)
FN:66,(anonymous_33)
FN:76,(anonymous_34)
FN:83,(anonymous_35)
FN:93,(anonymous_36)
FN:95,(anonymous_38)
FN:100,(anonymous_39)
FN:102,(anonymous_40)
FN:109,(anonymous_41)
FN:113,(anonymous_43)
FN:127,(anonymous_44)
FNF:22
FNH:5
FNDA:1,(anonymous_16)
FNDA:0,(anonymous_17)
FNDA:0,(anonymous_19)
FNDA:1,(anonymous_20)
FNDA:3,(anonymous_22)
FNDA:1,(anonymous_23)
FNDA:0,(anonymous_24)
FNDA:0,(anonymous_26)
FNDA:0,(anonymous_27)
FNDA:0,(anonymous_29)
FNDA:0,(anonymous_30)
FNDA:0,(anonymous_31)
FNDA:0,(anonymous_33)
FNDA:0,(anonymous_34)
FNDA:0,(anonymous_35)
FNDA:0,(anonymous_36)
FNDA:0,(anonymous_38)
FNDA:0,(anonymous_39)
FNDA:0,(anonymous_40)
FNDA:0,(anonymous_41)
FNDA:0,(anonymous_43)
FNDA:1,(anonymous_44)
DA:1,1
DA:3,1
DA:5,1
DA:6,1
DA:7,1
DA:10,1
DA:14,0
DA:17,0
DA:18,0
DA:26,1
DA:27,3
DA:29,1
DA:32,1
DA:33,1
DA:41,0
DA:44,0
DA:45,0
DA:53,0
DA:54,0
DA:56,0
DA:62,0
DA:63,0
DA:66,0
DA:67,0
DA:73,0
DA:76,0
DA:77,0
DA:83,0
DA:85,0
DA:86,0
DA:88,0
DA:94,0
DA:95,0
DA:96,0
DA:101,0
DA:102,0
DA:103,0
DA:105,0
DA:110,0
DA:113,0
DA:114,0
DA:119,0
DA:121,0
DA:122,0
DA:124,0
DA:128,1
DA:129,1
DA:130,1
DA:131,1
LF:49
LH:15
BRDA:62,0,0,0
BRDA:62,0,1,0
BRDA:85,1,0,0
BRDA:85,1,1,0
BRDA:121,2,0,0
BRF:5
BRH:0
end_of_record
TN:
SF:src/org/apache/spark/sql/spark_session.ts
FN:20,(anonymous_16)
FN:25,(anonymous_17)
FN:27,(anonymous_18)
FN:29,(anonymous_19)
FN:31,(anonymous_20)
FN:33,(anonymous_22)
FN:38,(anonymous_23)
FN:45,(anonymous_24)
FN:53,(anonymous_25)
FN:56,(anonymous_26)
FN:61,(anonymous_27)
FN:69,(anonymous_28)
FN:92,(anonymous_29)
FN:94,(anonymous_30)
FN:99,(anonymous_31)
FN:104,(anonymous_32)
FN:109,(anonymous_33)
FN:113,(anonymous_34)
FN:121,(anonymous_36)
FNF:19
FNH:9
FNDA:1,(anonymous_16)
FNDA:1,(anonymous_17)
FNDA:0,(anonymous_18)
FNDA:0,(anonymous_19)
FNDA:0,(anonymous_20)
FNDA:0,(anonymous_22)
FNDA:0,(anonymous_23)
FNDA:0,(anonymous_24)
FNDA:1,(anonymous_25)
FNDA:0,(anonymous_26)
FNDA:0,(anonymous_27)
FNDA:0,(anonymous_28)
FNDA:1,(anonymous_29)
FNDA:3,(anonymous_30)
FNDA:1,(anonymous_31)
FNDA:0,(anonymous_32)
FNDA:1,(anonymous_33)
FNDA:1,(anonymous_34)
FNDA:1,(anonymous_36)
DA:1,1
DA:2,1
DA:3,1
DA:4,1
DA:5,1
DA:7,1
DA:8,1
DA:9,1
DA:14,1
DA:16,1
DA:21,1
DA:22,1
DA:25,1
DA:27,0
DA:29,0
DA:32,0
DA:33,0
DA:34,0
DA:39,0
DA:40,0
DA:41,0
DA:43,0
DA:46,0
DA:47,0
DA:50,0
DA:53,1
DA:57,0
DA:58,0
DA:62,0
DA:68,0
DA:69,0
DA:70,0
DA:71,0
DA:75,0
DA:76,0
DA:77,0
DA:78,0
DA:79,0
DA:82,0
DA:89,1
DA:90,1
DA:95,3
DA:96,3
DA:100,1
DA:101,1
DA:106,0
DA:110,1
DA:114,1
DA:115,1
DA:116,1
DA:117,0
DA:122,1
LF:52
LH:25
BRDA:32,0,0,0
BRDA:39,1,0,0
BRDA:39,1,1,0
BRDA:50,2,0,0
BRDA:50,2,1,0
BRDA:75,3,0,0
BRDA:75,3,1,0
BRDA:75,4,0,0
BRDA:75,4,1,0
BRDA:99,5,0,0
BRDA:104,6,0,0
BRDA:109,7,0,0
BRF:12
BRH:0
end_of_record
TN:
SF:src/org/apache/spark/sql/types/ArrayType.ts
FN:24,(anonymous_0)
FN:30,(anonymous_1)
FN:34,(anonymous_2)
FN:38,(anonymous_3)
FN:42,(anonymous_4)
FN:46,(anonymous_5)
FNF:6
FNH:0
FNDA:0,(anonymous_0)
FNDA:0,(anonymous_1)
FNDA:0,(anonymous_2)
FNDA:0,(anonymous_3)
FNDA:0,(anonymous_4)
FNDA:0,(anonymous_5)
DA:18,1
DA:20,1
DA:25,0
DA:26,0
DA:27,0
DA:31,0
DA:35,0
DA:39,0
DA:43,0
DA:47,0
LF:10
LH:2
BRF:0
BRH:0
end_of_record
TN:
SF:src/org/apache/spark/sql/types/BinaryType.ts
FN:21,(anonymous_0)
FN:23,(anonymous_1)
FN:27,(anonymous_2)
FNF:3
FNH:1
FNDA:1,(anonymous_0)
FNDA:0,(anonymous_1)
FNDA:0,(anonymous_2)
DA:18,1
DA:20,1
DA:21,1
DA:24,0
DA:28,0
DA:31,1
LF:6
LH:4
BRF:0
BRH:0
end_of_record
TN:
SF:src/org/apache/spark/sql/types/BooleanType.ts
FN:21,(anonymous_0)
FN:23,(anonymous_1)
FNF:2
FNH:1
FNDA:1,(anonymous_0)
FNDA:0,(anonymous_1)
DA:18,1
DA:20,1
DA:21,1
DA:24,0
DA:27,1
LF:5
LH:4
BRF:0
BRH:0
end_of_record
TN:
SF:src/org/apache/spark/sql/types/ByteType.ts
FN:21,(anonymous_0)
FN:22,(anonymous_1)
FN:26,(anonymous_2)
FNF:3
FNH:1
FNDA:1,(anonymous_0)
FNDA:0,(anonymous_1)
FNDA:0,(anonymous_2)
DA:18,1
DA:20,1
DA:21,1
DA:23,0
DA:27,0
DA:30,1
LF:6
LH:4
BRF:0
BRH:0
end_of_record
TN:
SF:src/org/apache/spark/sql/types/CalendarIntervalType.ts
FN:22,(anonymous_0)
FN:24,(anonymous_1)
FN:28,(anonymous_2)
FNF:3
FNH:1
FNDA:1,(anonymous_0)
FNDA:0,(anonymous_1)
FNDA:0,(anonymous_2)
DA:18,1
DA:21,1
DA:22,1
DA:25,0
DA:29,0
DA:32,1
LF:6
LH:4
BRF:0
BRH:0
end_of_record
TN:
SF:src/org/apache/spark/sql/types/CharType.ts
FN:23,(anonymous_0)
FN:31,(anonymous_1)
FN:35,(anonymous_2)
FN:39,(anonymous_3)
FNF:4
FNH:0
FNDA:0,(anonymous_0)
FNDA:0,(anonymous_1)
FNDA:0,(anonymous_2)
FNDA:0,(anonymous_3)
DA:18,1
DA:20,1
DA:24,0
DA:25,0
DA:26,0
DA:28,0
DA:32,0
DA:36,0
DA:40,0
DA:43,1
LF:10
LH:3
BRDA:25,0,0,0
BRF:1
BRH:0
end_of_record
TN:
SF:src/org/apache/spark/sql/types/DataTypes.ts
FN:67,(anonymous_0)
FN:79,(anonymous_1)
FN:82,(anonymous_2)
FN:93,(anonymous_3)
FN:101,(anonymous_4)
FN:110,(anonymous_5)
FN:114,(anonymous_6)
FN:118,(anonymous_7)
FN:126,(anonymous_8)
FN:130,(anonymous_9)
FN:135,(anonymous_10)
FN:192,(anonymous_11)
FNF:12
FNH:0
FNDA:0,(anonymous_0)
FNDA:0,(anonymous_1)
FNDA:0,(anonymous_2)
FNDA:0,(anonymous_3)
FNDA:0,(anonymous_4)
FNDA:0,(anonymous_5)
FNDA:0,(anonymous_6)
FNDA:0,(anonymous_7)
FNDA:0,(anonymous_8)
FNDA:0,(anonymous_9)
FNDA:0,(anonymous_10)
FNDA:0,(anonymous_11)
DA:18,1
DA:19,1
DA:20,1
DA:21,1
DA:22,1
DA:23,1
DA:24,1
DA:25,1
DA:26,1
DA:27,1
DA:28,1
DA:29,1
DA:30,1
DA:31,1
DA:32,1
DA:33,1
DA:35,1
DA:36,1
DA:37,1
DA:38,1
DA:39,1
DA:40,1
DA:41,1
DA:42,1
DA:43,1
DA:44,1
DA:55,1
DA:56,1
DA:58,1
DA:60,1
DA:61,1
DA:62,1
DA:63,1
DA:65,1
DA:66,1
DA:68,0
DA:69,0
DA:70,0
DA:71,0
DA:73,0
DA:77,1
DA:78,1
DA:80,0
DA:83,0
DA:85,1
DA:88,1
DA:89,1
DA:90,1
DA:92,1
DA:96,0
DA:97,0
DA:99,0
DA:104,0
DA:105,0
DA:107,0
DA:111,0
DA:115,0
DA:123,0
DA:127,0
DA:131,0
DA:136,0
DA:139,0
DA:141,0
DA:143,0
DA:145,0
DA:147,0
DA:149,0
DA:151,0
DA:153,0
DA:155,0
DA:157,0
DA:159,0
DA:161,0
DA:163,0
DA:165,0
DA:167,0
DA:169,0
DA:171,0
DA:173,0
DA:175,0
DA:177,0
DA:179,0
DA:180,0
DA:182,0
DA:183,0
DA:184,0
DA:187,0
DA:188,0
DA:189,0
DA:190,0
DA:192,0
DA:193,0
DA:195,0
DA:197,0
LF:94
LH:42
BRDA:68,0,0,0
BRDA:68,0,1,0
BRDA:68,1,0,0
BRDA:68,1,1,0
BRDA:70,2,0,0
BRDA:70,2,1,0
BRDA:70,3,0,0
BRDA:70,3,1,0
BRDA:94,4,0,0
BRDA:95,5,0,0
BRDA:96,6,0,0
BRDA:96,7,0,0
BRDA:96,7,1,0
BRDA:102,8,0,0
BRDA:103,9,0,0
BRDA:104,10,0,0
BRDA:104,11,0,0
BRDA:104,11,1,0
BRDA:110,12,0,0
BRDA:114,13,0,0
BRDA:122,14,0,0
BRDA:136,15,0,0
BRDA:136,15,1,0
BRDA:136,15,2,0
BRDA:136,15,3,0
BRDA:136,15,4,0
BRDA:136,15,5,0
BRDA:136,15,6,0
BRDA:136,15,7,0
BRDA:136,15,8,0
BRDA:136,15,9,0
BRDA:136,15,10,0
BRDA:136,15,11,0
BRDA:136,15,12,0
BRDA:136,15,13,0
BRDA:136,15,14,0
BRDA:136,15,15,0
BRDA:136,15,16,0
BRDA:136,15,17,0
BRDA:136,15,18,0
BRDA:136,15,19,0
BRDA:136,15,20,0
BRDA:136,15,21,0
BRDA:136,15,22,0
BRDA:136,15,23,0
BRDA:136,15,24,0
BRDA:136,15,25,0
BRDA:136,15,26,0
BRDA:179,16,0,0
BRDA:179,16,1,0
BRDA:187,17,0,0
BRDA:187,17,1,0
BRDA:188,18,0,0
BRDA:188,18,1,0
BRF:54
BRH:0
end_of_record
TN:
SF:src/org/apache/spark/sql/types/DateType.ts
FN:21,(anonymous_0)
FN:23,(anonymous_1)
FNF:2
FNH:1
FNDA:1,(anonymous_0)
FNDA:0,(anonymous_1)
DA:18,1
DA:20,1
DA:21,1
DA:24,0
DA:27,1
LF:5
LH:4
BRF:0
BRH:0
end_of_record
TN:
SF:src/org/apache/spark/sql/types/DayTimeIntervalType.ts
FN:24,(anonymous_0)
FN:35,(anonymous_1)
FN:39,(anonymous_2)
FN:47,(anonymous_3)
FNF:4
FNH:1
FNDA:1,(anonymous_0)
FNDA:0,(anonymous_1)
FNDA:0,(anonymous_2)
FNDA:0,(anonymous_3)
DA:18,1
DA:20,1
DA:27,1
DA:28,1
DA:29,0
DA:31,1
DA:32,1
DA:36,0
DA:40,0
DA:41,0
DA:43,0
DA:48,0
DA:50,0
DA:52,0
DA:54,0
DA:56,0
DA:58,0
DA:62,1
DA:63,1
DA:64,1
DA:65,1
DA:67,1
LF:22
LH:11
BRDA:25,0,0,0
BRDA:26,1,0,0
BRDA:28,2,0,0
BRDA:40,3,0,0
BRDA:40,3,1,0
BRDA:48,4,0,0
BRDA:48,4,1,0
BRDA:48,4,2,0
BRDA:48,4,3,0
BRDA:48,4,4,0
BRF:10
BRH:0
end_of_record
TN:
SF:src/org/apache/spark/sql/types/DecimalType.ts
FN:25,(anonymous_0)
FN:31,(anonymous_1)
FN:35,(anonymous_2)
FNF:3
FNH:1
FNDA:2,(anonymous_0)
FNDA:0,(anonymous_1)
FNDA:0,(anonymous_2)
DA:19,1
DA:21,1
DA:26,2
DA:27,2
DA:28,2
DA:32,0
DA:36,0
DA:39,1
DA:40,1
DA:41,1
DA:42,1
DA:43,1
LF:12
LH:10
BRDA:25,0,0,1
BRDA:25,1,0,1
BRDA:32,2,0,0
BRDA:32,2,1,0
BRF:4
BRH:2
end_of_record
TN:
SF:src/org/apache/spark/sql/types/DoubleType.ts
FN:21,(anonymous_0)
FN:23,(anonymous_1)
FNF:2
FNH:1
FNDA:1,(anonymous_0)
FNDA:0,(anonymous_1)
DA:18,1
DA:20,1
DA:21,1
DA:24,0
DA:27,1
LF:5
LH:4
BRF:0
BRH:0
end_of_record
TN:
SF:src/org/apache/spark/sql/types/FloatType.ts
FN:21,(anonymous_0)
FN:23,(anonymous_1)
FNF:2
FNH:1
FNDA:1,(anonymous_0)
FNDA:0,(anonymous_1)
DA:18,1
DA:20,1
DA:21,1
DA:24,0
DA:27,1
LF:5
LH:4
BRF:0
BRH:0
end_of_record
TN:
SF:src/org/apache/spark/sql/types/IntegerType.ts
FN:21,(anonymous_0)
FN:23,(anonymous_1)
FN:27,(anonymous_2)
FNF:3
FNH:1
FNDA:1,(anonymous_0)
FNDA:0,(anonymous_1)
FNDA:0,(anonymous_2)
DA:18,1
DA:20,1
DA:21,1
DA:24,0
DA:28,0
DA:31,1
LF:6
LH:4
BRF:0
BRH:0
end_of_record
TN:
SF:src/org/apache/spark/sql/types/LongType.ts
FN:20,(anonymous_0)
FN:22,(anonymous_1)
FN:26,(anonymous_2)
FNF:3
FNH:1
FNDA:1,(anonymous_0)
FNDA:0,(anonymous_1)
FNDA:0,(anonymous_2)
DA:17,1
DA:19,1
DA:20,1
DA:23,0
DA:27,0
DA:30,1
LF:6
LH:4
BRF:0
BRH:0
end_of_record
TN:
SF:src/org/apache/spark/sql/types/MapType.ts
FN:25,(anonymous_0)
FN:32,(anonymous_1)
FN:36,(anonymous_2)
FN:40,(anonymous_3)
FN:44,(anonymous_4)
FN:48,(anonymous_5)
FNF:6
FNH:0
FNDA:0,(anonymous_0)
FNDA:0,(anonymous_1)
FNDA:0,(anonymous_2)
FNDA:0,(anonymous_3)
FNDA:0,(anonymous_4)
FNDA:0,(anonymous_5)
DA:18,1
DA:20,1
DA:26,0
DA:27,0
DA:28,0
DA:29,0
DA:33,0
DA:37,0
DA:41,0
DA:45,0
DA:49,0
LF:11
LH:2
BRF:0
BRH:0
end_of_record
TN:
SF:src/org/apache/spark/sql/types/NullType.ts
FN:21,(anonymous_0)
FN:23,(anonymous_1)
FN:27,(anonymous_2)
FNF:3
FNH:1
FNDA:1,(anonymous_0)
FNDA:0,(anonymous_1)
FNDA:0,(anonymous_2)
DA:18,1
DA:20,1
DA:21,1
DA:24,0
DA:28,0
DA:31,1
LF:6
LH:4
BRF:0
BRH:0
end_of_record
TN:
SF:src/org/apache/spark/sql/types/ShortType.ts
FN:21,(anonymous_0)
FN:23,(anonymous_1)
FN:27,(anonymous_2)
FNF:3
FNH:1
FNDA:1,(anonymous_0)
FNDA:0,(anonymous_1)
FNDA:0,(anonymous_2)
DA:18,1
DA:20,1
DA:21,1
DA:24,0
DA:28,0
DA:31,1
LF:6
LH:4
BRF:0
BRH:0
end_of_record
TN:
SF:src/org/apache/spark/sql/types/StringType.ts
FN:23,(anonymous_0)
FN:28,(anonymous_1)
FN:33,(anonymous_2)
FN:37,(anonymous_3)
FN:41,(anonymous_4)
FNF:5
FNH:1
FNDA:2,(anonymous_0)
FNDA:0,(anonymous_1)
FNDA:0,(anonymous_2)
FNDA:0,(anonymous_3)
FNDA:0,(anonymous_4)
DA:18,1
DA:20,1
DA:24,2
DA:25,2
DA:29,0
DA:34,0
DA:38,0
DA:42,0
DA:45,1
LF:9
LH:5
BRDA:23,0,0,2
BRDA:38,1,0,0
BRDA:38,1,1,0
BRDA:42,2,0,0
BRDA:42,2,1,0
BRF:5
BRH:1
end_of_record
TN:
SF:src/org/apache/spark/sql/types/StructField.ts
FN:41,(anonymous_0)
FN:48,(anonymous_1)
FN:52,(anonymous_2)
FN:56,(anonymous_3)
FN:61,(anonymous_4)
FN:65,(anonymous_5)
FN:70,(anonymous_6)
FNF:7
FNH:0
FNDA:0,(anonymous_0)
FNDA:0,(anonymous_1)
FNDA:0,(anonymous_2)
FNDA:0,(anonymous_3)
FNDA:0,(anonymous_4)
FNDA:0,(anonymous_5)
FNDA:0,(anonymous_6)
DA:20,1
DA:21,1
DA:35,1
DA:42,0
DA:43,0
DA:44,0
DA:45,0
DA:49,0
DA:53,0
DA:57,0
DA:58,0
DA:62,0
DA:67,0
DA:71,0
DA:72,0
DA:74,0
DA:75,0
DA:76,0
LF:18
LH:3
BRDA:41,0,0,0
BRDA:41,1,0,0
BRDA:53,2,0,0
BRDA:53,2,1,0
BRDA:58,3,0,0
BRDA:58,3,1,0
BRDA:62,4,0,0
BRDA:62,4,1,0
BRDA:71,5,0,0
BRDA:71,5,1,0
BRDA:75,6,0,0
BRDA:75,6,1,0
BRF:12
BRH:0
end_of_record
TN:
SF:src/org/apache/spark/sql/types/StructType.ts
FN:24,(anonymous_0)
FN:29,(anonymous_1)
FN:30,(anonymous_2)
FN:30,(anonymous_3)
FN:34,(anonymous_4)
FN:35,(anonymous_5)
FN:38,(anonymous_6)
FN:39,(anonymous_7)
FN:42,(anonymous_8)
FN:43,(anonymous_9)
FN:46,(anonymous_10)
FN:47,(anonymous_11)
FN:50,(anonymous_12)
FN:54,(anonymous_13)
FN:55,(anonymous_14)
FNF:15
FNH:0
FNDA:0,(anonymous_0)
FNDA:0,(anonymous_1)
FNDA:0,(anonymous_2)
FNDA:0,(anonymous_3)
FNDA:0,(anonymous_4)
FNDA:0,(anonymous_5)
FNDA:0,(anonymous_6)
FNDA:0,(anonymous_7)
FNDA:0,(anonymous_8)
FNDA:0,(anonymous_9)
FNDA:0,(anonymous_10)
FNDA:0,(anonymous_11)
FNDA:0,(anonymous_12)
FNDA:0,(anonymous_13)
FNDA:0,(anonymous_14)
DA:18,1
DA:21,1
DA:25,0
DA:26,0
DA:30,0
DA:35,0
DA:39,0
DA:43,0
DA:47,0
DA:51,0
DA:55,0
LF:11
LH:2
BRF:0
BRH:0
end_of_record
TN:
SF:src/org/apache/spark/sql/types/TimestampNTZType.ts
FN:21,(anonymous_0)
FN:22,(anonymous_1)
FN:26,(anonymous_2)
FNF:3
FNH:1
FNDA:1,(anonymous_0)
FNDA:0,(anonymous_1)
FNDA:0,(anonymous_2)
DA:18,1
DA:20,1
DA:21,1
DA:23,0
DA:27,0
DA:30,1
LF:6
LH:4
BRF:0
BRH:0
end_of_record
TN:
SF:src/org/apache/spark/sql/types/TimestampType.ts
FN:21,(anonymous_0)
FN:22,(anonymous_1)
FNF:2
FNH:1
FNDA:1,(anonymous_0)
FNDA:0,(anonymous_1)
DA:18,1
DA:20,1
DA:21,1
DA:23,0
DA:25,1
LF:5
LH:4
BRF:0
BRH:0
end_of_record
TN:
SF:src/org/apache/spark/sql/types/UnparsedDataType.ts
FN:24,(anonymous_0)
FN:29,(anonymous_1)
FN:33,(anonymous_2)
FN:37,(anonymous_3)
FNF:4
FNH:0
FNDA:0,(anonymous_0)
FNDA:0,(anonymous_1)
FNDA:0,(anonymous_2)
FNDA:0,(anonymous_3)
DA:18,1
DA:20,1
DA:25,0
DA:26,0
DA:30,0
DA:34,0
DA:38,0
LF:7
LH:2
BRF:0
BRH:0
end_of_record
TN:
SF:src/org/apache/spark/sql/types/VarcharType.ts
FN:23,(anonymous_0)
FN:31,(anonymous_1)
FN:35,(anonymous_2)
FN:39,(anonymous_3)
FNF:4
FNH:0
FNDA:0,(anonymous_0)
FNDA:0,(anonymous_1)
FNDA:0,(anonymous_2)
FNDA:0,(anonymous_3)
DA:18,1
DA:20,1
DA:24,0
DA:25,0
DA:26,0
DA:28,0
DA:32,0
DA:36,0
DA:40,0
LF:9
LH:2
BRDA:25,0,0,0
BRF:1
BRH:0
end_of_record
TN:
SF:src/org/apache/spark/sql/types/VariantType.ts
FN:21,(anonymous_0)
FN:22,(anonymous_1)
FNF:2
FNH:1
FNDA:1,(anonymous_0)
FNDA:0,(anonymous_1)
DA:18,1
DA:20,1
DA:21,1
DA:23,0
DA:25,1
LF:5
LH:4
BRF:0
BRH:0
end_of_record
TN:
SF:src/org/apache/spark/sql/types/YearMonthIntervalType.ts
FN:25,(anonymous_0)
FN:36,(anonymous_1)
FN:40,(anonymous_2)
FN:48,(anonymous_3)
FNF:4
FNH:1
FNDA:1,(anonymous_0)
FNDA:0,(anonymous_1)
FNDA:0,(anonymous_2)
FNDA:0,(anonymous_3)
DA:18,1
DA:21,1
DA:28,1
DA:29,1
DA:30,0
DA:32,1
DA:33,1
DA:37,0
DA:41,0
DA:42,0
DA:44,0
DA:49,0
DA:51,0
DA:53,0
DA:55,0
DA:59,1
DA:60,1
DA:61,1
LF:18
LH:9
BRDA:26,0,0,0
BRDA:27,1,0,0
BRDA:29,2,0,0
BRDA:41,3,0,0
BRDA:41,3,1,0
BRDA:49,4,0,0
BRDA:49,4,1,0
BRDA:49,4,2,0
BRF:8
BRH:0
end_of_record
TN:
SF:src/org/apache/spark/sql/types/data_types.ts
FN:22,(anonymous_0)
FN:26,(anonymous_1)
FN:31,(anonymous_2)
FN:33,(anonymous_3)
FN:35,(anonymous_4)
FN:39,(anonymous_5)
FNF:6
FNH:0
FNDA:0,(anonymous_0)
FNDA:0,(anonymous_1)
FNDA:0,(anonymous_2)
FNDA:0,(anonymous_3)
FNDA:0,(anonymous_4)
FNDA:0,(anonymous_5)
DA:20,1
DA:23,0
DA:28,0
DA:31,0
DA:33,0
DA:36,0
DA:40,0
DA:44,1
DA:48,1
DA:50,1
DA:52,1
DA:54,1
LF:12
LH:6
BRF:0
BRH:0
end_of_record
TN:
SF:src/org/apache/spark/sql/types/metadata.ts
FN:39,(anonymous_0)
FN:43,(anonymous_1)
FN:47,(anonymous_2)
FN:51,(anonymous_3)
FN:60,(anonymous_4)
FN:64,(anonymous_5)
FN:73,(anonymous_6)
FN:82,(anonymous_7)
FN:91,(anonymous_8)
FN:93,(anonymous_9)
FN:100,(anonymous_10)
FN:104,(anonymous_11)
FN:106,(anonymous_12)
FN:113,(anonymous_13)
FN:115,(anonymous_14)
FN:122,(anonymous_15)
FN:124,(anonymous_16)
FN:125,(anonymous_17)
FN:131,(anonymous_18)
FN:140,(anonymous_19)
FN:144,(anonymous_20)
FN:148,(anonymous_21)
FN:156,(anonymous_22)
FN:160,(anonymous_23)
FN:167,(anonymous_24)
FN:171,(anonymous_25)
FN:175,(anonymous_26)
FN:179,(anonymous_27)
FN:183,(anonymous_28)
FN:187,(anonymous_29)
FN:191,(anonymous_30)
FN:195,(anonymous_31)
FN:199,(anonymous_32)
FN:203,(anonymous_33)
FN:207,(anonymous_34)
FN:208,(anonymous_35)
FN:211,(anonymous_36)
FN:213,(anonymous_37)
FN:220,(anonymous_38)
FN:225,(anonymous_39)
FNF:40
FNH:1
FNDA:1,(anonymous_0)
FNDA:0,(anonymous_1)
FNDA:0,(anonymous_2)
FNDA:0,(anonymous_3)
FNDA:0,(anonymous_4)
FNDA:0,(anonymous_5)
FNDA:0,(anonymous_6)
FNDA:0,(anonymous_7)
FNDA:0,(anonymous_8)
FNDA:0,(anonymous_9)
FNDA:0,(anonymous_10)
FNDA:0,(anonymous_11)
FNDA:0,(anonymous_12)
FNDA:0,(anonymous_13)
FNDA:0,(anonymous_14)
FNDA:0,(anonymous_15)
FNDA:0,(anonymous_16)
FNDA:0,(anonymous_17)
FNDA:0,(anonymous_18)
FNDA:0,(anonymous_19)
FNDA:0,(anonymous_20)
FNDA:0,(anonymous_21)
FNDA:0,(anonymous_22)
FNDA:0,(anonymous_23)
FNDA:0,(anonymous_24)
FNDA:0,(anonymous_25)
FNDA:0,(anonymous_26)
FNDA:0,(anonymous_27)
FNDA:0,(anonymous_28)
FNDA:0,(anonymous_29)
FNDA:0,(anonymous_30)
FNDA:0,(anonymous_31)
FNDA:0,(anonymous_32)
FNDA:0,(anonymous_33)
FNDA:0,(anonymous_34)
FNDA:0,(anonymous_35)
FNDA:0,(anonymous_36)
FNDA:0,(anonymous_37)
FNDA:0,(anonymous_38)
FNDA:0,(anonymous_39)
DA:35,1
DA:37,1
DA:40,1
DA:44,0
DA:48,0
DA:52,0
DA:53,0
DA:54,0
DA:56,0
DA:61,0
DA:65,0
DA:66,0
DA:67,0
DA:69,0
DA:74,0
DA:75,0
DA:76,0
DA:78,0
DA:83,0
DA:84,0
DA:85,0
DA:87,0
DA:92,0
DA:93,0
DA:94,0
DA:96,0
DA:101,0
DA:105,0
DA:106,0
DA:107,0
DA:109,0
DA:114,0
DA:115,0
DA:116,0
DA:118,0
DA:123,0
DA:124,0
DA:125,0
DA:127,0
DA:132,0
DA:133,0
DA:134,0
DA:136,0
DA:141,0
DA:145,0
DA:149,0
DA:153,1
DA:157,0
DA:161,0
DA:162,0
DA:164,0
DA:168,0
DA:172,0
DA:176,0
DA:180,0
DA:184,0
DA:188,0
DA:192,0
DA:196,0
DA:200,0
DA:204,0
DA:208,0
DA:212,0
DA:213,0
DA:214,0
DA:217,0
DA:221,0
DA:222,0
DA:226,0
DA:227,0
LF:70
LH:4
BRDA:53,0,0,0
BRDA:53,0,1,0
BRDA:66,1,0,0
BRDA:66,1,1,0
BRDA:75,2,0,0
BRDA:75,2,1,0
BRDA:84,3,0,0
BRDA:84,3,1,0
BRDA:93,4,0,0
BRDA:93,4,1,0
BRDA:93,5,0,0
BRDA:93,5,1,0
BRDA:106,6,0,0
BRDA:106,6,1,0
BRDA:106,7,0,0
BRDA:106,7,1,0
BRDA:115,8,0,0
BRDA:115,8,1,0
BRDA:115,9,0,0
BRDA:115,9,1,0
BRDA:124,10,0,0
BRDA:124,10,1,0
BRDA:124,11,0,0
BRDA:124,11,1,0
BRDA:133,12,0,0
BRDA:133,12,1,0
BRF:26
BRH:0
end_of_record
